Microsoft (R) Macro Assembler Version 6.14.8444		    05/13/23 00:27:51
dop.asm							     Page 1 - 1


				include console.inc
			      C .NOLIST
			      C .LIST
			      C ; Исключение из списка служебных слов
			      C option NoKeyWord: <c name str>
			      C 
			      C 
			      C 
			      C ;include masm32.inc
			      C 
			      C    includelib masm32.lib
			      C    includelib user32.lib
			      C    includelib kernel32.lib
			      C    includelib msvcrt.lib
			      C    includelib io_proc.lib
			      C    
			      C 
 00000019			.data
 = 00000005			L equ 5
 = 0000009B			R equ 155
 00000019  00000013 [		S db (R-L)/8+1 dup(0)
	    00
	   ]
 00000000			.code
 00000000			Start:
				    clrscr
				    ConsoleTitle 'Путнев Аркадий (гр 110) Доп задание Биты-4 (Блок 5) "МНОЖЕСТВА"'
 00000042  BB 00000019 R	    mov EBX, offset S
				    
 00000047			again:
				    inchar AL
 00000067  3C 2B		    cmp AL, '+'
 00000069  74 20		    jE plus
 0000006B  3C 2D		    cmp AL, '-'
 0000006D  74 35		    jE del
 0000006F  3C 3F		    cmp AL, '?'
 00000071  74 6E		    jE check
 00000073  3C 3D		    cmp AL, '='
 00000075  0F 84 000001EC	    jE count
 0000007B  3C 3A		    cmp AL, ':'
 0000007D  0F 84 00000277	    jE print
 00000083  3C 2E		    cmp AL, '.'
 00000085  0F 84 00000468	    jE e
				    
 0000008B			plus:
				    inint AL
 0000009C  88 03		    mov [EBX], AL
 0000009E  43			    inc EBX
 0000009F  E9 0000042D		    jmp next
				    
 000000A4			del:
				    inint AL
 000000B5  B9 00000019 R	    mov ECX, offset S
 000000BA  3A 01		@@:    cmp AL, byte ptr [ECX]
 000000BC  74 0B		    jE DelElem
 000000BE  41			    inc ECX 
 000000BF  3B CB		    cmp ECX, EBX
 000000C1  0F 84 0000040A	    jE next
 000000C7  EB F1		    jmp @B
 000000C9  C6 01 00		DelElem: mov byte ptr [ECX], 0
 000000CC  4B			    dec EBX
 000000CD  41			L1:    inc ECX
 000000CE  8A 11		    mov DL, byte ptr [ECX]
 000000D0  C6 01 00		    mov byte ptr [ECX], 0
 000000D3  80 FA 00		    cmp DL, 0
 000000D6  0F 84 000003F5	    jZ next
 000000DC  86 51 FF		    xchg DL, byte ptr [ECX-1]
 000000DF  EB EC		    jmp L1
				    
 000000E1			check:
				    inint EAX
 000000F4  B9 00000019 R	    mov ECX, offset S
 000000F9  80 39 00		@@:    cmp byte ptr [ECX], 0
 000000FC  74 0B		    jE no
 000000FE  3A 01		    cmp AL, byte ptr [ECX]
 00000100  0F 84 000000B2	    jE yes
 00000106  41			    inc ECX
 00000107  EB F0		    jmp @B
 00000109			no: outstrln 'Не входит'
 000001B3  E9 00000319		    jmp next
 000001B8			yes: outstrln 'Входит'
 00000262  E9 0000026A		    jmp next
				    
 00000267  B9 00000019 R	count: mov ECX, offset S
 0000026C  8B D3		    mov EDX, EBX
 0000026E  2B D1		    sub EDX, ECX
				    outi EDX
				    newline
 000002F5  E9 000001D7		    jmp next
				    
 000002FA  B9 00000019 R	print: mov ECX, offset S
 000002FF  3B CB		    cmp ECX, EBX
 00000301  0F 85 000000D5	    jNE LL
				    outchar ' '
				    newline
 000003D7  E9 000000F5		    jmp next
				    
 000003DC			LL:    outu byte ptr [ECX]
				    outchar ' '
 0000045A  41			    inc ECX
 0000045B  3B CB		    cmp ECX, EBX
 0000045D  0F 85 FFFFFF79	    jNE LL
				    newline
 000004CF  EB 00		    jmp next
 000004D1			next:
				    flush
 000004EE  E9 FFFFFB54		    jmp again
 000004F3			e:
				    pause
				    exit
				end Start
Microsoft (R) Macro Assembler Version 6.14.8444		    05/13/23 00:27:51
dop.asm							     Symbols 2 - 1




Macros:

                N a m e                 Type

??CheckStrToBuf  . . . . . . . .	Proc
??FindESP  . . . . . . . . . . .	Proc
??RestoreReg . . . . . . . . . .	Proc
??SaveReg  . . . . . . . . . . .	Proc
@GetCommandLine  . . . . . . . .	Func
@Random  . . . . . . . . . . . .	Func
@inchar  . . . . . . . . . . . .	Func
@inintln . . . . . . . . . . . .	Func
@inint . . . . . . . . . . . . .	Func
@readkey . . . . . . . . . . . .	Func
ChagePageAttr  . . . . . . . . .	Proc
ClrScr . . . . . . . . . . . . .	Proc
ConsoleMode  . . . . . . . . . .	Proc
ConsoleTitle . . . . . . . . . .	Proc
DOS  . . . . . . . . . . . . . .	Func
DownloadFile . . . . . . . . . .	Proc
GetConsoleTitle  . . . . . . . .	Proc
HeapBlockSize  . . . . . . . . .	Proc
InputStr . . . . . . . . . . . .	Proc
MsgBox . . . . . . . . . . . . .	Proc
NewConsole . . . . . . . . . . .	Proc
OpenFile . . . . . . . . . . . .	Proc
OutFlags . . . . . . . . . . . .	Proc
Randomize  . . . . . . . . . . .	Proc
RunExe . . . . . . . . . . . . .	Proc
SetScreenSize  . . . . . . . . .	Proc
SetTextAttr  . . . . . . . . . .	Proc
TotalHeapAllocated . . . . . . .	Proc
WhereX . . . . . . . . . . . . .	Proc
WhereY . . . . . . . . . . . . .	Proc
dispose  . . . . . . . . . . . .	Proc
exit . . . . . . . . . . . . . .	Proc
flush  . . . . . . . . . . . . .	Proc
gotoXY . . . . . . . . . . . . .	Proc
inchar . . . . . . . . . . . . .	Proc
inintln  . . . . . . . . . . . .	Proc
inint  . . . . . . . . . . . . .	Proc
newline  . . . . . . . . . . . .	Proc
new  . . . . . . . . . . . . . .	Proc
outcharln  . . . . . . . . . . .	Proc
outchar  . . . . . . . . . . . .	Proc
outdateln  . . . . . . . . . . .	Proc
outdate  . . . . . . . . . . . .	Proc
outintln . . . . . . . . . . . .	Proc
outint . . . . . . . . . . . . .	Proc
outnumln . . . . . . . . . . . .	Proc
outnum . . . . . . . . . . . . .	Proc
outstrln . . . . . . . . . . . .	Proc
outstr . . . . . . . . . . . . .	Proc
outtimeln  . . . . . . . . . . .	Proc
outtime  . . . . . . . . . . . .	Proc
outwordln  . . . . . . . . . . .	Proc
outword  . . . . . . . . . . . .	Proc
pause  . . . . . . . . . . . . .	Proc
readkey  . . . . . . . . . . . .	Proc


Structures and Unions:

                N a m e                  Size
                                         Offset      Type

CONSOLE_SCREEN_BUFFER_INFO . . .	 00000016
  dwSize . . . . . . . . . . . .	 00000000	 DWord
  dwCursorPosition . . . . . . .	 00000004	 DWord
  wAttributes  . . . . . . . . .	 00000008	 Word
  srWindow . . . . . . . . . . .	 0000000A	 QWord
  dwMaximumWindowSize  . . . . .	 00000012	 DWord
COORD  . . . . . . . . . . . . .	 00000004
  x  . . . . . . . . . . . . . .	 00000000	 Word
  y  . . . . . . . . . . . . . .	 00000002	 Word
SMALL_RECT . . . . . . . . . . .	 00000008
  Left . . . . . . . . . . . . .	 00000000	 Word
  Top  . . . . . . . . . . . . .	 00000002	 Word
  Right  . . . . . . . . . . . .	 00000004	 Word
  Bottom . . . . . . . . . . . .	 00000006	 Word
SystemTime . . . . . . . . . . .	 00000010
  wYear  . . . . . . . . . . . .	 00000000	 Word
  wMonth . . . . . . . . . . . .	 00000002	 Word
  wDayOfWeek . . . . . . . . . .	 00000004	 Word
  wDay . . . . . . . . . . . . .	 00000006	 Word
  wHour  . . . . . . . . . . . .	 00000008	 Word
  wMinute  . . . . . . . . . . .	 0000000A	 Word
  wSecond  . . . . . . . . . . .	 0000000C	 Word
  wMilliseconds  . . . . . . . .	 0000000E	 Word


Types:

                N a m e                  Size     Attr

c_msvcrt . . . . . . . . . . . .	 00000004     CODE 


Segments and Groups:

                N a m e                 Size     Length   Align   Combine Class

FLAT . . . . . . . . . . . . . .	GROUP
STACK  . . . . . . . . . . . . .	32 Bit	 00001000 Para	  Stack	  'STACK'	 
_DATA  . . . . . . . . . . . . .	32 Bit	 00000A3D Para	  Public  'DATA'	
_TEXT  . . . . . . . . . . . . .	32 Bit	 00000578 Para	  Public  'CODE'	


Procedures,  parameters and locals:

                N a m e                 Type     Value    Attr

CharToOemA . . . . . . . . . . .	P Near	 00000000 FLAT	Length= 00000000 External STDCALL
ClearScreen  . . . . . . . . . .	P Near	 00000000 FLAT	Length= 00000000 External STDCALL
CloseHandle  . . . . . . . . . .	P Near	 00000000 FLAT	Length= 00000000 External STDCALL
CreateFileA  . . . . . . . . . .	P Near	 00000000 FLAT	Length= 00000000 External STDCALL
ExitProcess  . . . . . . . . . .	P Near	 00000000 FLAT	Length= 00000000 External STDCALL
GetCommandLineA  . . . . . . . .	P Near	 00000000 FLAT	Length= 00000000 External STDCALL
GetConsoleScreenBufferInfo . . .	P Near	 00000000 FLAT	Length= 00000000 External STDCALL
GetConsoleTitleA . . . . . . . .	P Near	 00000000 FLAT	Length= 00000000 External STDCALL
GetModuleHandleA . . . . . . . .	P Near	 00000000 FLAT	Length= 00000000 External STDCALL
GetStdHandle . . . . . . . . . .	P Near	 00000000 FLAT	Length= 00000000 External STDCALL
GetSystemMetrics . . . . . . . .	P Near	 00000000 FLAT	Length= 00000000 External STDCALL
GetSystemTime  . . . . . . . . .	P Near	 00000000 FLAT	Length= 00000000 External STDCALL
GetTickCount . . . . . . . . . .	P Near	 00000000 FLAT	Length= 00000000 External STDCALL
GlobalAlloc  . . . . . . . . . .	P Near	 00000000 FLAT	Length= 00000000 External STDCALL
GlobalFree . . . . . . . . . . .	P Near	 00000000 FLAT	Length= 00000000 External STDCALL
GlobalSize . . . . . . . . . . .	P Near	 00000000 FLAT	Length= 00000000 External STDCALL
InternetGetConnectedState  . . .	P Near	 00000000 FLAT	Length= 00000000 External STDCALL
MessageBoxA  . . . . . . . . . .	P Near	 00000000 FLAT	Length= 00000000 External STDCALL
MessageBoxIndirectA  . . . . . .	P Near	 00000000 FLAT	Length= 00000000 External STDCALL
SetConsoleCtrlHandler  . . . . .	P Near	 00000000 FLAT	Length= 00000000 External STDCALL
SetConsoleCursorPosition . . . .	P Near	 00000000 FLAT	Length= 00000000 External STDCALL
SetConsoleScreenBufferSize . . .	P Near	 00000000 FLAT	Length= 00000000 External STDCALL
SetConsoleTextAttribute  . . . .	P Near	 00000000 FLAT	Length= 00000000 External STDCALL
SetConsoleTitleA . . . . . . . .	P Near	 00000000 FLAT	Length= 00000000 External STDCALL
Sleep  . . . . . . . . . . . . .	P Near	 00000000 FLAT	Length= 00000000 External STDCALL
StdIn  . . . . . . . . . . . . .	P Near	 00000000 FLAT	Length= 00000000 External STDCALL
StdOut . . . . . . . . . . . . .	P Near	 00000000 FLAT	Length= 00000000 External STDCALL
URLDownloadToFileA . . . . . . .	P Near	 00000000 FLAT	Length= 00000000 External STDCALL
VirtualProtect . . . . . . . . .	P Near	 00000000 FLAT	Length= 00000000 External STDCALL
nrandom  . . . . . . . . . . . .	P Near	 00000000 FLAT	Length= 00000000 External STDCALL
nseed  . . . . . . . . . . . . .	P Near	 00000000 FLAT	Length= 00000000 External STDCALL
shell_ex . . . . . . . . . . . .	P Near	 00000000 FLAT	Length= 00000000 External STDCALL
shell  . . . . . . . . . . . . .	P Near	 00000000 FLAT	Length= 00000000 External STDCALL
wait_key . . . . . . . . . . . .	P Near	 00000000 FLAT	Length= 00000000 External STDCALL


Symbols:

                N a m e                 Type     Value    Attr

??0000 . . . . . . . . . . . . .	Byte	 0000002D _DATA	
??0001 . . . . . . . . . . . . .	Text   	 "
??0002 . . . . . . . . . . . . .	Byte	 0000002C _DATA	
??0004 . . . . . . . . . . . . .	L Near	 00000038 _TEXT	
??0005 . . . . . . . . . . . . .	Number	 00000001h   
??0006 . . . . . . . . . . . . .	Byte	 0000006D _DATA	
??0007 . . . . . . . . . . . . .	L Near	 00000052 _TEXT	
??0009 . . . . . . . . . . . . .	DWord	 0000006F _DATA	
??000B . . . . . . . . . . . . .	DWord	 00000073 _DATA	
??000C . . . . . . . . . . . . .	Number	 00000000h   
??000D . . . . . . . . . . . . .	DWord	 00000077 _DATA	
??000E . . . . . . . . . . . . .	Byte	 00000086 _DATA	
??000F . . . . . . . . . . . . .	Byte	 0000007C _DATA	
??0010 . . . . . . . . . . . . .	Text   	 "
??0011 . . . . . . . . . . . . .	Byte	 0000007B _DATA	
??0013 . . . . . . . . . . . . .	L Near	 00000134 _TEXT	
??0014 . . . . . . . . . . . . .	Byte	 00000089 _DATA	
??0015 . . . . . . . . . . . . .	Number	 00000000h   
??0016 . . . . . . . . . . . . .	Byte	 0000008C _DATA	
??0018 . . . . . . . . . . . . .	Byte	 000001BB _DATA	
??0019 . . . . . . . . . . . . .	Byte	 0000008F _DATA	
??001A . . . . . . . . . . . . .	Text   	 o
??001B . . . . . . . . . . . . .	Byte	 0000008E _DATA	
??001C . . . . . . . . . . . . .	L Near	 00000166 _TEXT	
??001D . . . . . . . . . . . . .	L Near	 0000019C _TEXT	
??001E . . . . . . . . . . . . .	Byte	 000001C6 _DATA	
??001F . . . . . . . . . . . . .	Byte	 000001BF _DATA	
??0020 . . . . . . . . . . . . .	Text   	 "
??0021 . . . . . . . . . . . . .	Byte	 000001BE _DATA	
??0023 . . . . . . . . . . . . .	L Near	 000001E3 _TEXT	
??0024 . . . . . . . . . . . . .	Byte	 000001C9 _DATA	
??0025 . . . . . . . . . . . . .	Number	 00000000h   
??0026 . . . . . . . . . . . . .	Byte	 000001CC _DATA	
??0028 . . . . . . . . . . . . .	Byte	 000002FB _DATA	
??0029 . . . . . . . . . . . . .	Byte	 000001CF _DATA	
??002A . . . . . . . . . . . . .	Text   	 o
??002B . . . . . . . . . . . . .	Byte	 000001CE _DATA	
??002C . . . . . . . . . . . . .	L Near	 00000215 _TEXT	
??002D . . . . . . . . . . . . .	L Near	 0000024B _TEXT	
??002E . . . . . . . . . . . . .	Number	 00000001h   
??002F . . . . . . . . . . . . .	Number	 00000002h   
??0030 . . . . . . . . . . . . .	Number	 00000000h   
??0031 . . . . . . . . . . . . .	Byte	 000002FE _DATA	
??0039 . . . . . . . . . . . . .	Number	 00000004h   
??003B . . . . . . . . . . . . .	Byte	 00000301 _DATA	
??003C . . . . . . . . . . . . .	Number	 00000000h   
??003D . . . . . . . . . . . . .	Byte	 00000304 _DATA	
??003F . . . . . . . . . . . . .	Byte	 00000433 _DATA	
??0040 . . . . . . . . . . . . .	Byte	 00000307 _DATA	
??0041 . . . . . . . . . . . . .	Text   	 o
??0042 . . . . . . . . . . . . .	Byte	 00000306 _DATA	
??0043 . . . . . . . . . . . . .	L Near	 000002A8 _TEXT	
??0044 . . . . . . . . . . . . .	L Near	 000002DE _TEXT	
??0045 . . . . . . . . . . . . .	Number	 00000000h   
??0046 . . . . . . . . . . . . .	Byte	 00000436 _DATA	
??0048 . . . . . . . . . . . . .	Byte	 00000565 _DATA	
??0049 . . . . . . . . . . . . .	Byte	 00000439 _DATA	
??004A . . . . . . . . . . . . .	Text   	 o
??004B . . . . . . . . . . . . .	Byte	 00000438 _DATA	
??004C . . . . . . . . . . . . .	L Near	 00000322 _TEXT	
??004D . . . . . . . . . . . . .	L Near	 00000358 _TEXT	
??004E . . . . . . . . . . . . .	Byte	 00000568 _DATA	
??004F . . . . . . . . . . . . .	Number	 00000000h   
??0050 . . . . . . . . . . . . .	Byte	 0000056B _DATA	
??0052 . . . . . . . . . . . . .	Byte	 0000069A _DATA	
??0053 . . . . . . . . . . . . .	Byte	 0000056E _DATA	
??0054 . . . . . . . . . . . . .	Text   	 o
??0055 . . . . . . . . . . . . .	Byte	 0000056D _DATA	
??0056 . . . . . . . . . . . . .	L Near	 0000038A _TEXT	
??0057 . . . . . . . . . . . . .	L Near	 000003C0 _TEXT	
??0058 . . . . . . . . . . . . .	Number	 0000000Ch   
??0059 . . . . . . . . . . . . .	Number	 0000000Dh   
??005A . . . . . . . . . . . . .	Number	 00000000h   
??005B . . . . . . . . . . . . .	Byte	 0000069D _DATA	
??0063 . . . . . . . . . . . . .	Number	 00000001h   
??0065 . . . . . . . . . . . . .	Number	 00000000h   
??0066 . . . . . . . . . . . . .	Byte	 000006A0 _DATA	
??0068 . . . . . . . . . . . . .	Byte	 000007CF _DATA	
??0069 . . . . . . . . . . . . .	Byte	 000006A3 _DATA	
??006A . . . . . . . . . . . . .	Text   	 o
??006B . . . . . . . . . . . . .	Byte	 000006A2 _DATA	
??006C . . . . . . . . . . . . .	L Near	 00000411 _TEXT	
??006D . . . . . . . . . . . . .	L Near	 00000447 _TEXT	
??006E . . . . . . . . . . . . .	Byte	 000007D2 _DATA	
??006F . . . . . . . . . . . . .	Number	 00000000h   
??0070 . . . . . . . . . . . . .	Byte	 000007D5 _DATA	
??0072 . . . . . . . . . . . . .	Byte	 00000904 _DATA	
??0073 . . . . . . . . . . . . .	Byte	 000007D8 _DATA	
??0074 . . . . . . . . . . . . .	Text   	 o
??0075 . . . . . . . . . . . . .	Byte	 000007D7 _DATA	
??0076 . . . . . . . . . . . . .	L Near	 00000482 _TEXT	
??0077 . . . . . . . . . . . . .	L Near	 000004B8 _TEXT	
??0078 . . . . . . . . . . . . .	Byte	 00000907 _DATA	
??0079 . . . . . . . . . . . . .	L Near	 000004D5 _TEXT	
??007A . . . . . . . . . . . . .	Byte	 00000908 _DATA	
??007B . . . . . . . . . . . . .	Number	 00000000h   
??007C . . . . . . . . . . . . .	Byte	 0000090B _DATA	
??007E . . . . . . . . . . . . .	Byte	 00000A3A _DATA	
??007F . . . . . . . . . . . . .	Byte	 0000090E _DATA	
??0080 . . . . . . . . . . . . .	Text   	 o
??0081 . . . . . . . . . . . . .	Byte	 0000090D _DATA	
??0082 . . . . . . . . . . . . .	L Near	 0000051F _TEXT	
??0083 . . . . . . . . . . . . .	L Near	 00000555 _TEXT	
??CommonHeapElemSize . . . . . .	DWord	 00000004 _DATA	
??ConsoleMode  . . . . . . . . .	Byte	 00000008 _DATA	
??TotalHeapAllocated . . . . . .	DWord	 00000000 _DATA	
??sTime  . . . . . . . . . . . .	SystemTime  00000009 _DATA	
@CodeSize  . . . . . . . . . . .	Number	 00000000h   
@DOS . . . . . . . . . . . . . .	Text   	 DOS
@DataSize  . . . . . . . . . . .	Number	 00000000h   
@INCHAR  . . . . . . . . . . . .	Text   	 @inchar
@ININTLN . . . . . . . . . . . .	Text   	 @inintln
@ININT . . . . . . . . . . . . .	Text   	 @inint
@InChar  . . . . . . . . . . . .	Text   	 @inchar
@InInt . . . . . . . . . . . . .	Text   	 @inint
@Inchar  . . . . . . . . . . . .	Text   	 @inchar
@InintLn . . . . . . . . . . . .	Text   	 @inintln
@Inintln . . . . . . . . . . . .	Text   	 @inintln
@Inint . . . . . . . . . . . . .	Text   	 @inint
@Interface . . . . . . . . . . .	Number	 00000003h   
@Model . . . . . . . . . . . . .	Number	 00000007h   
@READKEY . . . . . . . . . . . .	Text   	 @readkey
@ReadKey . . . . . . . . . . . .	Text   	 @readkey
@code  . . . . . . . . . . . . .	Text   	 _TEXT
@data  . . . . . . . . . . . . .	Text   	 FLAT
@dos . . . . . . . . . . . . . .	Text   	 DOS
@fardata?  . . . . . . . . . . .	Text   	 FLAT
@fardata . . . . . . . . . . . .	Text   	 FLAT
@random  . . . . . . . . . . . .	Text   	 @Random
@stack . . . . . . . . . . . . .	Text   	 FLAT
AllocConsole@0 . . . . . . . . .	L Near	 00000000 FLAT	External STDCALL
Black  . . . . . . . . . . . . .	Number	 00000000h   
Blue . . . . . . . . . . . . . .	Number	 00000001h   
Bright . . . . . . . . . . . . .	Number	 00000008h   
Brown  . . . . . . . . . . . . .	Number	 00000006h   
CLRSCR . . . . . . . . . . . . .	Text   	 ClrScr
CREATE_ALWAYS  . . . . . . . . .	Number	 00000002h   
CREATE_NEW . . . . . . . . . . .	Number	 00000001h   
CharToOem  . . . . . . . . . . .	Text   	 CharToOemA
Cls  . . . . . . . . . . . . . .	Text   	 ClrScr
CreateFile . . . . . . . . . . .	Text   	 CreateFileA
Cyan . . . . . . . . . . . . . .	Number	 00000003h   
DISPOSE  . . . . . . . . . . . .	Text   	 dispose
DarkGray . . . . . . . . . . . .	Number	 00000008h   
DelElem  . . . . . . . . . . . .	L Near	 000000C9 _TEXT	
Dispose  . . . . . . . . . . . .	Text   	 dispose
EXIT . . . . . . . . . . . . . .	Text   	 exit
Exit . . . . . . . . . . . . . .	Text   	 exit
FILE_ATTRIBUTE_ARCHIVE . . . . .	Number	 00000020h   
FILE_ATTRIBUTE_COMPRESSED  . . .	Number	 00000800h   
FILE_ATTRIBUTE_DIRECTORY . . . .	Number	 00000010h   
FILE_ATTRIBUTE_HIDDEN  . . . . .	Number	 00000002h   
FILE_ATTRIBUTE_NORMAL  . . . . .	Number	 00000080h   
FILE_ATTRIBUTE_READONLY  . . . .	Number	 00000001h   
FILE_ATTRIBUTE_SYSTEM  . . . . .	Number	 00000004h   
FILE_ATTRIBUTE_TEMPORARY . . . .	Number	 00000100h   
FLUSH  . . . . . . . . . . . . .	Text   	 flush
Flush  . . . . . . . . . . . . .	Text   	 flush
FreeConsole@0  . . . . . . . . .	L Near	 00000000 FLAT	External STDCALL
GENERIC_ALL  . . . . . . . . . .	Number	 10000000h   
GENERIC_EXECUTE  . . . . . . . .	Number	 20000000h   
GENERIC_READ . . . . . . . . . .	Number	 -80000000h   
GENERIC_WRITE  . . . . . . . . .	Number	 40000000h   
GMEM_FIXED . . . . . . . . . . .	Number	 00000000h   
GMEM_ZEROINIT  . . . . . . . . .	Number	 00000040h   
GOTOXY . . . . . . . . . . . . .	Text   	 gotoXY
GetModuleHandle  . . . . . . . .	Text   	 GetModuleHandleA
GotoXY . . . . . . . . . . . . .	Text   	 gotoXY
Green  . . . . . . . . . . . . .	Number	 00000002h   
IDABORT  . . . . . . . . . . . .	Number	 00000003h   
IDCANCEL . . . . . . . . . . . .	Number	 00000002h   
IDIGNORE . . . . . . . . . . . .	Number	 00000005h   
IDNO . . . . . . . . . . . . . .	Number	 00000007h   
IDOK . . . . . . . . . . . . . .	Number	 00000001h   
IDRETRY  . . . . . . . . . . . .	Number	 00000004h   
IDYES  . . . . . . . . . . . . .	Number	 00000006h   
INCHAR . . . . . . . . . . . . .	Text   	 inchar
ININTLN  . . . . . . . . . . . .	Text   	 inintln
ININT  . . . . . . . . . . . . .	Text   	 inint
INPUTSTR . . . . . . . . . . . .	Text   	 InputStr
InChar . . . . . . . . . . . . .	Text   	 inchar
InInt  . . . . . . . . . . . . .	Text   	 inint
Inchar . . . . . . . . . . . . .	Text   	 inchar
InintLn  . . . . . . . . . . . .	Text   	 inintln
Inintln  . . . . . . . . . . . .	Text   	 inintln
Inint  . . . . . . . . . . . . .	Text   	 inint
L1 . . . . . . . . . . . . . . .	L Near	 000000CD _TEXT	
LANG_NEUTRAL . . . . . . . . . .	Number	 00000000h   
LL . . . . . . . . . . . . . . .	L Near	 000003DC _TEXT	
LightBlue  . . . . . . . . . . .	Number	 00000009h   
LightGray  . . . . . . . . . . .	Number	 00000007h   
LightGreen . . . . . . . . . . .	Number	 0000000Ah   
LightMagenta . . . . . . . . . .	Number	 0000000Dh   
LightRed . . . . . . . . . . . .	Number	 0000000Ch   
L  . . . . . . . . . . . . . . .	Number	 00000005h   
MB_ABORTRETRYIGNORE  . . . . . .	Number	 00000002h   
MB_CANCELTRYCONTINUE . . . . . .	Number	 00000006h   
MB_DEFBUTTON1  . . . . . . . . .	Number	 00000000h   
MB_DEFBUTTON2  . . . . . . . . .	Number	 00000100h   
MB_DEFBUTTON3  . . . . . . . . .	Number	 00000200h   
MB_DEFBUTTON4  . . . . . . . . .	Number	 00000300h   
MB_HELP  . . . . . . . . . . . .	Number	 00004000h   
MB_ICONASTERISK  . . . . . . . .	Number	 00000040h   
MB_ICONEXCLAMATION . . . . . . .	Number	 00000030h   
MB_ICONHAND  . . . . . . . . . .	Number	 00000008h   
MB_ICONQUESTION  . . . . . . . .	Number	 00000020h   
MB_ICONSTOP  . . . . . . . . . .	Number	 00000010h   
MB_OKCANCEL  . . . . . . . . . .	Number	 00000001h   
MB_OK  . . . . . . . . . . . . .	Number	 00000000h   
MB_RETRYCANCEL . . . . . . . . .	Number	 00000005h   
MB_RIGHT . . . . . . . . . . . .	Number	 00080000h   
MB_SYSTEMMODAL . . . . . . . . .	Number	 00001000h   
MB_USERICON  . . . . . . . . . .	Number	 00000080h   
MB_YESNOCANCEL . . . . . . . . .	Number	 00000003h   
MB_YESNO . . . . . . . . . . . .	Number	 00000004h   
MSGBOX . . . . . . . . . . . . .	Text   	 MsgBox
Magenta  . . . . . . . . . . . .	Number	 00000005h   
MessageBoxIndirect . . . . . . .	Text   	 MessageBoxIndirectA
MessageBox . . . . . . . . . . .	Text   	 MessageBoxA
NEWLINE  . . . . . . . . . . . .	Text   	 newline
NEW  . . . . . . . . . . . . . .	Text   	 new
NULL . . . . . . . . . . . . . .	Number	 00000000h   
NewLine  . . . . . . . . . . . .	Text   	 newline
Newline  . . . . . . . . . . . .	Text   	 newline
New  . . . . . . . . . . . . . .	Text   	 new
OPEN_ALWAYS  . . . . . . . . . .	Number	 00000004h   
OPEN_EXISTING  . . . . . . . . .	Number	 00000003h   
OUTCHARLN  . . . . . . . . . . .	Text   	 outcharln
OUTCHAR  . . . . . . . . . . . .	Text   	 outchar
OUTCH  . . . . . . . . . . . . .	Text   	 outchar
OUTCLN . . . . . . . . . . . . .	Text   	 outcharln
OUTDATELN  . . . . . . . . . . .	Text   	 outdateln
OUTDATE  . . . . . . . . . . . .	Text   	 outdate
OUTINTLN . . . . . . . . . . . .	Text   	 outintln
OUTINT . . . . . . . . . . . . .	Text   	 outint
OUTI . . . . . . . . . . . . . .	Text   	 outint
OUTSTRLN . . . . . . . . . . . .	Text   	 outstrln
OUTSTR . . . . . . . . . . . . .	Text   	 outstr
OUTTIMELN  . . . . . . . . . . .	Text   	 outtimeln
OUTTIME  . . . . . . . . . . . .	Text   	 outtime
OUTU . . . . . . . . . . . . . .	Text   	 outword
OUTWORDLN  . . . . . . . . . . .	Text   	 outwordln
OUTWORD  . . . . . . . . . . . .	Text   	 outword
OutCharLn  . . . . . . . . . . .	Text   	 outcharln
OutCharln  . . . . . . . . . . .	Text   	 outcharln
OutChar  . . . . . . . . . . . .	Text   	 outchar
OutDateLn  . . . . . . . . . . .	Text   	 outdateln
OutDateln  . . . . . . . . . . .	Text   	 outdateln
OutDate  . . . . . . . . . . . .	Text   	 outdate
OutILn . . . . . . . . . . . . .	Text   	 outintln
OutIln . . . . . . . . . . . . .	Text   	 outintln
OutIntLn . . . . . . . . . . . .	Text   	 outintln
OutInt . . . . . . . . . . . . .	Text   	 outint
OutI . . . . . . . . . . . . . .	Text   	 outint
OutNumLn . . . . . . . . . . . .	Text   	 outnumln
OutNumln . . . . . . . . . . . .	Text   	 outnumln
OutNum . . . . . . . . . . . . .	Text   	 outnum
OutStrLn . . . . . . . . . . . .	Text   	 outstrln
OutStr . . . . . . . . . . . . .	Text   	 outstr
OutTimeLn  . . . . . . . . . . .	Text   	 outtimeln
OutTimeln  . . . . . . . . . . .	Text   	 outtimeln
OutTime  . . . . . . . . . . . .	Text   	 outtime
OutULn . . . . . . . . . . . . .	Text   	 outwordln
OutUln . . . . . . . . . . . . .	Text   	 outwordln
OutUnsignedLn  . . . . . . . . .	Text   	 outwordln
OutUnsignedln  . . . . . . . . .	Text   	 outwordln
OutUnsigned  . . . . . . . . . .	Text   	 outword
OutU . . . . . . . . . . . . . .	Text   	 outword
OutWordLn  . . . . . . . . . . .	Text   	 outwordln
OutWord  . . . . . . . . . . . .	Text   	 outword
OutintLn . . . . . . . . . . . .	Text   	 outintln
Outintln . . . . . . . . . . . .	Text   	 outintln
Outint . . . . . . . . . . . . .	Text   	 outint
OutstrLn . . . . . . . . . . . .	Text   	 outstrln
OutwordLn  . . . . . . . . . . .	Text   	 outwordln
Outword  . . . . . . . . . . . .	Text   	 outword
PAGE_EXECUTE_READWRITE . . . . .	Number	 00000040h   
PAGE_EXECUTE_READ  . . . . . . .	Number	 00000020h   
PAGE_EXECUTE_WRITECOPY . . . . .	Number	 00000080h   
PAGE_EXECUTE . . . . . . . . . .	Number	 00000010h   
PAGE_NOACCESS  . . . . . . . . .	Number	 00000001h   
PAGE_READONLY  . . . . . . . . .	Number	 00000002h   
PAGE_READWRITE . . . . . . . . .	Number	 00000004h   
PAGE_WRITECOPY . . . . . . . . .	Number	 00000008h   
PAUSE  . . . . . . . . . . . . .	Text   	 pause
Pause  . . . . . . . . . . . . .	Text   	 pause
READKEY  . . . . . . . . . . . .	Text   	 readkey
ReadKey  . . . . . . . . . . . .	Text   	 readkey
Red  . . . . . . . . . . . . . .	Number	 00000004h   
R  . . . . . . . . . . . . . . .	Number	 0000009Bh   
STD_ERROR_HANDLE . . . . . . . .	Number	 -0000000Ch   
STD_INPUT_HANDLE . . . . . . . .	Number	 -0000000Ah   
STD_OUTPUT_HANDLE  . . . . . . .	Number	 -0000000Bh   
SetConsoleTitle  . . . . . . . .	Text   	 SetConsoleTitleA
Start  . . . . . . . . . . . . .	L Near	 00000000 _TEXT	Public STDCALL
S  . . . . . . . . . . . . . . .	Byte	 00000019 _DATA	
TRUNCATE_EXISTING  . . . . . . .	Number	 00000005h   
URLDownloadToFile  . . . . . . .	Text   	 URLDownloadToFileA
White  . . . . . . . . . . . . .	Number	 0000000Fh   
Yellow . . . . . . . . . . . . .	Number	 0000000Eh   
_imp___exit  . . . . . . . . . .	DWord	 00000000 FLAT	External STDCALL
_imp__printf . . . . . . . . . .	DWord	 00000000 FLAT	External STDCALL
_imp__sprintf  . . . . . . . . .	DWord	 00000000 FLAT	External STDCALL
again  . . . . . . . . . . . . .	L Near	 00000047 _TEXT	
black  . . . . . . . . . . . . .	Number	 00000000h   
blue . . . . . . . . . . . . . .	Number	 00000001h   
bright . . . . . . . . . . . . .	Number	 00000008h   
brown  . . . . . . . . . . . . .	Number	 00000006h   
check  . . . . . . . . . . . . .	L Near	 000000E1 _TEXT	
clrscr . . . . . . . . . . . . .	Text   	 ClrScr
count  . . . . . . . . . . . . .	L Near	 00000267 _TEXT	
crt__exit  . . . . . . . . . . .	Text   	 _imp___exit
crt_printf . . . . . . . . . . .	Text   	 _imp__printf
crt_sprintf  . . . . . . . . . .	Text   	 _imp__sprintf
cyan . . . . . . . . . . . . . .	Number	 00000003h   
darkgray . . . . . . . . . . . .	Number	 00000008h   
del  . . . . . . . . . . . . . .	L Near	 000000A4 _TEXT	
dos  . . . . . . . . . . . . . .	Text   	 DOS
downloadfile . . . . . . . . . .	Text   	 DownloadFile
e  . . . . . . . . . . . . . . .	L Near	 000004F3 _TEXT	
gotoxy . . . . . . . . . . . . .	Text   	 gotoXY
green  . . . . . . . . . . . . .	Number	 00000002h   
heapblocksize  . . . . . . . . .	Text   	 HeapBlockSize
inint_proc@0 . . . . . . . . . .	L Near	 00000000 FLAT	External STDCALL
inputstr . . . . . . . . . . . .	Text   	 InputStr
lightblue  . . . . . . . . . . .	Number	 00000009h   
lightgray  . . . . . . . . . . .	Number	 00000007h   
lightgreen . . . . . . . . . . .	Number	 0000000Ah   
lightmagenta . . . . . . . . . .	Number	 0000000Dh   
lightred . . . . . . . . . . . .	Number	 0000000Ch   
magenta  . . . . . . . . . . . .	Number	 00000005h   
msgbox . . . . . . . . . . . . .	Text   	 MsgBox
next . . . . . . . . . . . . . .	L Near	 000004D1 _TEXT	
nil  . . . . . . . . . . . . . .	DWord 	 00000000h   
no . . . . . . . . . . . . . . .	L Near	 00000109 _TEXT	
outch  . . . . . . . . . . . . .	Text   	 outchar
outintLn . . . . . . . . . . . .	Text   	 outintln
outi . . . . . . . . . . . . . .	Text   	 outint
outu . . . . . . . . . . . . . .	Text   	 outword
outwordLn  . . . . . . . . . . .	Text   	 outwordln
plus . . . . . . . . . . . . . .	L Near	 0000008B _TEXT	
print  . . . . . . . . . . . . .	L Near	 000002FA _TEXT	
randomize  . . . . . . . . . . .	Text   	 Randomize
red  . . . . . . . . . . . . . .	Number	 00000004h   
settextattr  . . . . . . . . . .	Text   	 SetTextAttr
whereX . . . . . . . . . . . . .	Text   	 WhereX
whereY . . . . . . . . . . . . .	Text   	 WhereY
wherex . . . . . . . . . . . . .	Text   	 WhereX
wherey . . . . . . . . . . . . .	Text   	 WhereY
white  . . . . . . . . . . . . .	Number	 0000000Fh   
yellow . . . . . . . . . . . . .	Number	 0000000Eh   
yes  . . . . . . . . . . . . . .	L Near	 000001B8 _TEXT	

	   0 Warnings
	   0 Errors
