Microsoft (R) Macro Assembler Version 6.14.8444		    05/12/23 18:03:35
m2.asm							     Page 1 - 1


				comment *
				-------------------------------------------------------------------
				¬џ’ќƒ-5 («адача_2, головной модуль) 
				-------------------------------------------------------------------
				*

				include console.inc
			      C .NOLIST
			      C .LIST
			      C ; »сключение из списка служебных слов
			      C option NoKeyWord: <c name str>
			      C 
			      C 
			      C 
			      C ;include masm32.inc
			      C 
			      C    includelib masm32.lib
			      C    includelib user32.lib
			      C    includelib kernel32.lib
			      C    includelib msvcrt.lib
			      C    includelib io_proc.lib
			      C    
			      C 

				extern In_text@0: proc, Out_text@0: proc, Find_min_word@0: proc
 00000019			.data
				; ¬ секцию данных ничего не добавл€ть и ничего в ней не мен€ть !!!
 = 00000005			N  	 equ 5                        ; количество слов
 = 00000006			K  	 equ 6                        ; длина одного слова
 00000019  0000001E [		Arr_of_words db N*K dup(?), 0     ; массив из N слов (по K букв каждое)
	    00
	   ] 00
				; ЌќЋ№ в конце этого символьного массива полезен дл€ отладки этапа 1, т к можно
				; с помощью "outstrln offset Arr_of_words" проверить правильно ли введены слова
				; (содержимое массива будет напечатано в одну строку, слова сольютс€...)
 00000000			.code

 00000000			Start:	;------------- этап 1 -------(40 очков)-----------------------------
					ConsoleTitle " ‘јћ»Ћ»я______ »ћя______    «јƒј„ј_2 (этап 1) (выход-5)"
					outword N,,"¬ведите “≈ —“ из "
					outstrln " слов,"
					outword K,,"в каждом —Ћќ¬≈ - по "
					outstrln " символов,"
					outstrln "слова отдел€йте друг от друга нажатием ENTER:"
					
					; действи€ по вызову процедуры In_text:
 000002E7  B8 00000019 R		mov EAX, offset Arr_of_words
 000002EC  BB 00000005			mov EBX, N
 000002F1  B9 00000006			mov ECX, K
					
 000002F6  51				push ECX
 000002F7  53				push EBX
 000002F8  50				push EAX
 000002F9  E8 00000000 E		call In_text@0
					
				    ; здесь дл€ контрол€ правильности этапа 1 можете поставить тестовый вывод:
				    ; outstrln offset Arr_of_words
					newline
					    ; ставьте exit в том месте, где хотите закончить работу программы
					;--------------- этап 2 ---------(30 очков)---------------------------------
					outstrln "¬аш текст, преобразованный к верхнему регистру:"
					; действи€ по вызову процедуры Out_text:
 00000414  51				push ECX
 00000415  53				push EBX
 00000416  50				push EAX
 00000417  E8 00000000 E		call Out_text@0
					
				    
					newline
					
					;---------------- этап 3 ---------(50-60 очков)------------------------------
					outstrln "—лово, лексикографически предшествующее всем остальным:"
					; действи€ по вызову процедуры Find_min_word:
 00000532  51				push ECX
 00000533  53				push EBX
 00000534  50				push EAX
 00000535  E8 00000000 E		call Find_min_word@0

					
				         ; нужно при сдаче по email
				    exit
				end Start


				comment ~
				-----------------------------------------------------------------------
				“≈—“џ (вводить копированием по одному слову!!!):
				-----------------------------------------------------------------------
				zxCvbN
				ZxccCc
				zxbBBb
				CbbbBB
				cBBbba

				----------------------------------------------------------------------
				»Ќ—“–” ÷»я ѕќ –ј«–јЅќ“ ≈ Ё“ќ… ƒ¬”’ћќƒ”Ћ№Ќќ… ѕ–ќ√–јћћџ:
				----------------------------------------------------------------------
				»спользовать:
				пакетный файл prompt1.bat дл€ запуска окна командной строки. 

				ƒл€ трансл€ции этого модул€ (m2.asm) выполнить (из командной строки):
				ml /c /coff /Fl m2.asm

				ƒл€ трансл€ции вспомогательного модул€ (u2.asm) выполнить:
				ml /c /coff /Fl u2.asm

				ƒл€ сборки (линковки) двух модулей выполнить:
				link /subsystem:console m2.obj u2.obj 

				ƒл€ запуска готовой программы на счЄт выполнить:
				m2

				~
Microsoft (R) Macro Assembler Version 6.14.8444		    05/12/23 18:03:35
m2.asm							     Symbols 2 - 1




Macros:

                N a m e                 Type

??CheckStrToBuf  . . . . . . . .	Proc
??FindESP  . . . . . . . . . . .	Proc
??RestoreReg . . . . . . . . . .	Proc
??SaveReg  . . . . . . . . . . .	Proc
@GetCommandLine  . . . . . . . .	Func
@Random  . . . . . . . . . . . .	Func
@inchar  . . . . . . . . . . . .	Func
@inintln . . . . . . . . . . . .	Func
@inint . . . . . . . . . . . . .	Func
@readkey . . . . . . . . . . . .	Func
ChagePageAttr  . . . . . . . . .	Proc
ClrScr . . . . . . . . . . . . .	Proc
ConsoleMode  . . . . . . . . . .	Proc
ConsoleTitle . . . . . . . . . .	Proc
DOS  . . . . . . . . . . . . . .	Func
DownloadFile . . . . . . . . . .	Proc
GetConsoleTitle  . . . . . . . .	Proc
HeapBlockSize  . . . . . . . . .	Proc
InputStr . . . . . . . . . . . .	Proc
MsgBox . . . . . . . . . . . . .	Proc
NewConsole . . . . . . . . . . .	Proc
OpenFile . . . . . . . . . . . .	Proc
OutFlags . . . . . . . . . . . .	Proc
Randomize  . . . . . . . . . . .	Proc
RunExe . . . . . . . . . . . . .	Proc
SetScreenSize  . . . . . . . . .	Proc
SetTextAttr  . . . . . . . . . .	Proc
TotalHeapAllocated . . . . . . .	Proc
WhereX . . . . . . . . . . . . .	Proc
WhereY . . . . . . . . . . . . .	Proc
dispose  . . . . . . . . . . . .	Proc
exit . . . . . . . . . . . . . .	Proc
flush  . . . . . . . . . . . . .	Proc
gotoXY . . . . . . . . . . . . .	Proc
inchar . . . . . . . . . . . . .	Proc
inintln  . . . . . . . . . . . .	Proc
inint  . . . . . . . . . . . . .	Proc
newline  . . . . . . . . . . . .	Proc
new  . . . . . . . . . . . . . .	Proc
outcharln  . . . . . . . . . . .	Proc
outchar  . . . . . . . . . . . .	Proc
outdateln  . . . . . . . . . . .	Proc
outdate  . . . . . . . . . . . .	Proc
outintln . . . . . . . . . . . .	Proc
outint . . . . . . . . . . . . .	Proc
outnumln . . . . . . . . . . . .	Proc
outnum . . . . . . . . . . . . .	Proc
outstrln . . . . . . . . . . . .	Proc
outstr . . . . . . . . . . . . .	Proc
outtimeln  . . . . . . . . . . .	Proc
outtime  . . . . . . . . . . . .	Proc
outwordln  . . . . . . . . . . .	Proc
outword  . . . . . . . . . . . .	Proc
pause  . . . . . . . . . . . . .	Proc
readkey  . . . . . . . . . . . .	Proc


Structures and Unions:

                N a m e                  Size
                                         Offset      Type

CONSOLE_SCREEN_BUFFER_INFO . . .	 00000016
  dwSize . . . . . . . . . . . .	 00000000	 DWord
  dwCursorPosition . . . . . . .	 00000004	 DWord
  wAttributes  . . . . . . . . .	 00000008	 Word
  srWindow . . . . . . . . . . .	 0000000A	 QWord
  dwMaximumWindowSize  . . . . .	 00000012	 DWord
COORD  . . . . . . . . . . . . .	 00000004
  x  . . . . . . . . . . . . . .	 00000000	 Word
  y  . . . . . . . . . . . . . .	 00000002	 Word
SMALL_RECT . . . . . . . . . . .	 00000008
  Left . . . . . . . . . . . . .	 00000000	 Word
  Top  . . . . . . . . . . . . .	 00000002	 Word
  Right  . . . . . . . . . . . .	 00000004	 Word
  Bottom . . . . . . . . . . . .	 00000006	 Word
SystemTime . . . . . . . . . . .	 00000010
  wYear  . . . . . . . . . . . .	 00000000	 Word
  wMonth . . . . . . . . . . . .	 00000002	 Word
  wDayOfWeek . . . . . . . . . .	 00000004	 Word
  wDay . . . . . . . . . . . . .	 00000006	 Word
  wHour  . . . . . . . . . . . .	 00000008	 Word
  wMinute  . . . . . . . . . . .	 0000000A	 Word
  wSecond  . . . . . . . . . . .	 0000000C	 Word
  wMilliseconds  . . . . . . . .	 0000000E	 Word


Types:

                N a m e                  Size     Attr

c_msvcrt . . . . . . . . . . . .	 00000004     CODE 


Segments and Groups:

                N a m e                 Size     Length   Align   Combine Class

FLAT . . . . . . . . . . . . . .	GROUP
STACK  . . . . . . . . . . . . .	32 Bit	 00001000 Para	  Stack	  'STACK'	 
_DATA  . . . . . . . . . . . . .	32 Bit	 000009D5 Para	  Public  'DATA'	
_TEXT  . . . . . . . . . . . . .	32 Bit	 00000546 Para	  Public  'CODE'	


Procedures,  parameters and locals:

                N a m e                 Type     Value    Attr

CharToOemA . . . . . . . . . . .	P Near	 00000000 FLAT	Length= 00000000 External STDCALL
ClearScreen  . . . . . . . . . .	P Near	 00000000 FLAT	Length= 00000000 External STDCALL
CloseHandle  . . . . . . . . . .	P Near	 00000000 FLAT	Length= 00000000 External STDCALL
CreateFileA  . . . . . . . . . .	P Near	 00000000 FLAT	Length= 00000000 External STDCALL
ExitProcess  . . . . . . . . . .	P Near	 00000000 FLAT	Length= 00000000 External STDCALL
GetCommandLineA  . . . . . . . .	P Near	 00000000 FLAT	Length= 00000000 External STDCALL
GetConsoleScreenBufferInfo . . .	P Near	 00000000 FLAT	Length= 00000000 External STDCALL
GetConsoleTitleA . . . . . . . .	P Near	 00000000 FLAT	Length= 00000000 External STDCALL
GetModuleHandleA . . . . . . . .	P Near	 00000000 FLAT	Length= 00000000 External STDCALL
GetStdHandle . . . . . . . . . .	P Near	 00000000 FLAT	Length= 00000000 External STDCALL
GetSystemMetrics . . . . . . . .	P Near	 00000000 FLAT	Length= 00000000 External STDCALL
GetSystemTime  . . . . . . . . .	P Near	 00000000 FLAT	Length= 00000000 External STDCALL
GetTickCount . . . . . . . . . .	P Near	 00000000 FLAT	Length= 00000000 External STDCALL
GlobalAlloc  . . . . . . . . . .	P Near	 00000000 FLAT	Length= 00000000 External STDCALL
GlobalFree . . . . . . . . . . .	P Near	 00000000 FLAT	Length= 00000000 External STDCALL
GlobalSize . . . . . . . . . . .	P Near	 00000000 FLAT	Length= 00000000 External STDCALL
InternetGetConnectedState  . . .	P Near	 00000000 FLAT	Length= 00000000 External STDCALL
MessageBoxA  . . . . . . . . . .	P Near	 00000000 FLAT	Length= 00000000 External STDCALL
MessageBoxIndirectA  . . . . . .	P Near	 00000000 FLAT	Length= 00000000 External STDCALL
SetConsoleCtrlHandler  . . . . .	P Near	 00000000 FLAT	Length= 00000000 External STDCALL
SetConsoleCursorPosition . . . .	P Near	 00000000 FLAT	Length= 00000000 External STDCALL
SetConsoleScreenBufferSize . . .	P Near	 00000000 FLAT	Length= 00000000 External STDCALL
SetConsoleTextAttribute  . . . .	P Near	 00000000 FLAT	Length= 00000000 External STDCALL
SetConsoleTitleA . . . . . . . .	P Near	 00000000 FLAT	Length= 00000000 External STDCALL
Sleep  . . . . . . . . . . . . .	P Near	 00000000 FLAT	Length= 00000000 External STDCALL
StdIn  . . . . . . . . . . . . .	P Near	 00000000 FLAT	Length= 00000000 External STDCALL
StdOut . . . . . . . . . . . . .	P Near	 00000000 FLAT	Length= 00000000 External STDCALL
URLDownloadToFileA . . . . . . .	P Near	 00000000 FLAT	Length= 00000000 External STDCALL
VirtualProtect . . . . . . . . .	P Near	 00000000 FLAT	Length= 00000000 External STDCALL
nrandom  . . . . . . . . . . . .	P Near	 00000000 FLAT	Length= 00000000 External STDCALL
nseed  . . . . . . . . . . . . .	P Near	 00000000 FLAT	Length= 00000000 External STDCALL
shell_ex . . . . . . . . . . . .	P Near	 00000000 FLAT	Length= 00000000 External STDCALL
shell  . . . . . . . . . . . . .	P Near	 00000000 FLAT	Length= 00000000 External STDCALL
wait_key . . . . . . . . . . . .	P Near	 00000000 FLAT	Length= 00000000 External STDCALL


Symbols:

                N a m e                 Type     Value    Attr

??0000 . . . . . . . . . . . . .	Byte	 00000039 _DATA	
??0001 . . . . . . . . . . . . .	Text   	 "
??0002 . . . . . . . . . . . . .	Byte	 00000038 _DATA	
??0004 . . . . . . . . . . . . .	L Near	 0000002B _TEXT	
??0005 . . . . . . . . . . . . .	Number	 -00000001h   
??0006 . . . . . . . . . . . . .	Number	 00000001h   
??0007 . . . . . . . . . . . . .	Number	 00000000h   
??0008 . . . . . . . . . . . . .	Byte	 00000087 _DATA	
??0010 . . . . . . . . . . . . .	Number	 00000000h   
??0012 . . . . . . . . . . . . .	Byte	 00000084 _DATA	
??0013 . . . . . . . . . . . . .	Byte	 00000072 _DATA	
??0014 . . . . . . . . . . . . .	Text   	 "
??0015 . . . . . . . . . . . . .	Byte	 00000071 _DATA	
??0017 . . . . . . . . . . . . .	L Near	 00000060 _TEXT	
??0018 . . . . . . . . . . . . .	Byte	 00000092 _DATA	
??0019 . . . . . . . . . . . . .	Byte	 0000008B _DATA	
??001A . . . . . . . . . . . . .	Text   	 "
??001B . . . . . . . . . . . . .	Byte	 0000008A _DATA	
??001D . . . . . . . . . . . . .	L Near	 000000BA _TEXT	
??001E . . . . . . . . . . . . .	Byte	 00000095 _DATA	
??001F . . . . . . . . . . . . .	Number	 00000000h   
??0020 . . . . . . . . . . . . .	Byte	 00000098 _DATA	
??0022 . . . . . . . . . . . . .	Byte	 000001C7 _DATA	
??0023 . . . . . . . . . . . . .	Byte	 0000009B _DATA	
??0024 . . . . . . . . . . . . .	Text   	 o
??0025 . . . . . . . . . . . . .	Byte	 0000009A _DATA	
??0026 . . . . . . . . . . . . .	L Near	 000000EC _TEXT	
??0027 . . . . . . . . . . . . .	L Near	 00000122 _TEXT	
??0028 . . . . . . . . . . . . .	Number	 -00000001h   
??0029 . . . . . . . . . . . . .	Number	 00000001h   
??002A . . . . . . . . . . . . .	Number	 00000000h   
??002B . . . . . . . . . . . . .	Byte	 000001E3 _DATA	
??0033 . . . . . . . . . . . . .	Number	 00000000h   
??0035 . . . . . . . . . . . . .	Byte	 000001E0 _DATA	
??0036 . . . . . . . . . . . . .	Byte	 000001CB _DATA	
??0037 . . . . . . . . . . . . .	Text   	 "
??0038 . . . . . . . . . . . . .	Byte	 000001CA _DATA	
??003A . . . . . . . . . . . . .	L Near	 00000164 _TEXT	
??003B . . . . . . . . . . . . .	Byte	 000001F2 _DATA	
??003C . . . . . . . . . . . . .	Byte	 000001E7 _DATA	
??003D . . . . . . . . . . . . .	Text   	 "
??003E . . . . . . . . . . . . .	Byte	 000001E6 _DATA	
??0040 . . . . . . . . . . . . .	L Near	 000001BE _TEXT	
??0041 . . . . . . . . . . . . .	Byte	 000001F5 _DATA	
??0042 . . . . . . . . . . . . .	Number	 00000000h   
??0043 . . . . . . . . . . . . .	Byte	 000001F8 _DATA	
??0045 . . . . . . . . . . . . .	Byte	 00000327 _DATA	
??0046 . . . . . . . . . . . . .	Byte	 000001FB _DATA	
??0047 . . . . . . . . . . . . .	Text   	 o
??0048 . . . . . . . . . . . . .	Byte	 000001FA _DATA	
??0049 . . . . . . . . . . . . .	L Near	 000001F0 _TEXT	
??004A . . . . . . . . . . . . .	L Near	 00000226 _TEXT	
??004B . . . . . . . . . . . . .	Byte	 00000359 _DATA	
??004C . . . . . . . . . . . . .	Byte	 0000032B _DATA	
??004D . . . . . . . . . . . . .	Text   	 "
??004E . . . . . . . . . . . . .	Byte	 0000032A _DATA	
??0050 . . . . . . . . . . . . .	L Near	 00000268 _TEXT	
??0051 . . . . . . . . . . . . .	Byte	 0000035C _DATA	
??0052 . . . . . . . . . . . . .	Number	 00000000h   
??0053 . . . . . . . . . . . . .	Byte	 0000035F _DATA	
??0055 . . . . . . . . . . . . .	Byte	 0000048E _DATA	
??0056 . . . . . . . . . . . . .	Byte	 00000362 _DATA	
??0057 . . . . . . . . . . . . .	Text   	 o
??0058 . . . . . . . . . . . . .	Byte	 00000361 _DATA	
??0059 . . . . . . . . . . . . .	L Near	 0000029A _TEXT	
??005A . . . . . . . . . . . . .	L Near	 000002D0 _TEXT	
??005B . . . . . . . . . . . . .	Byte	 00000491 _DATA	
??005C . . . . . . . . . . . . .	Number	 00000000h   
??005D . . . . . . . . . . . . .	Byte	 00000494 _DATA	
??005F . . . . . . . . . . . . .	Byte	 000005C3 _DATA	
??0060 . . . . . . . . . . . . .	Byte	 00000497 _DATA	
??0061 . . . . . . . . . . . . .	Text   	 o
??0062 . . . . . . . . . . . . .	Byte	 00000496 _DATA	
??0063 . . . . . . . . . . . . .	L Near	 0000031D _TEXT	
??0064 . . . . . . . . . . . . .	L Near	 00000353 _TEXT	
??0065 . . . . . . . . . . . . .	Byte	 000005F7 _DATA	
??0066 . . . . . . . . . . . . .	Byte	 000005C7 _DATA	
??0067 . . . . . . . . . . . . .	Text   	 "
??0068 . . . . . . . . . . . . .	Byte	 000005C6 _DATA	
??006A . . . . . . . . . . . . .	L Near	 00000395 _TEXT	
??006B . . . . . . . . . . . . .	Byte	 000005FA _DATA	
??006C . . . . . . . . . . . . .	Number	 00000000h   
??006D . . . . . . . . . . . . .	Byte	 000005FD _DATA	
??006F . . . . . . . . . . . . .	Byte	 0000072C _DATA	
??0070 . . . . . . . . . . . . .	Byte	 00000600 _DATA	
??0071 . . . . . . . . . . . . .	Text   	 o
??0072 . . . . . . . . . . . . .	Byte	 000005FF _DATA	
??0073 . . . . . . . . . . . . .	L Near	 000003C7 _TEXT	
??0074 . . . . . . . . . . . . .	L Near	 000003FD _TEXT	
??0075 . . . . . . . . . . . . .	Byte	 0000072F _DATA	
??0076 . . . . . . . . . . . . .	Number	 00000000h   
??0077 . . . . . . . . . . . . .	Byte	 00000732 _DATA	
??0079 . . . . . . . . . . . . .	Byte	 00000861 _DATA	
??007A . . . . . . . . . . . . .	Byte	 00000735 _DATA	
??007B . . . . . . . . . . . . .	Text   	 o
??007C . . . . . . . . . . . . .	Byte	 00000734 _DATA	
??007D . . . . . . . . . . . . .	L Near	 0000043B _TEXT	
??007E . . . . . . . . . . . . .	L Near	 00000471 _TEXT	
??007F . . . . . . . . . . . . .	Byte	 0000089D _DATA	
??0080 . . . . . . . . . . . . .	Byte	 00000865 _DATA	
??0081 . . . . . . . . . . . . .	Text   	 "
??0082 . . . . . . . . . . . . .	Byte	 00000864 _DATA	
??0084 . . . . . . . . . . . . .	L Near	 000004B3 _TEXT	
??0085 . . . . . . . . . . . . .	Byte	 000008A0 _DATA	
??0086 . . . . . . . . . . . . .	Number	 00000000h   
??0087 . . . . . . . . . . . . .	Byte	 000008A3 _DATA	
??0089 . . . . . . . . . . . . .	Byte	 000009D2 _DATA	
??008A . . . . . . . . . . . . .	Byte	 000008A6 _DATA	
??008B . . . . . . . . . . . . .	Text   	 o
??008C . . . . . . . . . . . . .	Byte	 000008A5 _DATA	
??008D . . . . . . . . . . . . .	L Near	 000004E5 _TEXT	
??008E . . . . . . . . . . . . .	L Near	 0000051B _TEXT	
??CommonHeapElemSize . . . . . .	DWord	 00000004 _DATA	
??ConsoleMode  . . . . . . . . .	Byte	 00000008 _DATA	
??TotalHeapAllocated . . . . . .	DWord	 00000000 _DATA	
??sTime  . . . . . . . . . . . .	SystemTime  00000009 _DATA	
@CodeSize  . . . . . . . . . . .	Number	 00000000h   
@DOS . . . . . . . . . . . . . .	Text   	 DOS
@DataSize  . . . . . . . . . . .	Number	 00000000h   
@INCHAR  . . . . . . . . . . . .	Text   	 @inchar
@ININTLN . . . . . . . . . . . .	Text   	 @inintln
@ININT . . . . . . . . . . . . .	Text   	 @inint
@InChar  . . . . . . . . . . . .	Text   	 @inchar
@InInt . . . . . . . . . . . . .	Text   	 @inint
@Inchar  . . . . . . . . . . . .	Text   	 @inchar
@InintLn . . . . . . . . . . . .	Text   	 @inintln
@Inintln . . . . . . . . . . . .	Text   	 @inintln
@Inint . . . . . . . . . . . . .	Text   	 @inint
@Interface . . . . . . . . . . .	Number	 00000003h   
@Model . . . . . . . . . . . . .	Number	 00000007h   
@READKEY . . . . . . . . . . . .	Text   	 @readkey
@ReadKey . . . . . . . . . . . .	Text   	 @readkey
@code  . . . . . . . . . . . . .	Text   	 _TEXT
@data  . . . . . . . . . . . . .	Text   	 FLAT
@dos . . . . . . . . . . . . . .	Text   	 DOS
@fardata?  . . . . . . . . . . .	Text   	 FLAT
@fardata . . . . . . . . . . . .	Text   	 FLAT
@random  . . . . . . . . . . . .	Text   	 @Random
@stack . . . . . . . . . . . . .	Text   	 FLAT
AllocConsole@0 . . . . . . . . .	L Near	 00000000 FLAT	External STDCALL
Arr_of_words . . . . . . . . . .	Byte	 00000019 _DATA	
Black  . . . . . . . . . . . . .	Number	 00000000h   
Blue . . . . . . . . . . . . . .	Number	 00000001h   
Bright . . . . . . . . . . . . .	Number	 00000008h   
Brown  . . . . . . . . . . . . .	Number	 00000006h   
CLRSCR . . . . . . . . . . . . .	Text   	 ClrScr
CREATE_ALWAYS  . . . . . . . . .	Number	 00000002h   
CREATE_NEW . . . . . . . . . . .	Number	 00000001h   
CharToOem  . . . . . . . . . . .	Text   	 CharToOemA
Cls  . . . . . . . . . . . . . .	Text   	 ClrScr
CreateFile . . . . . . . . . . .	Text   	 CreateFileA
Cyan . . . . . . . . . . . . . .	Number	 00000003h   
DISPOSE  . . . . . . . . . . . .	Text   	 dispose
DarkGray . . . . . . . . . . . .	Number	 00000008h   
Dispose  . . . . . . . . . . . .	Text   	 dispose
EXIT . . . . . . . . . . . . . .	Text   	 exit
Exit . . . . . . . . . . . . . .	Text   	 exit
FILE_ATTRIBUTE_ARCHIVE . . . . .	Number	 00000020h   
FILE_ATTRIBUTE_COMPRESSED  . . .	Number	 00000800h   
FILE_ATTRIBUTE_DIRECTORY . . . .	Number	 00000010h   
FILE_ATTRIBUTE_HIDDEN  . . . . .	Number	 00000002h   
FILE_ATTRIBUTE_NORMAL  . . . . .	Number	 00000080h   
FILE_ATTRIBUTE_READONLY  . . . .	Number	 00000001h   
FILE_ATTRIBUTE_SYSTEM  . . . . .	Number	 00000004h   
FILE_ATTRIBUTE_TEMPORARY . . . .	Number	 00000100h   
FLUSH  . . . . . . . . . . . . .	Text   	 flush
Find_min_word@0  . . . . . . . .	L Near	 00000000 FLAT	External STDCALL
Flush  . . . . . . . . . . . . .	Text   	 flush
FreeConsole@0  . . . . . . . . .	L Near	 00000000 FLAT	External STDCALL
GENERIC_ALL  . . . . . . . . . .	Number	 10000000h   
GENERIC_EXECUTE  . . . . . . . .	Number	 20000000h   
GENERIC_READ . . . . . . . . . .	Number	 -80000000h   
GENERIC_WRITE  . . . . . . . . .	Number	 40000000h   
GMEM_FIXED . . . . . . . . . . .	Number	 00000000h   
GMEM_ZEROINIT  . . . . . . . . .	Number	 00000040h   
GOTOXY . . . . . . . . . . . . .	Text   	 gotoXY
GetModuleHandle  . . . . . . . .	Text   	 GetModuleHandleA
GotoXY . . . . . . . . . . . . .	Text   	 gotoXY
Green  . . . . . . . . . . . . .	Number	 00000002h   
IDABORT  . . . . . . . . . . . .	Number	 00000003h   
IDCANCEL . . . . . . . . . . . .	Number	 00000002h   
IDIGNORE . . . . . . . . . . . .	Number	 00000005h   
IDNO . . . . . . . . . . . . . .	Number	 00000007h   
IDOK . . . . . . . . . . . . . .	Number	 00000001h   
IDRETRY  . . . . . . . . . . . .	Number	 00000004h   
IDYES  . . . . . . . . . . . . .	Number	 00000006h   
INCHAR . . . . . . . . . . . . .	Text   	 inchar
ININTLN  . . . . . . . . . . . .	Text   	 inintln
ININT  . . . . . . . . . . . . .	Text   	 inint
INPUTSTR . . . . . . . . . . . .	Text   	 InputStr
InChar . . . . . . . . . . . . .	Text   	 inchar
InInt  . . . . . . . . . . . . .	Text   	 inint
In_text@0  . . . . . . . . . . .	L Near	 00000000 FLAT	External STDCALL
Inchar . . . . . . . . . . . . .	Text   	 inchar
InintLn  . . . . . . . . . . . .	Text   	 inintln
Inintln  . . . . . . . . . . . .	Text   	 inintln
Inint  . . . . . . . . . . . . .	Text   	 inint
K  . . . . . . . . . . . . . . .	Number	 00000006h   
LANG_NEUTRAL . . . . . . . . . .	Number	 00000000h   
LightBlue  . . . . . . . . . . .	Number	 00000009h   
LightGray  . . . . . . . . . . .	Number	 00000007h   
LightGreen . . . . . . . . . . .	Number	 0000000Ah   
LightMagenta . . . . . . . . . .	Number	 0000000Dh   
LightRed . . . . . . . . . . . .	Number	 0000000Ch   
MB_ABORTRETRYIGNORE  . . . . . .	Number	 00000002h   
MB_CANCELTRYCONTINUE . . . . . .	Number	 00000006h   
MB_DEFBUTTON1  . . . . . . . . .	Number	 00000000h   
MB_DEFBUTTON2  . . . . . . . . .	Number	 00000100h   
MB_DEFBUTTON3  . . . . . . . . .	Number	 00000200h   
MB_DEFBUTTON4  . . . . . . . . .	Number	 00000300h   
MB_HELP  . . . . . . . . . . . .	Number	 00004000h   
MB_ICONASTERISK  . . . . . . . .	Number	 00000040h   
MB_ICONEXCLAMATION . . . . . . .	Number	 00000030h   
MB_ICONHAND  . . . . . . . . . .	Number	 00000008h   
MB_ICONQUESTION  . . . . . . . .	Number	 00000020h   
MB_ICONSTOP  . . . . . . . . . .	Number	 00000010h   
MB_OKCANCEL  . . . . . . . . . .	Number	 00000001h   
MB_OK  . . . . . . . . . . . . .	Number	 00000000h   
MB_RETRYCANCEL . . . . . . . . .	Number	 00000005h   
MB_RIGHT . . . . . . . . . . . .	Number	 00080000h   
MB_SYSTEMMODAL . . . . . . . . .	Number	 00001000h   
MB_USERICON  . . . . . . . . . .	Number	 00000080h   
MB_YESNOCANCEL . . . . . . . . .	Number	 00000003h   
MB_YESNO . . . . . . . . . . . .	Number	 00000004h   
MSGBOX . . . . . . . . . . . . .	Text   	 MsgBox
Magenta  . . . . . . . . . . . .	Number	 00000005h   
MessageBoxIndirect . . . . . . .	Text   	 MessageBoxIndirectA
MessageBox . . . . . . . . . . .	Text   	 MessageBoxA
NEWLINE  . . . . . . . . . . . .	Text   	 newline
NEW  . . . . . . . . . . . . . .	Text   	 new
NULL . . . . . . . . . . . . . .	Number	 00000000h   
NewLine  . . . . . . . . . . . .	Text   	 newline
Newline  . . . . . . . . . . . .	Text   	 newline
New  . . . . . . . . . . . . . .	Text   	 new
N  . . . . . . . . . . . . . . .	Number	 00000005h   
OPEN_ALWAYS  . . . . . . . . . .	Number	 00000004h   
OPEN_EXISTING  . . . . . . . . .	Number	 00000003h   
OUTCHARLN  . . . . . . . . . . .	Text   	 outcharln
OUTCHAR  . . . . . . . . . . . .	Text   	 outchar
OUTCH  . . . . . . . . . . . . .	Text   	 outchar
OUTCLN . . . . . . . . . . . . .	Text   	 outcharln
OUTDATELN  . . . . . . . . . . .	Text   	 outdateln
OUTDATE  . . . . . . . . . . . .	Text   	 outdate
OUTINTLN . . . . . . . . . . . .	Text   	 outintln
OUTINT . . . . . . . . . . . . .	Text   	 outint
OUTI . . . . . . . . . . . . . .	Text   	 outint
OUTSTRLN . . . . . . . . . . . .	Text   	 outstrln
OUTSTR . . . . . . . . . . . . .	Text   	 outstr
OUTTIMELN  . . . . . . . . . . .	Text   	 outtimeln
OUTTIME  . . . . . . . . . . . .	Text   	 outtime
OUTU . . . . . . . . . . . . . .	Text   	 outword
OUTWORDLN  . . . . . . . . . . .	Text   	 outwordln
OUTWORD  . . . . . . . . . . . .	Text   	 outword
OutCharLn  . . . . . . . . . . .	Text   	 outcharln
OutCharln  . . . . . . . . . . .	Text   	 outcharln
OutChar  . . . . . . . . . . . .	Text   	 outchar
OutDateLn  . . . . . . . . . . .	Text   	 outdateln
OutDateln  . . . . . . . . . . .	Text   	 outdateln
OutDate  . . . . . . . . . . . .	Text   	 outdate
OutILn . . . . . . . . . . . . .	Text   	 outintln
OutIln . . . . . . . . . . . . .	Text   	 outintln
OutIntLn . . . . . . . . . . . .	Text   	 outintln
OutInt . . . . . . . . . . . . .	Text   	 outint
OutI . . . . . . . . . . . . . .	Text   	 outint
OutNumLn . . . . . . . . . . . .	Text   	 outnumln
OutNumln . . . . . . . . . . . .	Text   	 outnumln
OutNum . . . . . . . . . . . . .	Text   	 outnum
OutStrLn . . . . . . . . . . . .	Text   	 outstrln
OutStr . . . . . . . . . . . . .	Text   	 outstr
OutTimeLn  . . . . . . . . . . .	Text   	 outtimeln
OutTimeln  . . . . . . . . . . .	Text   	 outtimeln
OutTime  . . . . . . . . . . . .	Text   	 outtime
OutULn . . . . . . . . . . . . .	Text   	 outwordln
OutUln . . . . . . . . . . . . .	Text   	 outwordln
OutUnsignedLn  . . . . . . . . .	Text   	 outwordln
OutUnsignedln  . . . . . . . . .	Text   	 outwordln
OutUnsigned  . . . . . . . . . .	Text   	 outword
OutU . . . . . . . . . . . . . .	Text   	 outword
OutWordLn  . . . . . . . . . . .	Text   	 outwordln
OutWord  . . . . . . . . . . . .	Text   	 outword
Out_text@0 . . . . . . . . . . .	L Near	 00000000 FLAT	External STDCALL
OutintLn . . . . . . . . . . . .	Text   	 outintln
Outintln . . . . . . . . . . . .	Text   	 outintln
Outint . . . . . . . . . . . . .	Text   	 outint
OutstrLn . . . . . . . . . . . .	Text   	 outstrln
OutwordLn  . . . . . . . . . . .	Text   	 outwordln
Outword  . . . . . . . . . . . .	Text   	 outword
PAGE_EXECUTE_READWRITE . . . . .	Number	 00000040h   
PAGE_EXECUTE_READ  . . . . . . .	Number	 00000020h   
PAGE_EXECUTE_WRITECOPY . . . . .	Number	 00000080h   
PAGE_EXECUTE . . . . . . . . . .	Number	 00000010h   
PAGE_NOACCESS  . . . . . . . . .	Number	 00000001h   
PAGE_READONLY  . . . . . . . . .	Number	 00000002h   
PAGE_READWRITE . . . . . . . . .	Number	 00000004h   
PAGE_WRITECOPY . . . . . . . . .	Number	 00000008h   
PAUSE  . . . . . . . . . . . . .	Text   	 pause
Pause  . . . . . . . . . . . . .	Text   	 pause
READKEY  . . . . . . . . . . . .	Text   	 readkey
ReadKey  . . . . . . . . . . . .	Text   	 readkey
Red  . . . . . . . . . . . . . .	Number	 00000004h   
STD_ERROR_HANDLE . . . . . . . .	Number	 -0000000Ch   
STD_INPUT_HANDLE . . . . . . . .	Number	 -0000000Ah   
STD_OUTPUT_HANDLE  . . . . . . .	Number	 -0000000Bh   
SetConsoleTitle  . . . . . . . .	Text   	 SetConsoleTitleA
Start  . . . . . . . . . . . . .	L Near	 00000000 _TEXT	Public STDCALL
TRUNCATE_EXISTING  . . . . . . .	Number	 00000005h   
URLDownloadToFile  . . . . . . .	Text   	 URLDownloadToFileA
White  . . . . . . . . . . . . .	Number	 0000000Fh   
Yellow . . . . . . . . . . . . .	Number	 0000000Eh   
_imp___exit  . . . . . . . . . .	DWord	 00000000 FLAT	External STDCALL
_imp__printf . . . . . . . . . .	DWord	 00000000 FLAT	External STDCALL
_imp__sprintf  . . . . . . . . .	DWord	 00000000 FLAT	External STDCALL
black  . . . . . . . . . . . . .	Number	 00000000h   
blue . . . . . . . . . . . . . .	Number	 00000001h   
bright . . . . . . . . . . . . .	Number	 00000008h   
brown  . . . . . . . . . . . . .	Number	 00000006h   
clrscr . . . . . . . . . . . . .	Text   	 ClrScr
crt__exit  . . . . . . . . . . .	Text   	 _imp___exit
crt_printf . . . . . . . . . . .	Text   	 _imp__printf
crt_sprintf  . . . . . . . . . .	Text   	 _imp__sprintf
cyan . . . . . . . . . . . . . .	Number	 00000003h   
darkgray . . . . . . . . . . . .	Number	 00000008h   
dos  . . . . . . . . . . . . . .	Text   	 DOS
downloadfile . . . . . . . . . .	Text   	 DownloadFile
gotoxy . . . . . . . . . . . . .	Text   	 gotoXY
green  . . . . . . . . . . . . .	Number	 00000002h   
heapblocksize  . . . . . . . . .	Text   	 HeapBlockSize
inint_proc@0 . . . . . . . . . .	L Near	 00000000 FLAT	External STDCALL
inputstr . . . . . . . . . . . .	Text   	 InputStr
lightblue  . . . . . . . . . . .	Number	 00000009h   
lightgray  . . . . . . . . . . .	Number	 00000007h   
lightgreen . . . . . . . . . . .	Number	 0000000Ah   
lightmagenta . . . . . . . . . .	Number	 0000000Dh   
lightred . . . . . . . . . . . .	Number	 0000000Ch   
magenta  . . . . . . . . . . . .	Number	 00000005h   
msgbox . . . . . . . . . . . . .	Text   	 MsgBox
nil  . . . . . . . . . . . . . .	DWord 	 00000000h   
outch  . . . . . . . . . . . . .	Text   	 outchar
outintLn . . . . . . . . . . . .	Text   	 outintln
outi . . . . . . . . . . . . . .	Text   	 outint
outu . . . . . . . . . . . . . .	Text   	 outword
outwordLn  . . . . . . . . . . .	Text   	 outwordln
randomize  . . . . . . . . . . .	Text   	 Randomize
red  . . . . . . . . . . . . . .	Number	 00000004h   
settextattr  . . . . . . . . . .	Text   	 SetTextAttr
whereX . . . . . . . . . . . . .	Text   	 WhereX
whereY . . . . . . . . . . . . .	Text   	 WhereY
wherex . . . . . . . . . . . . .	Text   	 WhereX
wherey . . . . . . . . . . . . .	Text   	 WhereY
white  . . . . . . . . . . . . .	Number	 0000000Fh   
yellow . . . . . . . . . . . . .	Number	 0000000Eh   

	   0 Warnings
	   0 Errors
