Microsoft (R) Macro Assembler Version 6.14.8444		    05/11/23 19:39:51
main.asm						     Page 1 - 1


				include console.inc
			      C .NOLIST
			      C .LIST
			      C ; »сключение из списка служебных слов
			      C option NoKeyWord: <c name str>
			      C 
			      C 
			      C 
			      C ;include masm32.inc
			      C 
			      C    includelib masm32.lib
			      C    includelib user32.lib
			      C    includelib kernel32.lib
			      C    includelib msvcrt.lib
			      C    includelib io_proc.lib
			      C    
			      C 

				In_Rec proto
				Out_Rec proto
				Less proto
				Min_Date proto
				Out_Rec proto
				Rec_to_Struc proto
				Out_Struc proto
				Sort proto
				Out_Sort proto
				Date_pack record D:5, M:4, Y:7

 00000003			Date_unpack struc                    ; дата в рамках некоторого столети€
 00000000  00			D   db ?                            ; день (от 1 до 31)
 00000001  00			M   db ?                            ; мес€ц (от 1 до 12)
 00000002  00			Y   db ?                            ; год (от 0 до 99)
				Date_unpack ends
 00000019			.data
 00000019 20 D4 C0 CC C8	T   db " ‘јћ»Ћ»я______ »ћя______    Ё“јѕ_1 (выход-4)",0 ; указать номер этапа		
	   CB C8 DF 5F 5F
	   5F 5F 5F 5F 20
	   C8 CC DF 5F 5F
	   5F 5F 5F 5F 20
	   20 20 20 DD D2
	   C0 CF 5F 31 20
	   28 E2 FB F5 EE
	   E4 2D 34 29 00
 = 00000006			N   equ 6
 00000046 0000			D1  Date_pack <>                    ; упакованна€ дата_1
 00000048 0000			D2  Date_pack <>                    ; упакованна€ дата_2
 0000004A  00000006 [		Arr_of_Rec Date_pack N dup (<>)     ; массив «јѕ»—≈… (упакованных дат)
	    0000
	   ] 0000 0000
	   0000 0000 0000
 00000056  00000006 [		Arr_of_Struc Date_unpack N dup (<>)
	    00 00 00
	   ]
 00000000			.code
 00000000			Start:
				    clrscr
				    ConsoleTitle offset T  ; в “ должен быть указан Ќќћ≈– сдаваемого Ё“јѕа(ов)	
				; ------------------------------------------------------------------------
				; Ё“јѕ 1 (40 очков):
				; (10 очков) ввод двух дат D1 и D2 (кажда€ в формате dd.mm.yy)
				; решение:
				    COMMENT ~
				    push offset D1
				    call In_Rec
				    push offset D2
				    call In_Rec 
				    
				; (20 очков) сравнение двух дат (D1 < D2 ?)
				; решение:
				    movzx EDX, D1
				    movzx EBX, D2
				    push EBX
				    push EDX
				    call Less

				; (10 очков) вывод результата сравнени€ в виде "D1<D2 is true/false",
				; где вместо D1 и D2 должна быть напечатана дата в формате dd.mm.yy
				; решение:
				    push EDX
				    call Out_Rec
				    outchar 60
				    push EBX
				    call Out_Rec
				    outstr ' is '
				    cmp AL, 0
				    jE next
				    outstr 'true'
				    jmp e
				next:
				    outstr 'false'
				e:
				~
				; ------------------------------------------------------------------------
				; Ё“јѕ 2 (50 очков):
				; (15 очков) цикл дл€ ввода N дат и сохранени€ их в массиве Arr_of_Rec:
				; решение:
 0000005F  BF 00000006		    mov EDI, N
 00000064  B9 0000004A R	    mov ECX, offset Arr_of_Rec
 00000069  BB 00000000		    mov EBX, 0
 0000006E			L: 
 0000006E  51			    push ECX
 0000006F  E8 00000000 E	    call In_Rec
 00000074  4F			    dec EDI
 00000075  83 C1 02		    add ECX, 2
 00000078  83 FF 00		    cmp EDI, 0
 0000007B  75 F1		    jNE L
				    
				   
				; (15 очков) цикл дл€ вывода N дат, хран€щихс€ в массиве Arr_of_Rec
				; решение:
 0000007D  B9 0000004A R	    mov ECX, offset Arr_of_Rec
 00000082  BF 00000006		    mov EDI, N
 00000087  FF 31		L1: push [ECX]
 00000089  E8 00000000 E	    call Out_Rec
 0000008E  83 C1 02		    add ECX, 2
 00000091  4F			    dec EDI
				    outchar ' '
 000000F6  83 FF 00		    cmp EDI, 0
 000000F9  75 8C		    jNE L1

				; (20 очков) цикл дл€ проверки упор€дочены ли элементы-даты по возрастанию
				; решение:
 000000FB  B9 0000004A R	    mov ECX, offset Arr_of_Rec
 00000100  BF 00000006		    mov EDI, N
 00000105  4F			    dec EDI
 00000106  BB 00000000		    mov EBX,0
 0000010B  BD 00000001		    mov EBP,1
				    newline
 0000017C			L2: 
 0000017C  0F B7 14 59		    movzx EDX, word ptr [ECX+2*EBX]
 00000180  0F B7 34 69		    movzx ESI, word ptr [ECX+2*EBP]
 00000184  56			    push ESI
 00000185  52			    push EDX
 00000186  E8 00000000 E	    call Less
 0000018B  43			    inc EBX
 0000018C  45			    inc EBP
 0000018D  3C 00		    cmp AL, 0
 0000018F  74 46		    jE NO
 00000191  4F			    dec EDI
 00000192  83 FF 00		    cmp EDI, 0
 00000195  75 E5		    jNE L2
				    outstr ' sorted'
 000001D5  EB 3E		    jmp o
 000001D7			NO: outstr ' not sorted'
 00000215			o:    
				    
				; ------------------------------------------------------------------------
				; Ё“јѕ 3 (40 очков):
				; применение функции Min_Date дл€ поиска наименьшей даты в массиве Arr_of_Rec
				; решение:
				    newline
 00000281  B9 0000004A R	    mov ECX, offset Arr_of_Rec
 00000286  BB 00000006		    mov EBX, N
 0000028B  53			    push EBX
 0000028C  51			    push ECX
 0000028D  E8 00000000 E	    call Min_Date

				; вывод наименьшей даты в виде "dd.mm.yy is minimum"
				; решение:
				    outstr 'min: '
 000002D0  50			    push EAX
 000002D1  E8 00000000 E	    call Out_Rec
				    
				 
				; ------------------------------------------------------------------------
				; Ё“јѕ 4 (60 очков):
				; (30 очков) цикл движени€ по массиву Arr_of_Rec с целью распаковки дат 
				; и сохранени€ их в массиве структур  Arr_of_Struc
				; решение:
				    newline
 00000342  B9 0000004A R	    mov ECX, offset Arr_of_Rec
 00000347  BB 00000056 R	    mov EBX, offset Arr_of_Struc
 0000034C  BA 00000006		    mov EDX, N
 00000351			L4:
 00000351  0F B7 01		    movzx EAX, word ptr [ECX]
 00000354  53			    push EBX
 00000355  50			    push EAX
 00000356  E8 00000000 E	    call Rec_to_Struc
 0000035B  83 C1 02		    add ECX, 2
 0000035E  83 C3 03		    add EBX, type Date_unpack
 00000361  4A			    dec EDX
 00000362  83 FA 00		    cmp EDX, 0
 00000365  75 EA		    jNE L4
				    
				; (30 очков) цикл движени€ по массиву Arr_of_Struc с целью вывода дат 
				; на экран (каждую дату - в формате dd.mm.yy)
				; решение
 00000367  BA 00000006		    mov EDX, N
 0000036C  BB 00000056 R	    mov EBX, offset Arr_of_Struc
 00000371			L5:
 00000371  53			    push EBX
 00000372  E8 00000000 E	    call Out_Struc
 00000377  83 C3 03		    add EBX, type Date_unpack
				    newline
 000003E6  4A			    dec EDX
 000003E7  83 FA 00		    cmp EDX, 0
 000003EA  75 85		    jNE L5
				    
				; ------------------------------------------------------------------------
				; дополнительные Ё“јѕџ 5 и 6 оформл€йте самосто€тельно (дл€ них разметки нет)
				; ------------------------------------------------------------------------
				; Ё“јѕ 5
				    outstrln 'ќтсортированный массив дат:'
 00000496  BA 00000006		    mov EDX, N
 0000049B  52			    push EDX
 0000049C  68 0000004A R	    push offset Arr_of_Rec
 000004A1  E8 00000000 E	    call Sort
				    
 000004A6  BA 00000006		    mov EDX, N
 000004AB  52			    push EDX
 000004AC  68 0000004A R	    push offset Arr_of_Rec
 000004B1  E8 00000000 E	    call Out_Sort
				    
				    newline
				    
				    outstrln 'я нашел ошибку: в последней функции закинул в регистр тип word...'
				    outstrln '≈сли видишь это сообщение, то программа завершила работу корректно'
				    
				    pause
				    exit
				end Start
Microsoft (R) Macro Assembler Version 6.14.8444		    05/11/23 19:39:51
main.asm						     Symbols 2 - 1




Macros:

                N a m e                 Type

??CheckStrToBuf  . . . . . . . .	Proc
??FindESP  . . . . . . . . . . .	Proc
??RestoreReg . . . . . . . . . .	Proc
??SaveReg  . . . . . . . . . . .	Proc
@GetCommandLine  . . . . . . . .	Func
@Random  . . . . . . . . . . . .	Func
@inchar  . . . . . . . . . . . .	Func
@inintln . . . . . . . . . . . .	Func
@inint . . . . . . . . . . . . .	Func
@readkey . . . . . . . . . . . .	Func
ChagePageAttr  . . . . . . . . .	Proc
ClrScr . . . . . . . . . . . . .	Proc
ConsoleMode  . . . . . . . . . .	Proc
ConsoleTitle . . . . . . . . . .	Proc
DOS  . . . . . . . . . . . . . .	Func
DownloadFile . . . . . . . . . .	Proc
GetConsoleTitle  . . . . . . . .	Proc
HeapBlockSize  . . . . . . . . .	Proc
InputStr . . . . . . . . . . . .	Proc
MsgBox . . . . . . . . . . . . .	Proc
NewConsole . . . . . . . . . . .	Proc
OpenFile . . . . . . . . . . . .	Proc
OutFlags . . . . . . . . . . . .	Proc
Randomize  . . . . . . . . . . .	Proc
RunExe . . . . . . . . . . . . .	Proc
SetScreenSize  . . . . . . . . .	Proc
SetTextAttr  . . . . . . . . . .	Proc
TotalHeapAllocated . . . . . . .	Proc
WhereX . . . . . . . . . . . . .	Proc
WhereY . . . . . . . . . . . . .	Proc
dispose  . . . . . . . . . . . .	Proc
exit . . . . . . . . . . . . . .	Proc
flush  . . . . . . . . . . . . .	Proc
gotoXY . . . . . . . . . . . . .	Proc
inchar . . . . . . . . . . . . .	Proc
inintln  . . . . . . . . . . . .	Proc
inint  . . . . . . . . . . . . .	Proc
newline  . . . . . . . . . . . .	Proc
new  . . . . . . . . . . . . . .	Proc
outcharln  . . . . . . . . . . .	Proc
outchar  . . . . . . . . . . . .	Proc
outdateln  . . . . . . . . . . .	Proc
outdate  . . . . . . . . . . . .	Proc
outintln . . . . . . . . . . . .	Proc
outint . . . . . . . . . . . . .	Proc
outnumln . . . . . . . . . . . .	Proc
outnum . . . . . . . . . . . . .	Proc
outstrln . . . . . . . . . . . .	Proc
outstr . . . . . . . . . . . . .	Proc
outtimeln  . . . . . . . . . . .	Proc
outtime  . . . . . . . . . . . .	Proc
outwordln  . . . . . . . . . . .	Proc
outword  . . . . . . . . . . . .	Proc
pause  . . . . . . . . . . . . .	Proc
readkey  . . . . . . . . . . . .	Proc


Structures and Unions:

                N a m e                  Size
                                         Offset      Type

CONSOLE_SCREEN_BUFFER_INFO . . .	 00000016
  dwSize . . . . . . . . . . . .	 00000000	 DWord
  dwCursorPosition . . . . . . .	 00000004	 DWord
  wAttributes  . . . . . . . . .	 00000008	 Word
  srWindow . . . . . . . . . . .	 0000000A	 QWord
  dwMaximumWindowSize  . . . . .	 00000012	 DWord
COORD  . . . . . . . . . . . . .	 00000004
  x  . . . . . . . . . . . . . .	 00000000	 Word
  y  . . . . . . . . . . . . . .	 00000002	 Word
Date_unpack  . . . . . . . . . .	 00000003
  D  . . . . . . . . . . . . . .	 00000000	 Byte
  M  . . . . . . . . . . . . . .	 00000001	 Byte
  Y  . . . . . . . . . . . . . .	 00000002	 Byte
SMALL_RECT . . . . . . . . . . .	 00000008
  Left . . . . . . . . . . . . .	 00000000	 Word
  Top  . . . . . . . . . . . . .	 00000002	 Word
  Right  . . . . . . . . . . . .	 00000004	 Word
  Bottom . . . . . . . . . . . .	 00000006	 Word
SystemTime . . . . . . . . . . .	 00000010
  wYear  . . . . . . . . . . . .	 00000000	 Word
  wMonth . . . . . . . . . . . .	 00000002	 Word
  wDayOfWeek . . . . . . . . . .	 00000004	 Word
  wDay . . . . . . . . . . . . .	 00000006	 Word
  wHour  . . . . . . . . . . . .	 00000008	 Word
  wMinute  . . . . . . . . . . .	 0000000A	 Word
  wSecond  . . . . . . . . . . .	 0000000C	 Word
  wMilliseconds  . . . . . . . .	 0000000E	 Word


Records:

                N a m e                  Width     # fields
                                         Shift     Width     Mask      Initial

Date_pack  . . . . . . . . . . .	 00000010      00000003
  D  . . . . . . . . . . . . . .	 0000000B      00000005	     F800     ?
  M  . . . . . . . . . . . . . .	 00000007      00000004	     0780     ?
  Y  . . . . . . . . . . . . . .	 00000000      00000007	     007F     ?


Types:

                N a m e                  Size     Attr

c_msvcrt . . . . . . . . . . . .	 00000004     CODE 


Segments and Groups:

                N a m e                 Size     Length   Align   Combine Class

FLAT . . . . . . . . . . . . . .	GROUP
STACK  . . . . . . . . . . . . .	32 Bit	 00001000 Para	  Stack	  'STACK'	 
_DATA  . . . . . . . . . . . . .	32 Bit	 00000E77 Para	  Public  'DATA'	
_TEXT  . . . . . . . . . . . . .	32 Bit	 000006FB Para	  Public  'CODE'	


Procedures,  parameters and locals:

                N a m e                 Type     Value    Attr

CharToOemA . . . . . . . . . . .	P Near	 00000000 FLAT	Length= 00000000 External STDCALL
ClearScreen  . . . . . . . . . .	P Near	 00000000 FLAT	Length= 00000000 External STDCALL
CloseHandle  . . . . . . . . . .	P Near	 00000000 FLAT	Length= 00000000 External STDCALL
CreateFileA  . . . . . . . . . .	P Near	 00000000 FLAT	Length= 00000000 External STDCALL
ExitProcess  . . . . . . . . . .	P Near	 00000000 FLAT	Length= 00000000 External STDCALL
GetCommandLineA  . . . . . . . .	P Near	 00000000 FLAT	Length= 00000000 External STDCALL
GetConsoleScreenBufferInfo . . .	P Near	 00000000 FLAT	Length= 00000000 External STDCALL
GetConsoleTitleA . . . . . . . .	P Near	 00000000 FLAT	Length= 00000000 External STDCALL
GetModuleHandleA . . . . . . . .	P Near	 00000000 FLAT	Length= 00000000 External STDCALL
GetStdHandle . . . . . . . . . .	P Near	 00000000 FLAT	Length= 00000000 External STDCALL
GetSystemMetrics . . . . . . . .	P Near	 00000000 FLAT	Length= 00000000 External STDCALL
GetSystemTime  . . . . . . . . .	P Near	 00000000 FLAT	Length= 00000000 External STDCALL
GetTickCount . . . . . . . . . .	P Near	 00000000 FLAT	Length= 00000000 External STDCALL
GlobalAlloc  . . . . . . . . . .	P Near	 00000000 FLAT	Length= 00000000 External STDCALL
GlobalFree . . . . . . . . . . .	P Near	 00000000 FLAT	Length= 00000000 External STDCALL
GlobalSize . . . . . . . . . . .	P Near	 00000000 FLAT	Length= 00000000 External STDCALL
In_Rec . . . . . . . . . . . . .	P Near	 00000000 FLAT	Length= 00000000 External STDCALL
InternetGetConnectedState  . . .	P Near	 00000000 FLAT	Length= 00000000 External STDCALL
Less . . . . . . . . . . . . . .	P Near	 00000000 FLAT	Length= 00000000 External STDCALL
MessageBoxA  . . . . . . . . . .	P Near	 00000000 FLAT	Length= 00000000 External STDCALL
MessageBoxIndirectA  . . . . . .	P Near	 00000000 FLAT	Length= 00000000 External STDCALL
Min_Date . . . . . . . . . . . .	P Near	 00000000 FLAT	Length= 00000000 External STDCALL
Out_Rec  . . . . . . . . . . . .	P Near	 00000000 FLAT	Length= 00000000 External STDCALL
Out_Sort . . . . . . . . . . . .	P Near	 00000000 FLAT	Length= 00000000 External STDCALL
Out_Struc  . . . . . . . . . . .	P Near	 00000000 FLAT	Length= 00000000 External STDCALL
Rec_to_Struc . . . . . . . . . .	P Near	 00000000 FLAT	Length= 00000000 External STDCALL
SetConsoleCtrlHandler  . . . . .	P Near	 00000000 FLAT	Length= 00000000 External STDCALL
SetConsoleCursorPosition . . . .	P Near	 00000000 FLAT	Length= 00000000 External STDCALL
SetConsoleScreenBufferSize . . .	P Near	 00000000 FLAT	Length= 00000000 External STDCALL
SetConsoleTextAttribute  . . . .	P Near	 00000000 FLAT	Length= 00000000 External STDCALL
SetConsoleTitleA . . . . . . . .	P Near	 00000000 FLAT	Length= 00000000 External STDCALL
Sleep  . . . . . . . . . . . . .	P Near	 00000000 FLAT	Length= 00000000 External STDCALL
Sort . . . . . . . . . . . . . .	P Near	 00000000 FLAT	Length= 00000000 External STDCALL
StdIn  . . . . . . . . . . . . .	P Near	 00000000 FLAT	Length= 00000000 External STDCALL
StdOut . . . . . . . . . . . . .	P Near	 00000000 FLAT	Length= 00000000 External STDCALL
URLDownloadToFileA . . . . . . .	P Near	 00000000 FLAT	Length= 00000000 External STDCALL
VirtualProtect . . . . . . . . .	P Near	 00000000 FLAT	Length= 00000000 External STDCALL
nrandom  . . . . . . . . . . . .	P Near	 00000000 FLAT	Length= 00000000 External STDCALL
nseed  . . . . . . . . . . . . .	P Near	 00000000 FLAT	Length= 00000000 External STDCALL
shell_ex . . . . . . . . . . . .	P Near	 00000000 FLAT	Length= 00000000 External STDCALL
shell  . . . . . . . . . . . . .	P Near	 00000000 FLAT	Length= 00000000 External STDCALL
wait_key . . . . . . . . . . . .	P Near	 00000000 FLAT	Length= 00000000 External STDCALL


Symbols:

                N a m e                 Type     Value    Attr

??0000 . . . . . . . . . . . . .	Byte	 00000069 _DATA	
??0001 . . . . . . . . . . . . .	Text   	 o
??0002 . . . . . . . . . . . . .	Byte	 00000068 _DATA	
??0003 . . . . . . . . . . . . .	L Near	 0000001F _TEXT	
??0004 . . . . . . . . . . . . .	L Near	 00000055 _TEXT	
??0005 . . . . . . . . . . . . .	Number	 00000000h   
??0006 . . . . . . . . . . . . .	Byte	 00000195 _DATA	
??0008 . . . . . . . . . . . . .	Byte	 000002C4 _DATA	
??0009 . . . . . . . . . . . . .	Byte	 00000198 _DATA	
??000A . . . . . . . . . . . . .	Text   	 o
??000B . . . . . . . . . . . . .	Byte	 00000197 _DATA	
??000C . . . . . . . . . . . . .	L Near	 000000AD _TEXT	
??000D . . . . . . . . . . . . .	L Near	 000000E3 _TEXT	
??000E . . . . . . . . . . . . .	Byte	 000002C7 _DATA	
??000F . . . . . . . . . . . . .	Number	 00000000h   
??0010 . . . . . . . . . . . . .	Byte	 000002CA _DATA	
??0012 . . . . . . . . . . . . .	Byte	 000003F9 _DATA	
??0013 . . . . . . . . . . . . .	Byte	 000002CD _DATA	
??0014 . . . . . . . . . . . . .	Text   	 o
??0015 . . . . . . . . . . . . .	Byte	 000002CC _DATA	
??0016 . . . . . . . . . . . . .	L Near	 0000012F _TEXT	
??0017 . . . . . . . . . . . . .	L Near	 00000165 _TEXT	
??0018 . . . . . . . . . . . . .	Byte	 00000405 _DATA	
??0019 . . . . . . . . . . . . .	Byte	 000003FD _DATA	
??001A . . . . . . . . . . . . .	Text   	 "
??001B . . . . . . . . . . . . .	Byte	 000003FC _DATA	
??001D . . . . . . . . . . . . .	L Near	 000001C2 _TEXT	
??001E . . . . . . . . . . . . .	Byte	 00000415 _DATA	
??001F . . . . . . . . . . . . .	Byte	 00000409 _DATA	
??0020 . . . . . . . . . . . . .	Text   	 "
??0021 . . . . . . . . . . . . .	Byte	 00000408 _DATA	
??0023 . . . . . . . . . . . . .	L Near	 00000202 _TEXT	
??0024 . . . . . . . . . . . . .	Byte	 00000418 _DATA	
??0025 . . . . . . . . . . . . .	Number	 00000000h   
??0026 . . . . . . . . . . . . .	Byte	 0000041B _DATA	
??0028 . . . . . . . . . . . . .	Byte	 0000054A _DATA	
??0029 . . . . . . . . . . . . .	Byte	 0000041E _DATA	
??002A . . . . . . . . . . . . .	Text   	 o
??002B . . . . . . . . . . . . .	Byte	 0000041D _DATA	
??002C . . . . . . . . . . . . .	L Near	 00000234 _TEXT	
??002D . . . . . . . . . . . . .	L Near	 0000026A _TEXT	
??002E . . . . . . . . . . . . .	Byte	 00000554 _DATA	
??002F . . . . . . . . . . . . .	Byte	 0000054E _DATA	
??0030 . . . . . . . . . . . . .	Text   	 "
??0031 . . . . . . . . . . . . .	Byte	 0000054D _DATA	
??0033 . . . . . . . . . . . . .	L Near	 000002BD _TEXT	
??0034 . . . . . . . . . . . . .	Byte	 00000557 _DATA	
??0035 . . . . . . . . . . . . .	Number	 00000000h   
??0036 . . . . . . . . . . . . .	Byte	 0000055A _DATA	
??0038 . . . . . . . . . . . . .	Byte	 00000689 _DATA	
??0039 . . . . . . . . . . . . .	Byte	 0000055D _DATA	
??003A . . . . . . . . . . . . .	Text   	 o
??003B . . . . . . . . . . . . .	Byte	 0000055C _DATA	
??003C . . . . . . . . . . . . .	L Near	 000002F5 _TEXT	
??003D . . . . . . . . . . . . .	L Near	 0000032B _TEXT	
??003E . . . . . . . . . . . . .	Byte	 0000068C _DATA	
??003F . . . . . . . . . . . . .	Number	 00000000h   
??0040 . . . . . . . . . . . . .	Byte	 0000068F _DATA	
??0042 . . . . . . . . . . . . .	Byte	 000007BE _DATA	
??0043 . . . . . . . . . . . . .	Byte	 00000692 _DATA	
??0044 . . . . . . . . . . . . .	Text   	 o
??0045 . . . . . . . . . . . . .	Byte	 00000691 _DATA	
??0046 . . . . . . . . . . . . .	L Near	 00000399 _TEXT	
??0047 . . . . . . . . . . . . .	L Near	 000003CF _TEXT	
??0048 . . . . . . . . . . . . .	Byte	 000007DE _DATA	
??0049 . . . . . . . . . . . . .	Byte	 000007C2 _DATA	
??004A . . . . . . . . . . . . .	Text   	 "
??004B . . . . . . . . . . . . .	Byte	 000007C1 _DATA	
??004D . . . . . . . . . . . . .	L Near	 00000417 _TEXT	
??004E . . . . . . . . . . . . .	Byte	 000007E1 _DATA	
??004F . . . . . . . . . . . . .	Number	 00000000h   
??0050 . . . . . . . . . . . . .	Byte	 000007E4 _DATA	
??0052 . . . . . . . . . . . . .	Byte	 00000913 _DATA	
??0053 . . . . . . . . . . . . .	Byte	 000007E7 _DATA	
??0054 . . . . . . . . . . . . .	Text   	 o
??0055 . . . . . . . . . . . . .	Byte	 000007E6 _DATA	
??0056 . . . . . . . . . . . . .	L Near	 00000449 _TEXT	
??0057 . . . . . . . . . . . . .	L Near	 0000047F _TEXT	
??0058 . . . . . . . . . . . . .	Byte	 00000916 _DATA	
??0059 . . . . . . . . . . . . .	Number	 00000000h   
??005A . . . . . . . . . . . . .	Byte	 00000919 _DATA	
??005C . . . . . . . . . . . . .	Byte	 00000A48 _DATA	
??005D . . . . . . . . . . . . .	Byte	 0000091C _DATA	
??005E . . . . . . . . . . . . .	Text   	 o
??005F . . . . . . . . . . . . .	Byte	 0000091B _DATA	
??0060 . . . . . . . . . . . . .	L Near	 000004D5 _TEXT	
??0061 . . . . . . . . . . . . .	L Near	 0000050B _TEXT	
??0062 . . . . . . . . . . . . .	Byte	 00000A8E _DATA	
??0063 . . . . . . . . . . . . .	Byte	 00000A4C _DATA	
??0064 . . . . . . . . . . . . .	Text   	 "
??0065 . . . . . . . . . . . . .	Byte	 00000A4B _DATA	
??0067 . . . . . . . . . . . . .	L Near	 0000054D _TEXT	
??0068 . . . . . . . . . . . . .	Byte	 00000A91 _DATA	
??0069 . . . . . . . . . . . . .	Number	 00000000h   
??006A . . . . . . . . . . . . .	Byte	 00000A94 _DATA	
??006C . . . . . . . . . . . . .	Byte	 00000BC3 _DATA	
??006D . . . . . . . . . . . . .	Byte	 00000A97 _DATA	
??006E . . . . . . . . . . . . .	Text   	 o
??006F . . . . . . . . . . . . .	Byte	 00000A96 _DATA	
??0070 . . . . . . . . . . . . .	L Near	 0000057F _TEXT	
??0071 . . . . . . . . . . . . .	L Near	 000005B5 _TEXT	
??0072 . . . . . . . . . . . . .	Byte	 00000C0A _DATA	
??0073 . . . . . . . . . . . . .	Byte	 00000BC7 _DATA	
??0074 . . . . . . . . . . . . .	Text   	 "
??0075 . . . . . . . . . . . . .	Byte	 00000BC6 _DATA	
??0077 . . . . . . . . . . . . .	L Near	 000005F7 _TEXT	
??0078 . . . . . . . . . . . . .	Byte	 00000C0D _DATA	
??0079 . . . . . . . . . . . . .	Number	 00000000h   
??007A . . . . . . . . . . . . .	Byte	 00000C10 _DATA	
??007C . . . . . . . . . . . . .	Byte	 00000D3F _DATA	
??007D . . . . . . . . . . . . .	Byte	 00000C13 _DATA	
??007E . . . . . . . . . . . . .	Text   	 o
??007F . . . . . . . . . . . . .	Byte	 00000C12 _DATA	
??0080 . . . . . . . . . . . . .	L Near	 00000629 _TEXT	
??0081 . . . . . . . . . . . . .	L Near	 0000065F _TEXT	
??0082 . . . . . . . . . . . . .	Byte	 00000D42 _DATA	
??0083 . . . . . . . . . . . . .	Number	 00000000h   
??0084 . . . . . . . . . . . . .	Byte	 00000D45 _DATA	
??0086 . . . . . . . . . . . . .	Byte	 00000E74 _DATA	
??0087 . . . . . . . . . . . . .	Byte	 00000D48 _DATA	
??0088 . . . . . . . . . . . . .	Text   	 o
??0089 . . . . . . . . . . . . .	Byte	 00000D47 _DATA	
??008A . . . . . . . . . . . . .	L Near	 000006A2 _TEXT	
??008B . . . . . . . . . . . . .	L Near	 000006D8 _TEXT	
??CommonHeapElemSize . . . . . .	DWord	 00000004 _DATA	
??ConsoleMode  . . . . . . . . .	Byte	 00000008 _DATA	
??TotalHeapAllocated . . . . . .	DWord	 00000000 _DATA	
??sTime  . . . . . . . . . . . .	SystemTime  00000009 _DATA	
@CodeSize  . . . . . . . . . . .	Number	 00000000h   
@DOS . . . . . . . . . . . . . .	Text   	 DOS
@DataSize  . . . . . . . . . . .	Number	 00000000h   
@INCHAR  . . . . . . . . . . . .	Text   	 @inchar
@ININTLN . . . . . . . . . . . .	Text   	 @inintln
@ININT . . . . . . . . . . . . .	Text   	 @inint
@InChar  . . . . . . . . . . . .	Text   	 @inchar
@InInt . . . . . . . . . . . . .	Text   	 @inint
@Inchar  . . . . . . . . . . . .	Text   	 @inchar
@InintLn . . . . . . . . . . . .	Text   	 @inintln
@Inintln . . . . . . . . . . . .	Text   	 @inintln
@Inint . . . . . . . . . . . . .	Text   	 @inint
@Interface . . . . . . . . . . .	Number	 00000003h   
@Model . . . . . . . . . . . . .	Number	 00000007h   
@READKEY . . . . . . . . . . . .	Text   	 @readkey
@ReadKey . . . . . . . . . . . .	Text   	 @readkey
@code  . . . . . . . . . . . . .	Text   	 _TEXT
@data  . . . . . . . . . . . . .	Text   	 FLAT
@dos . . . . . . . . . . . . . .	Text   	 DOS
@fardata?  . . . . . . . . . . .	Text   	 FLAT
@fardata . . . . . . . . . . . .	Text   	 FLAT
@random  . . . . . . . . . . . .	Text   	 @Random
@stack . . . . . . . . . . . . .	Text   	 FLAT
AllocConsole@0 . . . . . . . . .	L Near	 00000000 FLAT	External STDCALL
Arr_of_Rec . . . . . . . . . . .	Date_pack  0000004A _DATA	
Arr_of_Struc . . . . . . . . . .	Date_unpack  00000056 _DATA	
Black  . . . . . . . . . . . . .	Number	 00000000h   
Blue . . . . . . . . . . . . . .	Number	 00000001h   
Bright . . . . . . . . . . . . .	Number	 00000008h   
Brown  . . . . . . . . . . . . .	Number	 00000006h   
CLRSCR . . . . . . . . . . . . .	Text   	 ClrScr
CREATE_ALWAYS  . . . . . . . . .	Number	 00000002h   
CREATE_NEW . . . . . . . . . . .	Number	 00000001h   
CharToOem  . . . . . . . . . . .	Text   	 CharToOemA
Cls  . . . . . . . . . . . . . .	Text   	 ClrScr
CreateFile . . . . . . . . . . .	Text   	 CreateFileA
Cyan . . . . . . . . . . . . . .	Number	 00000003h   
D1 . . . . . . . . . . . . . . .	Date_pack  00000046 _DATA	
D2 . . . . . . . . . . . . . . .	Date_pack  00000048 _DATA	
DISPOSE  . . . . . . . . . . . .	Text   	 dispose
DarkGray . . . . . . . . . . . .	Number	 00000008h   
Dispose  . . . . . . . . . . . .	Text   	 dispose
EXIT . . . . . . . . . . . . . .	Text   	 exit
Exit . . . . . . . . . . . . . .	Text   	 exit
FILE_ATTRIBUTE_ARCHIVE . . . . .	Number	 00000020h   
FILE_ATTRIBUTE_COMPRESSED  . . .	Number	 00000800h   
FILE_ATTRIBUTE_DIRECTORY . . . .	Number	 00000010h   
FILE_ATTRIBUTE_HIDDEN  . . . . .	Number	 00000002h   
FILE_ATTRIBUTE_NORMAL  . . . . .	Number	 00000080h   
FILE_ATTRIBUTE_READONLY  . . . .	Number	 00000001h   
FILE_ATTRIBUTE_SYSTEM  . . . . .	Number	 00000004h   
FILE_ATTRIBUTE_TEMPORARY . . . .	Number	 00000100h   
FLUSH  . . . . . . . . . . . . .	Text   	 flush
Flush  . . . . . . . . . . . . .	Text   	 flush
FreeConsole@0  . . . . . . . . .	L Near	 00000000 FLAT	External STDCALL
GENERIC_ALL  . . . . . . . . . .	Number	 10000000h   
GENERIC_EXECUTE  . . . . . . . .	Number	 20000000h   
GENERIC_READ . . . . . . . . . .	Number	 -80000000h   
GENERIC_WRITE  . . . . . . . . .	Number	 40000000h   
GMEM_FIXED . . . . . . . . . . .	Number	 00000000h   
GMEM_ZEROINIT  . . . . . . . . .	Number	 00000040h   
GOTOXY . . . . . . . . . . . . .	Text   	 gotoXY
GetModuleHandle  . . . . . . . .	Text   	 GetModuleHandleA
GotoXY . . . . . . . . . . . . .	Text   	 gotoXY
Green  . . . . . . . . . . . . .	Number	 00000002h   
IDABORT  . . . . . . . . . . . .	Number	 00000003h   
IDCANCEL . . . . . . . . . . . .	Number	 00000002h   
IDIGNORE . . . . . . . . . . . .	Number	 00000005h   
IDNO . . . . . . . . . . . . . .	Number	 00000007h   
IDOK . . . . . . . . . . . . . .	Number	 00000001h   
IDRETRY  . . . . . . . . . . . .	Number	 00000004h   
IDYES  . . . . . . . . . . . . .	Number	 00000006h   
INCHAR . . . . . . . . . . . . .	Text   	 inchar
ININTLN  . . . . . . . . . . . .	Text   	 inintln
ININT  . . . . . . . . . . . . .	Text   	 inint
INPUTSTR . . . . . . . . . . . .	Text   	 InputStr
InChar . . . . . . . . . . . . .	Text   	 inchar
InInt  . . . . . . . . . . . . .	Text   	 inint
Inchar . . . . . . . . . . . . .	Text   	 inchar
InintLn  . . . . . . . . . . . .	Text   	 inintln
Inintln  . . . . . . . . . . . .	Text   	 inintln
Inint  . . . . . . . . . . . . .	Text   	 inint
L1 . . . . . . . . . . . . . . .	L Near	 00000087 _TEXT	
L2 . . . . . . . . . . . . . . .	L Near	 0000017C _TEXT	
L4 . . . . . . . . . . . . . . .	L Near	 00000351 _TEXT	
L5 . . . . . . . . . . . . . . .	L Near	 00000371 _TEXT	
LANG_NEUTRAL . . . . . . . . . .	Number	 00000000h   
LightBlue  . . . . . . . . . . .	Number	 00000009h   
LightGray  . . . . . . . . . . .	Number	 00000007h   
LightGreen . . . . . . . . . . .	Number	 0000000Ah   
LightMagenta . . . . . . . . . .	Number	 0000000Dh   
LightRed . . . . . . . . . . . .	Number	 0000000Ch   
L  . . . . . . . . . . . . . . .	L Near	 0000006E _TEXT	
MB_ABORTRETRYIGNORE  . . . . . .	Number	 00000002h   
MB_CANCELTRYCONTINUE . . . . . .	Number	 00000006h   
MB_DEFBUTTON1  . . . . . . . . .	Number	 00000000h   
MB_DEFBUTTON2  . . . . . . . . .	Number	 00000100h   
MB_DEFBUTTON3  . . . . . . . . .	Number	 00000200h   
MB_DEFBUTTON4  . . . . . . . . .	Number	 00000300h   
MB_HELP  . . . . . . . . . . . .	Number	 00004000h   
MB_ICONASTERISK  . . . . . . . .	Number	 00000040h   
MB_ICONEXCLAMATION . . . . . . .	Number	 00000030h   
MB_ICONHAND  . . . . . . . . . .	Number	 00000008h   
MB_ICONQUESTION  . . . . . . . .	Number	 00000020h   
MB_ICONSTOP  . . . . . . . . . .	Number	 00000010h   
MB_OKCANCEL  . . . . . . . . . .	Number	 00000001h   
MB_OK  . . . . . . . . . . . . .	Number	 00000000h   
MB_RETRYCANCEL . . . . . . . . .	Number	 00000005h   
MB_RIGHT . . . . . . . . . . . .	Number	 00080000h   
MB_SYSTEMMODAL . . . . . . . . .	Number	 00001000h   
MB_USERICON  . . . . . . . . . .	Number	 00000080h   
MB_YESNOCANCEL . . . . . . . . .	Number	 00000003h   
MB_YESNO . . . . . . . . . . . .	Number	 00000004h   
MSGBOX . . . . . . . . . . . . .	Text   	 MsgBox
Magenta  . . . . . . . . . . . .	Number	 00000005h   
MessageBoxIndirect . . . . . . .	Text   	 MessageBoxIndirectA
MessageBox . . . . . . . . . . .	Text   	 MessageBoxA
NEWLINE  . . . . . . . . . . . .	Text   	 newline
NEW  . . . . . . . . . . . . . .	Text   	 new
NO . . . . . . . . . . . . . . .	L Near	 000001D7 _TEXT	
NULL . . . . . . . . . . . . . .	Number	 00000000h   
NewLine  . . . . . . . . . . . .	Text   	 newline
Newline  . . . . . . . . . . . .	Text   	 newline
New  . . . . . . . . . . . . . .	Text   	 new
N  . . . . . . . . . . . . . . .	Number	 00000006h   
OPEN_ALWAYS  . . . . . . . . . .	Number	 00000004h   
OPEN_EXISTING  . . . . . . . . .	Number	 00000003h   
OUTCHARLN  . . . . . . . . . . .	Text   	 outcharln
OUTCHAR  . . . . . . . . . . . .	Text   	 outchar
OUTCH  . . . . . . . . . . . . .	Text   	 outchar
OUTCLN . . . . . . . . . . . . .	Text   	 outcharln
OUTDATELN  . . . . . . . . . . .	Text   	 outdateln
OUTDATE  . . . . . . . . . . . .	Text   	 outdate
OUTINTLN . . . . . . . . . . . .	Text   	 outintln
OUTINT . . . . . . . . . . . . .	Text   	 outint
OUTI . . . . . . . . . . . . . .	Text   	 outint
OUTSTRLN . . . . . . . . . . . .	Text   	 outstrln
OUTSTR . . . . . . . . . . . . .	Text   	 outstr
OUTTIMELN  . . . . . . . . . . .	Text   	 outtimeln
OUTTIME  . . . . . . . . . . . .	Text   	 outtime
OUTU . . . . . . . . . . . . . .	Text   	 outword
OUTWORDLN  . . . . . . . . . . .	Text   	 outwordln
OUTWORD  . . . . . . . . . . . .	Text   	 outword
OutCharLn  . . . . . . . . . . .	Text   	 outcharln
OutCharln  . . . . . . . . . . .	Text   	 outcharln
OutChar  . . . . . . . . . . . .	Text   	 outchar
OutDateLn  . . . . . . . . . . .	Text   	 outdateln
OutDateln  . . . . . . . . . . .	Text   	 outdateln
OutDate  . . . . . . . . . . . .	Text   	 outdate
OutILn . . . . . . . . . . . . .	Text   	 outintln
OutIln . . . . . . . . . . . . .	Text   	 outintln
OutIntLn . . . . . . . . . . . .	Text   	 outintln
OutInt . . . . . . . . . . . . .	Text   	 outint
OutI . . . . . . . . . . . . . .	Text   	 outint
OutNumLn . . . . . . . . . . . .	Text   	 outnumln
OutNumln . . . . . . . . . . . .	Text   	 outnumln
OutNum . . . . . . . . . . . . .	Text   	 outnum
OutStrLn . . . . . . . . . . . .	Text   	 outstrln
OutStr . . . . . . . . . . . . .	Text   	 outstr
OutTimeLn  . . . . . . . . . . .	Text   	 outtimeln
OutTimeln  . . . . . . . . . . .	Text   	 outtimeln
OutTime  . . . . . . . . . . . .	Text   	 outtime
OutULn . . . . . . . . . . . . .	Text   	 outwordln
OutUln . . . . . . . . . . . . .	Text   	 outwordln
OutUnsignedLn  . . . . . . . . .	Text   	 outwordln
OutUnsignedln  . . . . . . . . .	Text   	 outwordln
OutUnsigned  . . . . . . . . . .	Text   	 outword
OutU . . . . . . . . . . . . . .	Text   	 outword
OutWordLn  . . . . . . . . . . .	Text   	 outwordln
OutWord  . . . . . . . . . . . .	Text   	 outword
OutintLn . . . . . . . . . . . .	Text   	 outintln
Outintln . . . . . . . . . . . .	Text   	 outintln
Outint . . . . . . . . . . . . .	Text   	 outint
OutstrLn . . . . . . . . . . . .	Text   	 outstrln
OutwordLn  . . . . . . . . . . .	Text   	 outwordln
Outword  . . . . . . . . . . . .	Text   	 outword
PAGE_EXECUTE_READWRITE . . . . .	Number	 00000040h   
PAGE_EXECUTE_READ  . . . . . . .	Number	 00000020h   
PAGE_EXECUTE_WRITECOPY . . . . .	Number	 00000080h   
PAGE_EXECUTE . . . . . . . . . .	Number	 00000010h   
PAGE_NOACCESS  . . . . . . . . .	Number	 00000001h   
PAGE_READONLY  . . . . . . . . .	Number	 00000002h   
PAGE_READWRITE . . . . . . . . .	Number	 00000004h   
PAGE_WRITECOPY . . . . . . . . .	Number	 00000008h   
PAUSE  . . . . . . . . . . . . .	Text   	 pause
Pause  . . . . . . . . . . . . .	Text   	 pause
READKEY  . . . . . . . . . . . .	Text   	 readkey
ReadKey  . . . . . . . . . . . .	Text   	 readkey
Red  . . . . . . . . . . . . . .	Number	 00000004h   
STD_ERROR_HANDLE . . . . . . . .	Number	 -0000000Ch   
STD_INPUT_HANDLE . . . . . . . .	Number	 -0000000Ah   
STD_OUTPUT_HANDLE  . . . . . . .	Number	 -0000000Bh   
SetConsoleTitle  . . . . . . . .	Text   	 SetConsoleTitleA
Start  . . . . . . . . . . . . .	L Near	 00000000 _TEXT	Public STDCALL
TRUNCATE_EXISTING  . . . . . . .	Number	 00000005h   
T  . . . . . . . . . . . . . . .	Byte	 00000019 _DATA	
URLDownloadToFile  . . . . . . .	Text   	 URLDownloadToFileA
White  . . . . . . . . . . . . .	Number	 0000000Fh   
Yellow . . . . . . . . . . . . .	Number	 0000000Eh   
_imp___exit  . . . . . . . . . .	DWord	 00000000 FLAT	External STDCALL
_imp__printf . . . . . . . . . .	DWord	 00000000 FLAT	External STDCALL
_imp__sprintf  . . . . . . . . .	DWord	 00000000 FLAT	External STDCALL
black  . . . . . . . . . . . . .	Number	 00000000h   
blue . . . . . . . . . . . . . .	Number	 00000001h   
bright . . . . . . . . . . . . .	Number	 00000008h   
brown  . . . . . . . . . . . . .	Number	 00000006h   
clrscr . . . . . . . . . . . . .	Text   	 ClrScr
crt__exit  . . . . . . . . . . .	Text   	 _imp___exit
crt_printf . . . . . . . . . . .	Text   	 _imp__printf
crt_sprintf  . . . . . . . . . .	Text   	 _imp__sprintf
cyan . . . . . . . . . . . . . .	Number	 00000003h   
darkgray . . . . . . . . . . . .	Number	 00000008h   
dos  . . . . . . . . . . . . . .	Text   	 DOS
downloadfile . . . . . . . . . .	Text   	 DownloadFile
gotoxy . . . . . . . . . . . . .	Text   	 gotoXY
green  . . . . . . . . . . . . .	Number	 00000002h   
heapblocksize  . . . . . . . . .	Text   	 HeapBlockSize
inint_proc@0 . . . . . . . . . .	L Near	 00000000 FLAT	External STDCALL
inputstr . . . . . . . . . . . .	Text   	 InputStr
lightblue  . . . . . . . . . . .	Number	 00000009h   
lightgray  . . . . . . . . . . .	Number	 00000007h   
lightgreen . . . . . . . . . . .	Number	 0000000Ah   
lightmagenta . . . . . . . . . .	Number	 0000000Dh   
lightred . . . . . . . . . . . .	Number	 0000000Ch   
magenta  . . . . . . . . . . . .	Number	 00000005h   
msgbox . . . . . . . . . . . . .	Text   	 MsgBox
nil  . . . . . . . . . . . . . .	DWord 	 00000000h   
outch  . . . . . . . . . . . . .	Text   	 outchar
outintLn . . . . . . . . . . . .	Text   	 outintln
outi . . . . . . . . . . . . . .	Text   	 outint
outu . . . . . . . . . . . . . .	Text   	 outword
outwordLn  . . . . . . . . . . .	Text   	 outwordln
o  . . . . . . . . . . . . . . .	L Near	 00000215 _TEXT	
randomize  . . . . . . . . . . .	Text   	 Randomize
red  . . . . . . . . . . . . . .	Number	 00000004h   
settextattr  . . . . . . . . . .	Text   	 SetTextAttr
whereX . . . . . . . . . . . . .	Text   	 WhereX
whereY . . . . . . . . . . . . .	Text   	 WhereY
wherex . . . . . . . . . . . . .	Text   	 WhereX
wherey . . . . . . . . . . . . .	Text   	 WhereY
white  . . . . . . . . . . . . .	Number	 0000000Fh   
yellow . . . . . . . . . . . . .	Number	 0000000Eh   

	   0 Warnings
	   0 Errors
