Microsoft (R) Macro Assembler Version 6.14.8444		    03/08/23 14:21:31
prog1.asm						     Page 1 - 1


				include console.inc
			      C .NOLIST
			      C .LIST
			      C ; Исключение из списка служебных слов
			      C option NoKeyWord: <c name str>
			      C 
			      C 
			      C 
			      C ;include masm32.inc
			      C 
			      C    includelib masm32.lib
			      C    includelib user32.lib
			      C    includelib kernel32.lib
			      C    includelib msvcrt.lib
			      C    includelib io_proc.lib
			      C    
			      C 

				COMMENT *
				    Первая программа: проверка работы некоторых макрокоманд ввода/вывода.

				    Директивы, команды и макрокоманды программы на ассемблере записываются
				    с одинаковым отступом. Например 4 пробела. Можно 6 или 8.
				    Рекомендуется использовать для записи программы, включая комментарии, 
				    строки не длиннее 80 символов.
				    Рекомендуется записывать текст программы, содержащей русские буквы, в 
				    кодировке Windows 1251 / ANSI (1251)
				    
				    Описание макрокоманд см. в главе 6, разделе 6.5.1 на стр.8 пособия
				    http://arch32.cs.msu.su/Page2.htm    (В.Г.Баула)
				    
				    Многострочный коментарий завершается тем же символом, который стоит
				    после диррективы COMMENT и не встречается в тексте комментария. 
				    В данном случае этот символ - звёздочка.
				*
 00000019			.data
				;   здесь размещаются директивы резервирования памяти 
				;   (как правило, в этой же секции размещаются и описания констант)
 00000019 C8 E4 E5 E0 EB	T   db "Идеальный Студент (группа 100)      "   ; информация об авторе программы
	   FC ED FB E9 20
	   D1 F2 F3 E4 E5
	   ED F2 20 28 E3
	   F0 F3 EF EF E0
	   20 31 30 30 29
	   20 20 20 20 20
	   20
 0000003D  C7 E0 E4 E0 F7	    db "Задача_0 (блок_0) 'Первые шаги'",0      ; информация о решаемой задаче  
	   E0 5F 30 20 28
	   E1 EB EE EA 5F
	   30 29 20 27 CF
	   E5 F0 E2 FB E5
	   20 F8 E0 E3 E8
	   27 00
 = 00000003			N   equ 3                                       ; числовая константа 
 0000005D 00			B   db ?, N-1 dup(200)                          ; байтовый массив из N элементов
	   00000002 [
	    C8
	   ]

 00000000			.code
				; Головной программный модуль начинается с метки Start: 
				; и заканчивается диррективой end Start
 00000000			Start:
				;   здесь размещаются команды программы
				    ConsoleTitle offset T       ; текст выводимого сообщения задан в строке Т
				                                ; можно без Т в виде ConsoleTitle "сообщение"

				;   предлагается выполнить проверку работы этой программы для случаев:
				;   а) ВL=50; б) BL=250; в) BL=56; г) BL=-5; д) свой вариант ввода

				    inint BL,"ВL="              ; ввод в ВL числа из диапазона [-128..255]
				    outword BL,,"ВL(б/зн)="     ; вывод этого числа как беззнакового
				    newline                     ; перевод курсора на новую строку
				    outintln BL,,"ВL(c/зн)="    ; вывод этого числа как знакового
				                                ; с одновременным переводом курсора
				    
 00000226  00 1D 0000005E R	    add B+1,BL                  ; увеличение байта с адресом В+1 на ВL
				    outwordln B+1,,"В+1(б/зн)=" ; вывод содержимого этого байта как б/зн
				    outintln B+1,,"В+1(c/зн)="  ; вывод содержимого этого байта как c/зн
				    
 000003BC  28 1D 0000005F R	    sub B+2,BL                  ; уменьшение байта с адресом В+2 на ВL
				    outwordln B+2,,"В+2(б/зн)=" ; вывод содержимого этого байта как б/зн
				    outintln B+2,,"В+2(c/зн)="  ; вывод содержимого этого байта как c/зн
				    
 00000552  C6 05 0000005D R	    mov B,4*N+4294967295        ; (4*N+4294967295) mod 2^32 => в байт с адр. В
	   0B
				                                ; внимание: выражения ЯА вычисл. по mod 2^32
				                                ; (здесь 4294967295=2^32-1=(-1)доп для к=32)
				    outwordln B,,"В(б/зн)="     ; вывод содержимого байта с адр. В как б/зн
				    outintln B,,"В(c/зн)="      ; вывод содержимого байта с адр. В как c/зн
				    
				    pause                       ; нужно при сдаче блоков (в машзале - не нужно)
				    exit                        ; завершение выполнения программы (останов)
				end Start
Microsoft (R) Macro Assembler Version 6.14.8444		    03/08/23 14:21:31
prog1.asm						     Symbols 2 - 1




Macros:

                N a m e                 Type

??CheckStrToBuf  . . . . . . . .	Proc
??FindESP  . . . . . . . . . . .	Proc
??RestoreReg . . . . . . . . . .	Proc
??SaveReg  . . . . . . . . . . .	Proc
@GetCommandLine  . . . . . . . .	Func
@Random  . . . . . . . . . . . .	Func
@inchar  . . . . . . . . . . . .	Func
@inintln . . . . . . . . . . . .	Func
@inint . . . . . . . . . . . . .	Func
@readkey . . . . . . . . . . . .	Func
ChagePageAttr  . . . . . . . . .	Proc
ClrScr . . . . . . . . . . . . .	Proc
ConsoleMode  . . . . . . . . . .	Proc
ConsoleTitle . . . . . . . . . .	Proc
DOS  . . . . . . . . . . . . . .	Func
DownloadFile . . . . . . . . . .	Proc
GetConsoleTitle  . . . . . . . .	Proc
HeapBlockSize  . . . . . . . . .	Proc
InputStr . . . . . . . . . . . .	Proc
MsgBox . . . . . . . . . . . . .	Proc
NewConsole . . . . . . . . . . .	Proc
OpenFile . . . . . . . . . . . .	Proc
OutFlags . . . . . . . . . . . .	Proc
Randomize  . . . . . . . . . . .	Proc
RunExe . . . . . . . . . . . . .	Proc
SetScreenSize  . . . . . . . . .	Proc
SetTextAttr  . . . . . . . . . .	Proc
TotalHeapAllocated . . . . . . .	Proc
WhereX . . . . . . . . . . . . .	Proc
WhereY . . . . . . . . . . . . .	Proc
dispose  . . . . . . . . . . . .	Proc
exit . . . . . . . . . . . . . .	Proc
flush  . . . . . . . . . . . . .	Proc
gotoXY . . . . . . . . . . . . .	Proc
inchar . . . . . . . . . . . . .	Proc
inintln  . . . . . . . . . . . .	Proc
inint  . . . . . . . . . . . . .	Proc
newline  . . . . . . . . . . . .	Proc
new  . . . . . . . . . . . . . .	Proc
outcharln  . . . . . . . . . . .	Proc
outchar  . . . . . . . . . . . .	Proc
outdateln  . . . . . . . . . . .	Proc
outdate  . . . . . . . . . . . .	Proc
outintln . . . . . . . . . . . .	Proc
outint . . . . . . . . . . . . .	Proc
outnumln . . . . . . . . . . . .	Proc
outnum . . . . . . . . . . . . .	Proc
outstrln . . . . . . . . . . . .	Proc
outstr . . . . . . . . . . . . .	Proc
outtimeln  . . . . . . . . . . .	Proc
outtime  . . . . . . . . . . . .	Proc
outwordln  . . . . . . . . . . .	Proc
outword  . . . . . . . . . . . .	Proc
pause  . . . . . . . . . . . . .	Proc
readkey  . . . . . . . . . . . .	Proc


Structures and Unions:

                N a m e                  Size
                                         Offset      Type

CONSOLE_SCREEN_BUFFER_INFO . . .	 00000016
  dwSize . . . . . . . . . . . .	 00000000	 DWord
  dwCursorPosition . . . . . . .	 00000004	 DWord
  wAttributes  . . . . . . . . .	 00000008	 Word
  srWindow . . . . . . . . . . .	 0000000A	 QWord
  dwMaximumWindowSize  . . . . .	 00000012	 DWord
COORD  . . . . . . . . . . . . .	 00000004
  x  . . . . . . . . . . . . . .	 00000000	 Word
  y  . . . . . . . . . . . . . .	 00000002	 Word
SMALL_RECT . . . . . . . . . . .	 00000008
  Left . . . . . . . . . . . . .	 00000000	 Word
  Top  . . . . . . . . . . . . .	 00000002	 Word
  Right  . . . . . . . . . . . .	 00000004	 Word
  Bottom . . . . . . . . . . . .	 00000006	 Word
SystemTime . . . . . . . . . . .	 00000010
  wYear  . . . . . . . . . . . .	 00000000	 Word
  wMonth . . . . . . . . . . . .	 00000002	 Word
  wDayOfWeek . . . . . . . . . .	 00000004	 Word
  wDay . . . . . . . . . . . . .	 00000006	 Word
  wHour  . . . . . . . . . . . .	 00000008	 Word
  wMinute  . . . . . . . . . . .	 0000000A	 Word
  wSecond  . . . . . . . . . . .	 0000000C	 Word
  wMilliseconds  . . . . . . . .	 0000000E	 Word


Types:

                N a m e                  Size     Attr

c_msvcrt . . . . . . . . . . . .	 00000004     CODE 


Segments and Groups:

                N a m e                 Size     Length   Align   Combine Class

FLAT . . . . . . . . . . . . . .	GROUP
STACK  . . . . . . . . . . . . .	32 Bit	 00001000 Para	  Stack	  'STACK'	 
_DATA  . . . . . . . . . . . . .	32 Bit	 00000D00 Para	  Public  'DATA'	
_TEXT  . . . . . . . . . . . . .	32 Bit	 0000076E Para	  Public  'CODE'	


Procedures,  parameters and locals:

                N a m e                 Type     Value    Attr

CharToOemA . . . . . . . . . . .	P Near	 00000000 FLAT	Length= 00000000 External STDCALL
ClearScreen  . . . . . . . . . .	P Near	 00000000 FLAT	Length= 00000000 External STDCALL
CloseHandle  . . . . . . . . . .	P Near	 00000000 FLAT	Length= 00000000 External STDCALL
CreateFileA  . . . . . . . . . .	P Near	 00000000 FLAT	Length= 00000000 External STDCALL
ExitProcess  . . . . . . . . . .	P Near	 00000000 FLAT	Length= 00000000 External STDCALL
GetCommandLineA  . . . . . . . .	P Near	 00000000 FLAT	Length= 00000000 External STDCALL
GetConsoleScreenBufferInfo . . .	P Near	 00000000 FLAT	Length= 00000000 External STDCALL
GetConsoleTitleA . . . . . . . .	P Near	 00000000 FLAT	Length= 00000000 External STDCALL
GetModuleHandleA . . . . . . . .	P Near	 00000000 FLAT	Length= 00000000 External STDCALL
GetStdHandle . . . . . . . . . .	P Near	 00000000 FLAT	Length= 00000000 External STDCALL
GetSystemMetrics . . . . . . . .	P Near	 00000000 FLAT	Length= 00000000 External STDCALL
GetSystemTime  . . . . . . . . .	P Near	 00000000 FLAT	Length= 00000000 External STDCALL
GetTickCount . . . . . . . . . .	P Near	 00000000 FLAT	Length= 00000000 External STDCALL
GlobalAlloc  . . . . . . . . . .	P Near	 00000000 FLAT	Length= 00000000 External STDCALL
GlobalFree . . . . . . . . . . .	P Near	 00000000 FLAT	Length= 00000000 External STDCALL
GlobalSize . . . . . . . . . . .	P Near	 00000000 FLAT	Length= 00000000 External STDCALL
InternetGetConnectedState  . . .	P Near	 00000000 FLAT	Length= 00000000 External STDCALL
MessageBoxA  . . . . . . . . . .	P Near	 00000000 FLAT	Length= 00000000 External STDCALL
MessageBoxIndirectA  . . . . . .	P Near	 00000000 FLAT	Length= 00000000 External STDCALL
SetConsoleCtrlHandler  . . . . .	P Near	 00000000 FLAT	Length= 00000000 External STDCALL
SetConsoleCursorPosition . . . .	P Near	 00000000 FLAT	Length= 00000000 External STDCALL
SetConsoleScreenBufferSize . . .	P Near	 00000000 FLAT	Length= 00000000 External STDCALL
SetConsoleTextAttribute  . . . .	P Near	 00000000 FLAT	Length= 00000000 External STDCALL
SetConsoleTitleA . . . . . . . .	P Near	 00000000 FLAT	Length= 00000000 External STDCALL
Sleep  . . . . . . . . . . . . .	P Near	 00000000 FLAT	Length= 00000000 External STDCALL
StdIn  . . . . . . . . . . . . .	P Near	 00000000 FLAT	Length= 00000000 External STDCALL
StdOut . . . . . . . . . . . . .	P Near	 00000000 FLAT	Length= 00000000 External STDCALL
URLDownloadToFileA . . . . . . .	P Near	 00000000 FLAT	Length= 00000000 External STDCALL
VirtualProtect . . . . . . . . .	P Near	 00000000 FLAT	Length= 00000000 External STDCALL
nrandom  . . . . . . . . . . . .	P Near	 00000000 FLAT	Length= 00000000 External STDCALL
nseed  . . . . . . . . . . . . .	P Near	 00000000 FLAT	Length= 00000000 External STDCALL
shell_ex . . . . . . . . . . . .	P Near	 00000000 FLAT	Length= 00000000 External STDCALL
shell  . . . . . . . . . . . . .	P Near	 00000000 FLAT	Length= 00000000 External STDCALL
wait_key . . . . . . . . . . . .	P Near	 00000000 FLAT	Length= 00000000 External STDCALL


Symbols:

                N a m e                 Type     Value    Attr

??0000 . . . . . . . . . . . . .	Byte	 00000061 _DATA	
??0001 . . . . . . . . . . . . .	Text   	 o
??0002 . . . . . . . . . . . . .	Byte	 00000060 _DATA	
??0003 . . . . . . . . . . . . .	L Near	 00000012 _TEXT	
??0004 . . . . . . . . . . . . .	L Near	 00000048 _TEXT	
??0005 . . . . . . . . . . . . .	Number	 00000001h   
??0006 . . . . . . . . . . . . .	DWord	 0000018D _DATA	
??0007 . . . . . . . . . . . . .	Byte	 00000196 _DATA	
??0008 . . . . . . . . . . . . .	Byte	 00000192 _DATA	
??0009 . . . . . . . . . . . . .	Text   	 "
??000A . . . . . . . . . . . . .	Byte	 00000191 _DATA	
??000C . . . . . . . . . . . . .	L Near	 0000007D _TEXT	
??000D . . . . . . . . . . . . .	Number	 00000000h   
??000E . . . . . . . . . . . . .	Number	 00000001h   
??000F . . . . . . . . . . . . .	Number	 00000000h   
??0010 . . . . . . . . . . . . .	Byte	 000001A7 _DATA	
??0018 . . . . . . . . . . . . .	Number	 00000001h   
??001A . . . . . . . . . . . . .	Byte	 000001A4 _DATA	
??001B . . . . . . . . . . . . .	Byte	 0000019A _DATA	
??001C . . . . . . . . . . . . .	Text   	 "
??001D . . . . . . . . . . . . .	Byte	 00000199 _DATA	
??001F . . . . . . . . . . . . .	L Near	 000000C9 _TEXT	
??0020 . . . . . . . . . . . . .	Byte	 000001AA _DATA	
??0021 . . . . . . . . . . . . .	Number	 00000000h   
??0022 . . . . . . . . . . . . .	Byte	 000001AD _DATA	
??0024 . . . . . . . . . . . . .	Byte	 000002DC _DATA	
??0025 . . . . . . . . . . . . .	Byte	 000001B0 _DATA	
??0026 . . . . . . . . . . . . .	Text   	 o
??0027 . . . . . . . . . . . . .	Byte	 000001AF _DATA	
??0028 . . . . . . . . . . . . .	L Near	 00000115 _TEXT	
??0029 . . . . . . . . . . . . .	L Near	 0000014B _TEXT	
??002A . . . . . . . . . . . . .	Number	 00000000h   
??002B . . . . . . . . . . . . .	Number	 00000001h   
??002C . . . . . . . . . . . . .	Number	 00000000h   
??002D . . . . . . . . . . . . .	Byte	 000002ED _DATA	
??0035 . . . . . . . . . . . . .	Number	 00000001h   
??0037 . . . . . . . . . . . . .	Byte	 000002EA _DATA	
??0038 . . . . . . . . . . . . .	Byte	 000002E0 _DATA	
??0039 . . . . . . . . . . . . .	Text   	 "
??003A . . . . . . . . . . . . .	Byte	 000002DF _DATA	
??003C . . . . . . . . . . . . .	L Near	 0000018D _TEXT	
??003D . . . . . . . . . . . . .	Byte	 000002F0 _DATA	
??003E . . . . . . . . . . . . .	Number	 00000000h   
??003F . . . . . . . . . . . . .	Byte	 000002F3 _DATA	
??0041 . . . . . . . . . . . . .	Byte	 00000422 _DATA	
??0042 . . . . . . . . . . . . .	Byte	 000002F6 _DATA	
??0043 . . . . . . . . . . . . .	Text   	 o
??0044 . . . . . . . . . . . . .	Byte	 000002F5 _DATA	
??0045 . . . . . . . . . . . . .	L Near	 000001D9 _TEXT	
??0046 . . . . . . . . . . . . .	L Near	 0000020F _TEXT	
??0047 . . . . . . . . . . . . .	Number	 00000001h   
??0048 . . . . . . . . . . . . .	Number	 00000002h   
??0049 . . . . . . . . . . . . .	Number	 00000000h   
??004A . . . . . . . . . . . . .	Byte	 00000434 _DATA	
??0052 . . . . . . . . . . . . .	Number	 00000001h   
??0054 . . . . . . . . . . . . .	Byte	 00000431 _DATA	
??0055 . . . . . . . . . . . . .	Byte	 00000426 _DATA	
??0056 . . . . . . . . . . . . .	Text   	 "
??0057 . . . . . . . . . . . . .	Byte	 00000425 _DATA	
??0059 . . . . . . . . . . . . .	L Near	 00000257 _TEXT	
??005A . . . . . . . . . . . . .	Byte	 00000437 _DATA	
??005B . . . . . . . . . . . . .	Number	 00000000h   
??005C . . . . . . . . . . . . .	Byte	 0000043A _DATA	
??005E . . . . . . . . . . . . .	Byte	 00000569 _DATA	
??005F . . . . . . . . . . . . .	Byte	 0000043D _DATA	
??0060 . . . . . . . . . . . . .	Text   	 o
??0061 . . . . . . . . . . . . .	Byte	 0000043C _DATA	
??0062 . . . . . . . . . . . . .	L Near	 000002A7 _TEXT	
??0063 . . . . . . . . . . . . .	L Near	 000002DD _TEXT	
??0064 . . . . . . . . . . . . .	Number	 00000001h   
??0065 . . . . . . . . . . . . .	Number	 00000002h   
??0066 . . . . . . . . . . . . .	Number	 00000000h   
??0067 . . . . . . . . . . . . .	Byte	 0000057B _DATA	
??006F . . . . . . . . . . . . .	Number	 00000001h   
??0071 . . . . . . . . . . . . .	Byte	 00000578 _DATA	
??0072 . . . . . . . . . . . . .	Byte	 0000056D _DATA	
??0073 . . . . . . . . . . . . .	Text   	 "
??0074 . . . . . . . . . . . . .	Byte	 0000056C _DATA	
??0076 . . . . . . . . . . . . .	L Near	 0000031F _TEXT	
??0077 . . . . . . . . . . . . .	Byte	 0000057E _DATA	
??0078 . . . . . . . . . . . . .	Number	 00000000h   
??0079 . . . . . . . . . . . . .	Byte	 00000581 _DATA	
??007B . . . . . . . . . . . . .	Byte	 000006B0 _DATA	
??007C . . . . . . . . . . . . .	Byte	 00000584 _DATA	
??007D . . . . . . . . . . . . .	Text   	 o
??007E . . . . . . . . . . . . .	Byte	 00000583 _DATA	
??007F . . . . . . . . . . . . .	L Near	 0000036F _TEXT	
??0080 . . . . . . . . . . . . .	L Near	 000003A5 _TEXT	
??0081 . . . . . . . . . . . . .	Number	 00000001h   
??0082 . . . . . . . . . . . . .	Number	 00000002h   
??0083 . . . . . . . . . . . . .	Number	 00000000h   
??0084 . . . . . . . . . . . . .	Byte	 000006C2 _DATA	
??008C . . . . . . . . . . . . .	Number	 00000001h   
??008E . . . . . . . . . . . . .	Byte	 000006BF _DATA	
??008F . . . . . . . . . . . . .	Byte	 000006B4 _DATA	
??0090 . . . . . . . . . . . . .	Text   	 "
??0091 . . . . . . . . . . . . .	Byte	 000006B3 _DATA	
??0093 . . . . . . . . . . . . .	L Near	 000003ED _TEXT	
??0094 . . . . . . . . . . . . .	Byte	 000006C5 _DATA	
??0095 . . . . . . . . . . . . .	Number	 00000000h   
??0096 . . . . . . . . . . . . .	Byte	 000006C8 _DATA	
??0098 . . . . . . . . . . . . .	Byte	 000007F7 _DATA	
??0099 . . . . . . . . . . . . .	Byte	 000006CB _DATA	
??009A . . . . . . . . . . . . .	Text   	 o
??009B . . . . . . . . . . . . .	Byte	 000006CA _DATA	
??009C . . . . . . . . . . . . .	L Near	 0000043D _TEXT	
??009D . . . . . . . . . . . . .	L Near	 00000473 _TEXT	
??009E . . . . . . . . . . . . .	Number	 00000001h   
??009F . . . . . . . . . . . . .	Number	 00000002h   
??00A0 . . . . . . . . . . . . .	Number	 00000000h   
??00A1 . . . . . . . . . . . . .	Byte	 00000809 _DATA	
??00A9 . . . . . . . . . . . . .	Number	 00000001h   
??00AB . . . . . . . . . . . . .	Byte	 00000806 _DATA	
??00AC . . . . . . . . . . . . .	Byte	 000007FB _DATA	
??00AD . . . . . . . . . . . . .	Text   	 "
??00AE . . . . . . . . . . . . .	Byte	 000007FA _DATA	
??00B0 . . . . . . . . . . . . .	L Near	 000004B5 _TEXT	
??00B1 . . . . . . . . . . . . .	Byte	 0000080C _DATA	
??00B2 . . . . . . . . . . . . .	Number	 00000000h   
??00B3 . . . . . . . . . . . . .	Byte	 0000080F _DATA	
??00B5 . . . . . . . . . . . . .	Byte	 0000093E _DATA	
??00B6 . . . . . . . . . . . . .	Byte	 00000812 _DATA	
??00B7 . . . . . . . . . . . . .	Text   	 o
??00B8 . . . . . . . . . . . . .	Byte	 00000811 _DATA	
??00B9 . . . . . . . . . . . . .	L Near	 00000505 _TEXT	
??00BA . . . . . . . . . . . . .	L Near	 0000053B _TEXT	
??00BB . . . . . . . . . . . . .	Number	 -00000001h   
??00BC . . . . . . . . . . . . .	Number	 00000001h   
??00BD . . . . . . . . . . . . .	Number	 00000000h   
??00BE . . . . . . . . . . . . .	Byte	 0000094E _DATA	
??00C6 . . . . . . . . . . . . .	Number	 00000001h   
??00C8 . . . . . . . . . . . . .	Byte	 0000094B _DATA	
??00C9 . . . . . . . . . . . . .	Byte	 00000942 _DATA	
??00CA . . . . . . . . . . . . .	Text   	 "
??00CB . . . . . . . . . . . . .	Byte	 00000941 _DATA	
??00CD . . . . . . . . . . . . .	L Near	 00000584 _TEXT	
??00CE . . . . . . . . . . . . .	Byte	 00000951 _DATA	
??00CF . . . . . . . . . . . . .	Number	 00000000h   
??00D0 . . . . . . . . . . . . .	Byte	 00000954 _DATA	
??00D2 . . . . . . . . . . . . .	Byte	 00000A83 _DATA	
??00D3 . . . . . . . . . . . . .	Byte	 00000957 _DATA	
??00D4 . . . . . . . . . . . . .	Text   	 o
??00D5 . . . . . . . . . . . . .	Byte	 00000956 _DATA	
??00D6 . . . . . . . . . . . . .	L Near	 000005D4 _TEXT	
??00D7 . . . . . . . . . . . . .	L Near	 0000060A _TEXT	
??00D8 . . . . . . . . . . . . .	Number	 -00000001h   
??00D9 . . . . . . . . . . . . .	Number	 00000001h   
??00DA . . . . . . . . . . . . .	Number	 00000000h   
??00DB . . . . . . . . . . . . .	Byte	 00000A93 _DATA	
??00E3 . . . . . . . . . . . . .	Number	 00000001h   
??00E5 . . . . . . . . . . . . .	Byte	 00000A90 _DATA	
??00E6 . . . . . . . . . . . . .	Byte	 00000A87 _DATA	
??00E7 . . . . . . . . . . . . .	Text   	 "
??00E8 . . . . . . . . . . . . .	Byte	 00000A86 _DATA	
??00EA . . . . . . . . . . . . .	L Near	 0000064C _TEXT	
??00EB . . . . . . . . . . . . .	Byte	 00000A96 _DATA	
??00EC . . . . . . . . . . . . .	Number	 00000000h   
??00ED . . . . . . . . . . . . .	Byte	 00000A99 _DATA	
??00EF . . . . . . . . . . . . .	Byte	 00000BC8 _DATA	
??00F0 . . . . . . . . . . . . .	Byte	 00000A9C _DATA	
??00F1 . . . . . . . . . . . . .	Text   	 o
??00F2 . . . . . . . . . . . . .	Byte	 00000A9B _DATA	
??00F3 . . . . . . . . . . . . .	L Near	 0000069C _TEXT	
??00F4 . . . . . . . . . . . . .	L Near	 000006D2 _TEXT	
??00F5 . . . . . . . . . . . . .	Byte	 00000BCB _DATA	
??00F6 . . . . . . . . . . . . .	Number	 00000000h   
??00F7 . . . . . . . . . . . . .	Byte	 00000BCE _DATA	
??00F9 . . . . . . . . . . . . .	Byte	 00000CFD _DATA	
??00FA . . . . . . . . . . . . .	Byte	 00000BD1 _DATA	
??00FB . . . . . . . . . . . . .	Text   	 o
??00FC . . . . . . . . . . . . .	Byte	 00000BD0 _DATA	
??00FD . . . . . . . . . . . . .	L Near	 00000715 _TEXT	
??00FE . . . . . . . . . . . . .	L Near	 0000074B _TEXT	
??CommonHeapElemSize . . . . . .	DWord	 00000004 _DATA	
??ConsoleMode  . . . . . . . . .	Byte	 00000008 _DATA	
??TotalHeapAllocated . . . . . .	DWord	 00000000 _DATA	
??sTime  . . . . . . . . . . . .	SystemTime  00000009 _DATA	
@CodeSize  . . . . . . . . . . .	Number	 00000000h   
@DOS . . . . . . . . . . . . . .	Text   	 DOS
@DataSize  . . . . . . . . . . .	Number	 00000000h   
@INCHAR  . . . . . . . . . . . .	Text   	 @inchar
@ININTLN . . . . . . . . . . . .	Text   	 @inintln
@ININT . . . . . . . . . . . . .	Text   	 @inint
@InChar  . . . . . . . . . . . .	Text   	 @inchar
@InInt . . . . . . . . . . . . .	Text   	 @inint
@Inchar  . . . . . . . . . . . .	Text   	 @inchar
@InintLn . . . . . . . . . . . .	Text   	 @inintln
@Inintln . . . . . . . . . . . .	Text   	 @inintln
@Inint . . . . . . . . . . . . .	Text   	 @inint
@Interface . . . . . . . . . . .	Number	 00000003h   
@Model . . . . . . . . . . . . .	Number	 00000007h   
@READKEY . . . . . . . . . . . .	Text   	 @readkey
@ReadKey . . . . . . . . . . . .	Text   	 @readkey
@code  . . . . . . . . . . . . .	Text   	 _TEXT
@data  . . . . . . . . . . . . .	Text   	 FLAT
@dos . . . . . . . . . . . . . .	Text   	 DOS
@fardata?  . . . . . . . . . . .	Text   	 FLAT
@fardata . . . . . . . . . . . .	Text   	 FLAT
@random  . . . . . . . . . . . .	Text   	 @Random
@stack . . . . . . . . . . . . .	Text   	 FLAT
AllocConsole@0 . . . . . . . . .	L Near	 00000000 FLAT	External STDCALL
Black  . . . . . . . . . . . . .	Number	 00000000h   
Blue . . . . . . . . . . . . . .	Number	 00000001h   
Bright . . . . . . . . . . . . .	Number	 00000008h   
Brown  . . . . . . . . . . . . .	Number	 00000006h   
B  . . . . . . . . . . . . . . .	Byte	 0000005D _DATA	
CLRSCR . . . . . . . . . . . . .	Text   	 ClrScr
CREATE_ALWAYS  . . . . . . . . .	Number	 00000002h   
CREATE_NEW . . . . . . . . . . .	Number	 00000001h   
CharToOem  . . . . . . . . . . .	Text   	 CharToOemA
Cls  . . . . . . . . . . . . . .	Text   	 ClrScr
CreateFile . . . . . . . . . . .	Text   	 CreateFileA
Cyan . . . . . . . . . . . . . .	Number	 00000003h   
DISPOSE  . . . . . . . . . . . .	Text   	 dispose
DarkGray . . . . . . . . . . . .	Number	 00000008h   
Dispose  . . . . . . . . . . . .	Text   	 dispose
EXIT . . . . . . . . . . . . . .	Text   	 exit
Exit . . . . . . . . . . . . . .	Text   	 exit
FILE_ATTRIBUTE_ARCHIVE . . . . .	Number	 00000020h   
FILE_ATTRIBUTE_COMPRESSED  . . .	Number	 00000800h   
FILE_ATTRIBUTE_DIRECTORY . . . .	Number	 00000010h   
FILE_ATTRIBUTE_HIDDEN  . . . . .	Number	 00000002h   
FILE_ATTRIBUTE_NORMAL  . . . . .	Number	 00000080h   
FILE_ATTRIBUTE_READONLY  . . . .	Number	 00000001h   
FILE_ATTRIBUTE_SYSTEM  . . . . .	Number	 00000004h   
FILE_ATTRIBUTE_TEMPORARY . . . .	Number	 00000100h   
FLUSH  . . . . . . . . . . . . .	Text   	 flush
Flush  . . . . . . . . . . . . .	Text   	 flush
FreeConsole@0  . . . . . . . . .	L Near	 00000000 FLAT	External STDCALL
GENERIC_ALL  . . . . . . . . . .	Number	 10000000h   
GENERIC_EXECUTE  . . . . . . . .	Number	 20000000h   
GENERIC_READ . . . . . . . . . .	Number	 -80000000h   
GENERIC_WRITE  . . . . . . . . .	Number	 40000000h   
GMEM_FIXED . . . . . . . . . . .	Number	 00000000h   
GMEM_ZEROINIT  . . . . . . . . .	Number	 00000040h   
GOTOXY . . . . . . . . . . . . .	Text   	 gotoXY
GetModuleHandle  . . . . . . . .	Text   	 GetModuleHandleA
GotoXY . . . . . . . . . . . . .	Text   	 gotoXY
Green  . . . . . . . . . . . . .	Number	 00000002h   
IDABORT  . . . . . . . . . . . .	Number	 00000003h   
IDCANCEL . . . . . . . . . . . .	Number	 00000002h   
IDIGNORE . . . . . . . . . . . .	Number	 00000005h   
IDNO . . . . . . . . . . . . . .	Number	 00000007h   
IDOK . . . . . . . . . . . . . .	Number	 00000001h   
IDRETRY  . . . . . . . . . . . .	Number	 00000004h   
IDYES  . . . . . . . . . . . . .	Number	 00000006h   
INCHAR . . . . . . . . . . . . .	Text   	 inchar
ININTLN  . . . . . . . . . . . .	Text   	 inintln
ININT  . . . . . . . . . . . . .	Text   	 inint
INPUTSTR . . . . . . . . . . . .	Text   	 InputStr
InChar . . . . . . . . . . . . .	Text   	 inchar
InInt  . . . . . . . . . . . . .	Text   	 inint
Inchar . . . . . . . . . . . . .	Text   	 inchar
InintLn  . . . . . . . . . . . .	Text   	 inintln
Inintln  . . . . . . . . . . . .	Text   	 inintln
Inint  . . . . . . . . . . . . .	Text   	 inint
LANG_NEUTRAL . . . . . . . . . .	Number	 00000000h   
LightBlue  . . . . . . . . . . .	Number	 00000009h   
LightGray  . . . . . . . . . . .	Number	 00000007h   
LightGreen . . . . . . . . . . .	Number	 0000000Ah   
LightMagenta . . . . . . . . . .	Number	 0000000Dh   
LightRed . . . . . . . . . . . .	Number	 0000000Ch   
MB_ABORTRETRYIGNORE  . . . . . .	Number	 00000002h   
MB_CANCELTRYCONTINUE . . . . . .	Number	 00000006h   
MB_DEFBUTTON1  . . . . . . . . .	Number	 00000000h   
MB_DEFBUTTON2  . . . . . . . . .	Number	 00000100h   
MB_DEFBUTTON3  . . . . . . . . .	Number	 00000200h   
MB_DEFBUTTON4  . . . . . . . . .	Number	 00000300h   
MB_HELP  . . . . . . . . . . . .	Number	 00004000h   
MB_ICONASTERISK  . . . . . . . .	Number	 00000040h   
MB_ICONEXCLAMATION . . . . . . .	Number	 00000030h   
MB_ICONHAND  . . . . . . . . . .	Number	 00000008h   
MB_ICONQUESTION  . . . . . . . .	Number	 00000020h   
MB_ICONSTOP  . . . . . . . . . .	Number	 00000010h   
MB_OKCANCEL  . . . . . . . . . .	Number	 00000001h   
MB_OK  . . . . . . . . . . . . .	Number	 00000000h   
MB_RETRYCANCEL . . . . . . . . .	Number	 00000005h   
MB_RIGHT . . . . . . . . . . . .	Number	 00080000h   
MB_SYSTEMMODAL . . . . . . . . .	Number	 00001000h   
MB_USERICON  . . . . . . . . . .	Number	 00000080h   
MB_YESNOCANCEL . . . . . . . . .	Number	 00000003h   
MB_YESNO . . . . . . . . . . . .	Number	 00000004h   
MSGBOX . . . . . . . . . . . . .	Text   	 MsgBox
Magenta  . . . . . . . . . . . .	Number	 00000005h   
MessageBoxIndirect . . . . . . .	Text   	 MessageBoxIndirectA
MessageBox . . . . . . . . . . .	Text   	 MessageBoxA
NEWLINE  . . . . . . . . . . . .	Text   	 newline
NEW  . . . . . . . . . . . . . .	Text   	 new
NULL . . . . . . . . . . . . . .	Number	 00000000h   
NewLine  . . . . . . . . . . . .	Text   	 newline
Newline  . . . . . . . . . . . .	Text   	 newline
New  . . . . . . . . . . . . . .	Text   	 new
N  . . . . . . . . . . . . . . .	Number	 00000003h   
OPEN_ALWAYS  . . . . . . . . . .	Number	 00000004h   
OPEN_EXISTING  . . . . . . . . .	Number	 00000003h   
OUTCHARLN  . . . . . . . . . . .	Text   	 outcharln
OUTCHAR  . . . . . . . . . . . .	Text   	 outchar
OUTCH  . . . . . . . . . . . . .	Text   	 outchar
OUTCLN . . . . . . . . . . . . .	Text   	 outcharln
OUTDATELN  . . . . . . . . . . .	Text   	 outdateln
OUTDATE  . . . . . . . . . . . .	Text   	 outdate
OUTINTLN . . . . . . . . . . . .	Text   	 outintln
OUTINT . . . . . . . . . . . . .	Text   	 outint
OUTI . . . . . . . . . . . . . .	Text   	 outint
OUTSTRLN . . . . . . . . . . . .	Text   	 outstrln
OUTSTR . . . . . . . . . . . . .	Text   	 outstr
OUTTIMELN  . . . . . . . . . . .	Text   	 outtimeln
OUTTIME  . . . . . . . . . . . .	Text   	 outtime
OUTU . . . . . . . . . . . . . .	Text   	 outword
OUTWORDLN  . . . . . . . . . . .	Text   	 outwordln
OUTWORD  . . . . . . . . . . . .	Text   	 outword
OutCharLn  . . . . . . . . . . .	Text   	 outcharln
OutCharln  . . . . . . . . . . .	Text   	 outcharln
OutChar  . . . . . . . . . . . .	Text   	 outchar
OutDateLn  . . . . . . . . . . .	Text   	 outdateln
OutDateln  . . . . . . . . . . .	Text   	 outdateln
OutDate  . . . . . . . . . . . .	Text   	 outdate
OutILn . . . . . . . . . . . . .	Text   	 outintln
OutIln . . . . . . . . . . . . .	Text   	 outintln
OutIntLn . . . . . . . . . . . .	Text   	 outintln
OutInt . . . . . . . . . . . . .	Text   	 outint
OutI . . . . . . . . . . . . . .	Text   	 outint
OutNumLn . . . . . . . . . . . .	Text   	 outnumln
OutNumln . . . . . . . . . . . .	Text   	 outnumln
OutNum . . . . . . . . . . . . .	Text   	 outnum
OutStrLn . . . . . . . . . . . .	Text   	 outstrln
OutStr . . . . . . . . . . . . .	Text   	 outstr
OutTimeLn  . . . . . . . . . . .	Text   	 outtimeln
OutTimeln  . . . . . . . . . . .	Text   	 outtimeln
OutTime  . . . . . . . . . . . .	Text   	 outtime
OutULn . . . . . . . . . . . . .	Text   	 outwordln
OutUln . . . . . . . . . . . . .	Text   	 outwordln
OutUnsignedLn  . . . . . . . . .	Text   	 outwordln
OutUnsignedln  . . . . . . . . .	Text   	 outwordln
OutUnsigned  . . . . . . . . . .	Text   	 outword
OutU . . . . . . . . . . . . . .	Text   	 outword
OutWordLn  . . . . . . . . . . .	Text   	 outwordln
OutWord  . . . . . . . . . . . .	Text   	 outword
OutintLn . . . . . . . . . . . .	Text   	 outintln
Outintln . . . . . . . . . . . .	Text   	 outintln
Outint . . . . . . . . . . . . .	Text   	 outint
OutstrLn . . . . . . . . . . . .	Text   	 outstrln
OutwordLn  . . . . . . . . . . .	Text   	 outwordln
Outword  . . . . . . . . . . . .	Text   	 outword
PAGE_EXECUTE_READWRITE . . . . .	Number	 00000040h   
PAGE_EXECUTE_READ  . . . . . . .	Number	 00000020h   
PAGE_EXECUTE_WRITECOPY . . . . .	Number	 00000080h   
PAGE_EXECUTE . . . . . . . . . .	Number	 00000010h   
PAGE_NOACCESS  . . . . . . . . .	Number	 00000001h   
PAGE_READONLY  . . . . . . . . .	Number	 00000002h   
PAGE_READWRITE . . . . . . . . .	Number	 00000004h   
PAGE_WRITECOPY . . . . . . . . .	Number	 00000008h   
PAUSE  . . . . . . . . . . . . .	Text   	 pause
Pause  . . . . . . . . . . . . .	Text   	 pause
READKEY  . . . . . . . . . . . .	Text   	 readkey
ReadKey  . . . . . . . . . . . .	Text   	 readkey
Red  . . . . . . . . . . . . . .	Number	 00000004h   
STD_ERROR_HANDLE . . . . . . . .	Number	 -0000000Ch   
STD_INPUT_HANDLE . . . . . . . .	Number	 -0000000Ah   
STD_OUTPUT_HANDLE  . . . . . . .	Number	 -0000000Bh   
SetConsoleTitle  . . . . . . . .	Text   	 SetConsoleTitleA
Start  . . . . . . . . . . . . .	L Near	 00000000 _TEXT	Public STDCALL
TRUNCATE_EXISTING  . . . . . . .	Number	 00000005h   
T  . . . . . . . . . . . . . . .	Byte	 00000019 _DATA	
URLDownloadToFile  . . . . . . .	Text   	 URLDownloadToFileA
White  . . . . . . . . . . . . .	Number	 0000000Fh   
Yellow . . . . . . . . . . . . .	Number	 0000000Eh   
_imp___exit  . . . . . . . . . .	DWord	 00000000 FLAT	External STDCALL
_imp__printf . . . . . . . . . .	DWord	 00000000 FLAT	External STDCALL
_imp__sprintf  . . . . . . . . .	DWord	 00000000 FLAT	External STDCALL
black  . . . . . . . . . . . . .	Number	 00000000h   
blue . . . . . . . . . . . . . .	Number	 00000001h   
bright . . . . . . . . . . . . .	Number	 00000008h   
brown  . . . . . . . . . . . . .	Number	 00000006h   
clrscr . . . . . . . . . . . . .	Text   	 ClrScr
crt__exit  . . . . . . . . . . .	Text   	 _imp___exit
crt_printf . . . . . . . . . . .	Text   	 _imp__printf
crt_sprintf  . . . . . . . . . .	Text   	 _imp__sprintf
cyan . . . . . . . . . . . . . .	Number	 00000003h   
darkgray . . . . . . . . . . . .	Number	 00000008h   
dos  . . . . . . . . . . . . . .	Text   	 DOS
downloadfile . . . . . . . . . .	Text   	 DownloadFile
gotoxy . . . . . . . . . . . . .	Text   	 gotoXY
green  . . . . . . . . . . . . .	Number	 00000002h   
heapblocksize  . . . . . . . . .	Text   	 HeapBlockSize
inint_proc@0 . . . . . . . . . .	L Near	 00000000 FLAT	External STDCALL
inputstr . . . . . . . . . . . .	Text   	 InputStr
lightblue  . . . . . . . . . . .	Number	 00000009h   
lightgray  . . . . . . . . . . .	Number	 00000007h   
lightgreen . . . . . . . . . . .	Number	 0000000Ah   
lightmagenta . . . . . . . . . .	Number	 0000000Dh   
lightred . . . . . . . . . . . .	Number	 0000000Ch   
magenta  . . . . . . . . . . . .	Number	 00000005h   
msgbox . . . . . . . . . . . . .	Text   	 MsgBox
nil  . . . . . . . . . . . . . .	DWord 	 00000000h   
outch  . . . . . . . . . . . . .	Text   	 outchar
outintLn . . . . . . . . . . . .	Text   	 outintln
outi . . . . . . . . . . . . . .	Text   	 outint
outu . . . . . . . . . . . . . .	Text   	 outword
outwordLn  . . . . . . . . . . .	Text   	 outwordln
randomize  . . . . . . . . . . .	Text   	 Randomize
red  . . . . . . . . . . . . . .	Number	 00000004h   
settextattr  . . . . . . . . . .	Text   	 SetTextAttr
whereX . . . . . . . . . . . . .	Text   	 WhereX
whereY . . . . . . . . . . . . .	Text   	 WhereY
wherex . . . . . . . . . . . . .	Text   	 WhereX
wherey . . . . . . . . . . . . .	Text   	 WhereY
white  . . . . . . . . . . . . .	Number	 0000000Fh   
yellow . . . . . . . . . . . . .	Number	 0000000Eh   

	   0 Warnings
	   0 Errors
