Microsoft (R) Macro Assembler Version 6.14.8444		    04/27/23 15:38:26
1.asm							     Page 1 - 1


				COMMENT ~

				 СТУДЕНТ _________     группа _______
				 САМОСТОЯТЕЛЬНАЯ РАБОТА 17 (в машинном классе)

				 ЗАДАЧА_1 (максимально 20 очков)
				 
				 Описать процедуру Shift_Left(Q,K) со стандартными соглашениями о связях stdcall. 
				 Здесь Q – учетверённое слово, K – байт б/зн из диапазона [0..63]. 
				 Параметр Q передаётся по ссылке. Параметр K передаётся по значению. 
				 Процедура реализует линейный сдвиг учетверённого слова Q на K разрядов ВЛЕВО.
				 
				 Применить эту процедуру к переменным X и N, описание которых приведено ниже
				 в секции данных (значение переменной Х - зафиксировано при описании, 
				 значение байта N нужно предварительно ввести с клавиатуры, ввод корректный). 
				 Вывести в двоичном виде (по макрокоманде outnumln) новое значение переменной Х,
				 полученное после сдвига исходного значения этой переменной X на К позиций ВЛЕВО
				 (вывод нужно осуществлять из основной программы, а не из процедуры!). 

				~

				include console.inc
			      C .NOLIST
			      C .LIST
			      C ; Исключение из списка служебных слов
			      C option NoKeyWord: <c name str>
			      C 
			      C 
			      C 
			      C ;include masm32.inc
			      C 
			      C    includelib masm32.lib
			      C    includelib user32.lib
			      C    includelib kernel32.lib
			      C    includelib msvcrt.lib
			      C    includelib io_proc.lib
			      C    
			      C 
 00000019			.data
 00000019 20 D4 C0 CC C8	T   db " ФАМИЛИЯ______ ИМЯ______   Задача_1  (с-р 17)",0		
	   CB C8 DF 5F 5F
	   5F 5F 5F 5F 20
	   C8 CC DF 5F 5F
	   5F 5F 5F 5F 20
	   20 20 C7 E0 E4
	   E0 F7 E0 5F 31
	   20 20 28 F1 2D
	   F0 20 31 37 29
	   00

 00000047			X   dq 4123567891  ;  или 11110101110010001010011100010011b
	   00000000F5C8A713
				                   ; (в двоичной записи числа 32 значащих цифры)
				                   ; (использовать для тестирования это значение!)
 0000004F 00			N   db ?  ; N принадлежит диапазону [0..63] (вводится корректно с клавиатуры)

 00000000			.code
				; procedure Shift_Left(var Q: qword; K: byte);
				; ДЕЙСТВИЕ: Q := Q shl K  (K = 0,1,...,63)
 00000000			Shift_Left proc
				; [EBP+8]  ~ написать что здесь лежит !!!
				; [EBP+12] ~ написать что здесь лежит !!!

				; пролог (стандартные входные действия):
 00000000  55			    push EBP
 00000001  8B EC		    mov EBP, ESP
 00000003  50			    push EAX
 00000004  53			    push EBX
 00000005  51			    push ECX
 00000006  52			    push EDX   
				; решение задачи (кратко комментировать каждую строчку решения!):
 00000007  8B 5D 0C		    mov EBX, [EBP+12] ; EBX = offset X
 0000000A  8B 03		    mov EAX, dword ptr [EBX] ; младшая часть X
 0000000C  8B 53 04		    mov EDX, dword ptr [EBX]+4 ; старшая часть X
 0000000F  8B 4D 08		    mov ECX, [EBP+8] ; ECX = N
 00000012  83 F9 00		    cmp ECX, 0
 00000015  74 06		    jE otv
 00000017  D1 E0		L: shl EAX, 1 ; сдвигаем младшую часть влево
 00000019  D1 D2		    rcl EDX, 1  ; 
 0000001B  E2 FA		    LOOP L
				    
 0000001D			otv:
 0000001D  89 03		    mov dword ptr [EBX], EAX
 0000001F  89 53 04		    mov dword ptr [EBX]+4, EDX
				; эпилог (стандартные выходные действия):
 00000022  5A			    pop EDX
 00000023  59			    pop ECX
 00000024  5B			    pop EBX
 00000025  58			    pop EAX
 00000026  5D			    pop EBP
 00000027  C2 0008		    ret 4*2
 0000002A			Shift_Left endp

 0000002A			Start:
				    ConsoleTitle offset T	
				; вывод исходного значения X в двоичном виде (для удобства тестирования):    
				    outnumln X,,b               
				    inint N,'N = '              ; запрос значения N из диапазона [0..63]
 000003F1  68 00000047 R	    push offset X
 000003F6  0F B6 05		    movzx EAX, N
	   0000004F R
 000003FD  50			    push EAX
				    
				; применение процедуры Shift_Left к переменным X и N: Shift_Left(X,N)
 000003FE  E8 FFFFFBFD		    call Shift_Left 

				; вывод преобразованного значения X в двоичном виде (для контроля ответа):
				    outnumln X,,b      
				             
				;   pause						; нужно ТОЛЬКО при сдаче по e-mail
				    exit						
				end Start

				==============================================================================
				проверяющий тестирует вашу программу на своих тестах
				==============================================================================


Microsoft (R) Macro Assembler Version 6.14.8444		    04/27/23 15:38:26
1.asm							     Symbols 2 - 1




Macros:

                N a m e                 Type

??CheckStrToBuf  . . . . . . . .	Proc
??FindESP  . . . . . . . . . . .	Proc
??RestoreReg . . . . . . . . . .	Proc
??SaveReg  . . . . . . . . . . .	Proc
@GetCommandLine  . . . . . . . .	Func
@Random  . . . . . . . . . . . .	Func
@inchar  . . . . . . . . . . . .	Func
@inintln . . . . . . . . . . . .	Func
@inint . . . . . . . . . . . . .	Func
@readkey . . . . . . . . . . . .	Func
ChagePageAttr  . . . . . . . . .	Proc
ClrScr . . . . . . . . . . . . .	Proc
ConsoleMode  . . . . . . . . . .	Proc
ConsoleTitle . . . . . . . . . .	Proc
DOS  . . . . . . . . . . . . . .	Func
DownloadFile . . . . . . . . . .	Proc
GetConsoleTitle  . . . . . . . .	Proc
HeapBlockSize  . . . . . . . . .	Proc
InputStr . . . . . . . . . . . .	Proc
MsgBox . . . . . . . . . . . . .	Proc
NewConsole . . . . . . . . . . .	Proc
OpenFile . . . . . . . . . . . .	Proc
OutFlags . . . . . . . . . . . .	Proc
Randomize  . . . . . . . . . . .	Proc
RunExe . . . . . . . . . . . . .	Proc
SetScreenSize  . . . . . . . . .	Proc
SetTextAttr  . . . . . . . . . .	Proc
TotalHeapAllocated . . . . . . .	Proc
WhereX . . . . . . . . . . . . .	Proc
WhereY . . . . . . . . . . . . .	Proc
dispose  . . . . . . . . . . . .	Proc
exit . . . . . . . . . . . . . .	Proc
flush  . . . . . . . . . . . . .	Proc
gotoXY . . . . . . . . . . . . .	Proc
inchar . . . . . . . . . . . . .	Proc
inintln  . . . . . . . . . . . .	Proc
inint  . . . . . . . . . . . . .	Proc
newline  . . . . . . . . . . . .	Proc
new  . . . . . . . . . . . . . .	Proc
outcharln  . . . . . . . . . . .	Proc
outchar  . . . . . . . . . . . .	Proc
outdateln  . . . . . . . . . . .	Proc
outdate  . . . . . . . . . . . .	Proc
outintln . . . . . . . . . . . .	Proc
outint . . . . . . . . . . . . .	Proc
outnumln . . . . . . . . . . . .	Proc
outnum . . . . . . . . . . . . .	Proc
outstrln . . . . . . . . . . . .	Proc
outstr . . . . . . . . . . . . .	Proc
outtimeln  . . . . . . . . . . .	Proc
outtime  . . . . . . . . . . . .	Proc
outwordln  . . . . . . . . . . .	Proc
outword  . . . . . . . . . . . .	Proc
pause  . . . . . . . . . . . . .	Proc
readkey  . . . . . . . . . . . .	Proc


Structures and Unions:

                N a m e                  Size
                                         Offset      Type

CONSOLE_SCREEN_BUFFER_INFO . . .	 00000016
  dwSize . . . . . . . . . . . .	 00000000	 DWord
  dwCursorPosition . . . . . . .	 00000004	 DWord
  wAttributes  . . . . . . . . .	 00000008	 Word
  srWindow . . . . . . . . . . .	 0000000A	 QWord
  dwMaximumWindowSize  . . . . .	 00000012	 DWord
COORD  . . . . . . . . . . . . .	 00000004
  x  . . . . . . . . . . . . . .	 00000000	 Word
  y  . . . . . . . . . . . . . .	 00000002	 Word
SMALL_RECT . . . . . . . . . . .	 00000008
  Left . . . . . . . . . . . . .	 00000000	 Word
  Top  . . . . . . . . . . . . .	 00000002	 Word
  Right  . . . . . . . . . . . .	 00000004	 Word
  Bottom . . . . . . . . . . . .	 00000006	 Word
SystemTime . . . . . . . . . . .	 00000010
  wYear  . . . . . . . . . . . .	 00000000	 Word
  wMonth . . . . . . . . . . . .	 00000002	 Word
  wDayOfWeek . . . . . . . . . .	 00000004	 Word
  wDay . . . . . . . . . . . . .	 00000006	 Word
  wHour  . . . . . . . . . . . .	 00000008	 Word
  wMinute  . . . . . . . . . . .	 0000000A	 Word
  wSecond  . . . . . . . . . . .	 0000000C	 Word
  wMilliseconds  . . . . . . . .	 0000000E	 Word


Types:

                N a m e                  Size     Attr

c_msvcrt . . . . . . . . . . . .	 00000004     CODE 


Segments and Groups:

                N a m e                 Size     Length   Align   Combine Class

FLAT . . . . . . . . . . . . . .	GROUP
STACK  . . . . . . . . . . . . .	32 Bit	 00001000 Para	  Stack	  'STACK'	 
_DATA  . . . . . . . . . . . . .	32 Bit	 0000124C Para	  Public  'DATA'	
_TEXT  . . . . . . . . . . . . .	32 Bit	 00000723 Para	  Public  'CODE'	


Procedures,  parameters and locals:

                N a m e                 Type     Value    Attr

CharToOemA . . . . . . . . . . .	P Near	 00000000 FLAT	Length= 00000000 External STDCALL
ClearScreen  . . . . . . . . . .	P Near	 00000000 FLAT	Length= 00000000 External STDCALL
CloseHandle  . . . . . . . . . .	P Near	 00000000 FLAT	Length= 00000000 External STDCALL
CreateFileA  . . . . . . . . . .	P Near	 00000000 FLAT	Length= 00000000 External STDCALL
ExitProcess  . . . . . . . . . .	P Near	 00000000 FLAT	Length= 00000000 External STDCALL
GetCommandLineA  . . . . . . . .	P Near	 00000000 FLAT	Length= 00000000 External STDCALL
GetConsoleScreenBufferInfo . . .	P Near	 00000000 FLAT	Length= 00000000 External STDCALL
GetConsoleTitleA . . . . . . . .	P Near	 00000000 FLAT	Length= 00000000 External STDCALL
GetModuleHandleA . . . . . . . .	P Near	 00000000 FLAT	Length= 00000000 External STDCALL
GetStdHandle . . . . . . . . . .	P Near	 00000000 FLAT	Length= 00000000 External STDCALL
GetSystemMetrics . . . . . . . .	P Near	 00000000 FLAT	Length= 00000000 External STDCALL
GetSystemTime  . . . . . . . . .	P Near	 00000000 FLAT	Length= 00000000 External STDCALL
GetTickCount . . . . . . . . . .	P Near	 00000000 FLAT	Length= 00000000 External STDCALL
GlobalAlloc  . . . . . . . . . .	P Near	 00000000 FLAT	Length= 00000000 External STDCALL
GlobalFree . . . . . . . . . . .	P Near	 00000000 FLAT	Length= 00000000 External STDCALL
GlobalSize . . . . . . . . . . .	P Near	 00000000 FLAT	Length= 00000000 External STDCALL
InternetGetConnectedState  . . .	P Near	 00000000 FLAT	Length= 00000000 External STDCALL
MessageBoxA  . . . . . . . . . .	P Near	 00000000 FLAT	Length= 00000000 External STDCALL
MessageBoxIndirectA  . . . . . .	P Near	 00000000 FLAT	Length= 00000000 External STDCALL
SetConsoleCtrlHandler  . . . . .	P Near	 00000000 FLAT	Length= 00000000 External STDCALL
SetConsoleCursorPosition . . . .	P Near	 00000000 FLAT	Length= 00000000 External STDCALL
SetConsoleScreenBufferSize . . .	P Near	 00000000 FLAT	Length= 00000000 External STDCALL
SetConsoleTextAttribute  . . . .	P Near	 00000000 FLAT	Length= 00000000 External STDCALL
SetConsoleTitleA . . . . . . . .	P Near	 00000000 FLAT	Length= 00000000 External STDCALL
Shift_Left . . . . . . . . . . .	P Near	 00000000 _TEXT	Length= 0000002A Public STDCALL
  L  . . . . . . . . . . . . . .	L Near	 00000017 _TEXT	
  otv  . . . . . . . . . . . . .	L Near	 0000001D _TEXT	
Sleep  . . . . . . . . . . . . .	P Near	 00000000 FLAT	Length= 00000000 External STDCALL
StdIn  . . . . . . . . . . . . .	P Near	 00000000 FLAT	Length= 00000000 External STDCALL
StdOut . . . . . . . . . . . . .	P Near	 00000000 FLAT	Length= 00000000 External STDCALL
URLDownloadToFileA . . . . . . .	P Near	 00000000 FLAT	Length= 00000000 External STDCALL
VirtualProtect . . . . . . . . .	P Near	 00000000 FLAT	Length= 00000000 External STDCALL
nrandom  . . . . . . . . . . . .	P Near	 00000000 FLAT	Length= 00000000 External STDCALL
nseed  . . . . . . . . . . . . .	P Near	 00000000 FLAT	Length= 00000000 External STDCALL
shell_ex . . . . . . . . . . . .	P Near	 00000000 FLAT	Length= 00000000 External STDCALL
shell  . . . . . . . . . . . . .	P Near	 00000000 FLAT	Length= 00000000 External STDCALL
wait_key . . . . . . . . . . . .	P Near	 00000000 FLAT	Length= 00000000 External STDCALL


Symbols:

                N a m e                 Type     Value    Attr

??0000 . . . . . . . . . . . . .	Byte	 00000051 _DATA	
??0001 . . . . . . . . . . . . .	Text   	 o
??0002 . . . . . . . . . . . . .	Byte	 00000050 _DATA	
??0003 . . . . . . . . . . . . .	L Near	 0000003C _TEXT	
??0004 . . . . . . . . . . . . .	L Near	 00000072 _TEXT	
??0005 . . . . . . . . . . . . .	Number	 -00000001h   
??0006 . . . . . . . . . . . . .	Number	 00000001h   
??0007 . . . . . . . . . . . . .	Number	 00000000h   
??0009 . . . . . . . . . . . . .	L Near	 00000176 _TEXT	
??000A . . . . . . . . . . . . .	L Near	 000001E9 _TEXT	
??000B . . . . . . . . . . . . .	L Near	 0000024E _TEXT	
??000C . . . . . . . . . . . . .	L Near	 000002BD _TEXT	
??000D . . . . . . . . . . . . .	L Near	 00000092 _TEXT	
??000E . . . . . . . . . . . . .	L Near	 00000105 _TEXT	
??000F . . . . . . . . . . . . .	L Near	 0000016A _TEXT	
??0010 . . . . . . . . . . . . .	Number	 00000008h   
??0012 . . . . . . . . . . . . .	Number	 00000000h   
??0013 . . . . . . . . . . . . .	Byte	 0000017D _DATA	
??0015 . . . . . . . . . . . . .	Byte	 000002AC _DATA	
??0016 . . . . . . . . . . . . .	Byte	 00000180 _DATA	
??0017 . . . . . . . . . . . . .	Text   	 o
??0018 . . . . . . . . . . . . .	Byte	 0000017F _DATA	
??0019 . . . . . . . . . . . . .	L Near	 000000BA _TEXT	
??001A . . . . . . . . . . . . .	L Near	 000000F0 _TEXT	
??001B . . . . . . . . . . . . .	Number	 00000000h   
??001C . . . . . . . . . . . . .	Byte	 000002AF _DATA	
??001E . . . . . . . . . . . . .	Byte	 000003DE _DATA	
??001F . . . . . . . . . . . . .	Byte	 000002B2 _DATA	
??0020 . . . . . . . . . . . . .	Text   	 o
??0021 . . . . . . . . . . . . .	Byte	 000002B1 _DATA	
??0022 . . . . . . . . . . . . .	L Near	 00000120 _TEXT	
??0023 . . . . . . . . . . . . .	L Near	 00000156 _TEXT	
??0024 . . . . . . . . . . . . .	Number	 00000000h   
??0025 . . . . . . . . . . . . .	Byte	 000003E1 _DATA	
??0027 . . . . . . . . . . . . .	Byte	 00000510 _DATA	
??0028 . . . . . . . . . . . . .	Byte	 000003E4 _DATA	
??0029 . . . . . . . . . . . . .	Text   	 o
??002A . . . . . . . . . . . . .	Byte	 000003E3 _DATA	
??002B . . . . . . . . . . . . .	L Near	 0000019E _TEXT	
??002C . . . . . . . . . . . . .	L Near	 000001D4 _TEXT	
??002D . . . . . . . . . . . . .	Number	 00000000h   
??002E . . . . . . . . . . . . .	Byte	 00000513 _DATA	
??0030 . . . . . . . . . . . . .	Byte	 00000642 _DATA	
??0031 . . . . . . . . . . . . .	Byte	 00000516 _DATA	
??0032 . . . . . . . . . . . . .	Text   	 o
??0033 . . . . . . . . . . . . .	Byte	 00000515 _DATA	
??0034 . . . . . . . . . . . . .	L Near	 00000204 _TEXT	
??0035 . . . . . . . . . . . . .	L Near	 0000023A _TEXT	
??0036 . . . . . . . . . . . . .	Number	 00000000h   
??0037 . . . . . . . . . . . . .	Byte	 00000645 _DATA	
??0039 . . . . . . . . . . . . .	Byte	 00000774 _DATA	
??003A . . . . . . . . . . . . .	Byte	 00000648 _DATA	
??003B . . . . . . . . . . . . .	Text   	 o
??003C . . . . . . . . . . . . .	Byte	 00000647 _DATA	
??003D . . . . . . . . . . . . .	L Near	 00000274 _TEXT	
??003E . . . . . . . . . . . . .	L Near	 000002AA _TEXT	
??003F . . . . . . . . . . . . .	Number	 00000000h   
??0040 . . . . . . . . . . . . .	Byte	 00000777 _DATA	
??0042 . . . . . . . . . . . . .	Byte	 000008A6 _DATA	
??0043 . . . . . . . . . . . . .	Byte	 0000077A _DATA	
??0044 . . . . . . . . . . . . .	Text   	 o
??0045 . . . . . . . . . . . . .	Byte	 00000779 _DATA	
??0046 . . . . . . . . . . . . .	L Near	 000002D8 _TEXT	
??0047 . . . . . . . . . . . . .	L Near	 0000030E _TEXT	
??0048 . . . . . . . . . . . . .	Byte	 000008A9 _DATA	
??0049 . . . . . . . . . . . . .	Number	 00000000h   
??004A . . . . . . . . . . . . .	Byte	 000008AC _DATA	
??004C . . . . . . . . . . . . .	Byte	 000009DB _DATA	
??004D . . . . . . . . . . . . .	Byte	 000008AF _DATA	
??004E . . . . . . . . . . . . .	Text   	 o
??004F . . . . . . . . . . . . .	Byte	 000008AE _DATA	
??0050 . . . . . . . . . . . . .	L Near	 00000343 _TEXT	
??0051 . . . . . . . . . . . . .	L Near	 00000379 _TEXT	
??0052 . . . . . . . . . . . . .	Number	 00000000h   
??0053 . . . . . . . . . . . . .	DWord	 000009DE _DATA	
??0054 . . . . . . . . . . . . .	Byte	 000009E8 _DATA	
??0055 . . . . . . . . . . . . .	Byte	 000009E3 _DATA	
??0056 . . . . . . . . . . . . .	Text   	 "
??0057 . . . . . . . . . . . . .	Byte	 000009E2 _DATA	
??0059 . . . . . . . . . . . . .	L Near	 000003BB _TEXT	
??005A . . . . . . . . . . . . .	Number	 -00000001h   
??005B . . . . . . . . . . . . .	Number	 00000001h   
??005C . . . . . . . . . . . . .	Number	 00000000h   
??005E . . . . . . . . . . . . .	L Near	 000004FD _TEXT	
??005F . . . . . . . . . . . . .	L Near	 00000570 _TEXT	
??0060 . . . . . . . . . . . . .	L Near	 000005D5 _TEXT	
??0061 . . . . . . . . . . . . .	L Near	 00000644 _TEXT	
??0062 . . . . . . . . . . . . .	L Near	 00000419 _TEXT	
??0063 . . . . . . . . . . . . .	L Near	 0000048C _TEXT	
??0064 . . . . . . . . . . . . .	L Near	 000004F1 _TEXT	
??0065 . . . . . . . . . . . . .	Number	 00000008h   
??0067 . . . . . . . . . . . . .	Number	 00000000h   
??0068 . . . . . . . . . . . . .	Byte	 000009EB _DATA	
??006A . . . . . . . . . . . . .	Byte	 00000B1A _DATA	
??006B . . . . . . . . . . . . .	Byte	 000009EE _DATA	
??006C . . . . . . . . . . . . .	Text   	 o
??006D . . . . . . . . . . . . .	Byte	 000009ED _DATA	
??006E . . . . . . . . . . . . .	L Near	 00000441 _TEXT	
??006F . . . . . . . . . . . . .	L Near	 00000477 _TEXT	
??0070 . . . . . . . . . . . . .	Number	 00000000h   
??0071 . . . . . . . . . . . . .	Byte	 00000B1D _DATA	
??0073 . . . . . . . . . . . . .	Byte	 00000C4C _DATA	
??0074 . . . . . . . . . . . . .	Byte	 00000B20 _DATA	
??0075 . . . . . . . . . . . . .	Text   	 o
??0076 . . . . . . . . . . . . .	Byte	 00000B1F _DATA	
??0077 . . . . . . . . . . . . .	L Near	 000004A7 _TEXT	
??0078 . . . . . . . . . . . . .	L Near	 000004DD _TEXT	
??0079 . . . . . . . . . . . . .	Number	 00000000h   
??007A . . . . . . . . . . . . .	Byte	 00000C4F _DATA	
??007C . . . . . . . . . . . . .	Byte	 00000D7E _DATA	
??007D . . . . . . . . . . . . .	Byte	 00000C52 _DATA	
??007E . . . . . . . . . . . . .	Text   	 o
??007F . . . . . . . . . . . . .	Byte	 00000C51 _DATA	
??0080 . . . . . . . . . . . . .	L Near	 00000525 _TEXT	
??0081 . . . . . . . . . . . . .	L Near	 0000055B _TEXT	
??0082 . . . . . . . . . . . . .	Number	 00000000h   
??0083 . . . . . . . . . . . . .	Byte	 00000D81 _DATA	
??0085 . . . . . . . . . . . . .	Byte	 00000EB0 _DATA	
??0086 . . . . . . . . . . . . .	Byte	 00000D84 _DATA	
??0087 . . . . . . . . . . . . .	Text   	 o
??0088 . . . . . . . . . . . . .	Byte	 00000D83 _DATA	
??0089 . . . . . . . . . . . . .	L Near	 0000058B _TEXT	
??008A . . . . . . . . . . . . .	L Near	 000005C1 _TEXT	
??008B . . . . . . . . . . . . .	Number	 00000000h   
??008C . . . . . . . . . . . . .	Byte	 00000EB3 _DATA	
??008E . . . . . . . . . . . . .	Byte	 00000FE2 _DATA	
??008F . . . . . . . . . . . . .	Byte	 00000EB6 _DATA	
??0090 . . . . . . . . . . . . .	Text   	 o
??0091 . . . . . . . . . . . . .	Byte	 00000EB5 _DATA	
??0092 . . . . . . . . . . . . .	L Near	 000005FB _TEXT	
??0093 . . . . . . . . . . . . .	L Near	 00000631 _TEXT	
??0094 . . . . . . . . . . . . .	Number	 00000000h   
??0095 . . . . . . . . . . . . .	Byte	 00000FE5 _DATA	
??0097 . . . . . . . . . . . . .	Byte	 00001114 _DATA	
??0098 . . . . . . . . . . . . .	Byte	 00000FE8 _DATA	
??0099 . . . . . . . . . . . . .	Text   	 o
??009A . . . . . . . . . . . . .	Byte	 00000FE7 _DATA	
??009B . . . . . . . . . . . . .	L Near	 0000065F _TEXT	
??009C . . . . . . . . . . . . .	L Near	 00000695 _TEXT	
??009D . . . . . . . . . . . . .	Byte	 00001117 _DATA	
??009E . . . . . . . . . . . . .	Number	 00000000h   
??009F . . . . . . . . . . . . .	Byte	 0000111A _DATA	
??00A1 . . . . . . . . . . . . .	Byte	 00001249 _DATA	
??00A2 . . . . . . . . . . . . .	Byte	 0000111D _DATA	
??00A3 . . . . . . . . . . . . .	Text   	 o
??00A4 . . . . . . . . . . . . .	Byte	 0000111C _DATA	
??00A5 . . . . . . . . . . . . .	L Near	 000006CA _TEXT	
??00A6 . . . . . . . . . . . . .	L Near	 00000700 _TEXT	
??CommonHeapElemSize . . . . . .	DWord	 00000004 _DATA	
??ConsoleMode  . . . . . . . . .	Byte	 00000008 _DATA	
??TotalHeapAllocated . . . . . .	DWord	 00000000 _DATA	
??sTime  . . . . . . . . . . . .	SystemTime  00000009 _DATA	
@CodeSize  . . . . . . . . . . .	Number	 00000000h   
@DOS . . . . . . . . . . . . . .	Text   	 DOS
@DataSize  . . . . . . . . . . .	Number	 00000000h   
@INCHAR  . . . . . . . . . . . .	Text   	 @inchar
@ININTLN . . . . . . . . . . . .	Text   	 @inintln
@ININT . . . . . . . . . . . . .	Text   	 @inint
@InChar  . . . . . . . . . . . .	Text   	 @inchar
@InInt . . . . . . . . . . . . .	Text   	 @inint
@Inchar  . . . . . . . . . . . .	Text   	 @inchar
@InintLn . . . . . . . . . . . .	Text   	 @inintln
@Inintln . . . . . . . . . . . .	Text   	 @inintln
@Inint . . . . . . . . . . . . .	Text   	 @inint
@Interface . . . . . . . . . . .	Number	 00000003h   
@Model . . . . . . . . . . . . .	Number	 00000007h   
@READKEY . . . . . . . . . . . .	Text   	 @readkey
@ReadKey . . . . . . . . . . . .	Text   	 @readkey
@code  . . . . . . . . . . . . .	Text   	 _TEXT
@data  . . . . . . . . . . . . .	Text   	 FLAT
@dos . . . . . . . . . . . . . .	Text   	 DOS
@fardata?  . . . . . . . . . . .	Text   	 FLAT
@fardata . . . . . . . . . . . .	Text   	 FLAT
@random  . . . . . . . . . . . .	Text   	 @Random
@stack . . . . . . . . . . . . .	Text   	 FLAT
AllocConsole@0 . . . . . . . . .	L Near	 00000000 FLAT	External STDCALL
Black  . . . . . . . . . . . . .	Number	 00000000h   
Blue . . . . . . . . . . . . . .	Number	 00000001h   
Bright . . . . . . . . . . . . .	Number	 00000008h   
Brown  . . . . . . . . . . . . .	Number	 00000006h   
CLRSCR . . . . . . . . . . . . .	Text   	 ClrScr
CREATE_ALWAYS  . . . . . . . . .	Number	 00000002h   
CREATE_NEW . . . . . . . . . . .	Number	 00000001h   
CharToOem  . . . . . . . . . . .	Text   	 CharToOemA
Cls  . . . . . . . . . . . . . .	Text   	 ClrScr
CreateFile . . . . . . . . . . .	Text   	 CreateFileA
Cyan . . . . . . . . . . . . . .	Number	 00000003h   
DISPOSE  . . . . . . . . . . . .	Text   	 dispose
DarkGray . . . . . . . . . . . .	Number	 00000008h   
Dispose  . . . . . . . . . . . .	Text   	 dispose
EXIT . . . . . . . . . . . . . .	Text   	 exit
Exit . . . . . . . . . . . . . .	Text   	 exit
FILE_ATTRIBUTE_ARCHIVE . . . . .	Number	 00000020h   
FILE_ATTRIBUTE_COMPRESSED  . . .	Number	 00000800h   
FILE_ATTRIBUTE_DIRECTORY . . . .	Number	 00000010h   
FILE_ATTRIBUTE_HIDDEN  . . . . .	Number	 00000002h   
FILE_ATTRIBUTE_NORMAL  . . . . .	Number	 00000080h   
FILE_ATTRIBUTE_READONLY  . . . .	Number	 00000001h   
FILE_ATTRIBUTE_SYSTEM  . . . . .	Number	 00000004h   
FILE_ATTRIBUTE_TEMPORARY . . . .	Number	 00000100h   
FLUSH  . . . . . . . . . . . . .	Text   	 flush
Flush  . . . . . . . . . . . . .	Text   	 flush
FreeConsole@0  . . . . . . . . .	L Near	 00000000 FLAT	External STDCALL
GENERIC_ALL  . . . . . . . . . .	Number	 10000000h   
GENERIC_EXECUTE  . . . . . . . .	Number	 20000000h   
GENERIC_READ . . . . . . . . . .	Number	 -80000000h   
GENERIC_WRITE  . . . . . . . . .	Number	 40000000h   
GMEM_FIXED . . . . . . . . . . .	Number	 00000000h   
GMEM_ZEROINIT  . . . . . . . . .	Number	 00000040h   
GOTOXY . . . . . . . . . . . . .	Text   	 gotoXY
GetModuleHandle  . . . . . . . .	Text   	 GetModuleHandleA
GotoXY . . . . . . . . . . . . .	Text   	 gotoXY
Green  . . . . . . . . . . . . .	Number	 00000002h   
IDABORT  . . . . . . . . . . . .	Number	 00000003h   
IDCANCEL . . . . . . . . . . . .	Number	 00000002h   
IDIGNORE . . . . . . . . . . . .	Number	 00000005h   
IDNO . . . . . . . . . . . . . .	Number	 00000007h   
IDOK . . . . . . . . . . . . . .	Number	 00000001h   
IDRETRY  . . . . . . . . . . . .	Number	 00000004h   
IDYES  . . . . . . . . . . . . .	Number	 00000006h   
INCHAR . . . . . . . . . . . . .	Text   	 inchar
ININTLN  . . . . . . . . . . . .	Text   	 inintln
ININT  . . . . . . . . . . . . .	Text   	 inint
INPUTSTR . . . . . . . . . . . .	Text   	 InputStr
InChar . . . . . . . . . . . . .	Text   	 inchar
InInt  . . . . . . . . . . . . .	Text   	 inint
Inchar . . . . . . . . . . . . .	Text   	 inchar
InintLn  . . . . . . . . . . . .	Text   	 inintln
Inintln  . . . . . . . . . . . .	Text   	 inintln
Inint  . . . . . . . . . . . . .	Text   	 inint
LANG_NEUTRAL . . . . . . . . . .	Number	 00000000h   
LightBlue  . . . . . . . . . . .	Number	 00000009h   
LightGray  . . . . . . . . . . .	Number	 00000007h   
LightGreen . . . . . . . . . . .	Number	 0000000Ah   
LightMagenta . . . . . . . . . .	Number	 0000000Dh   
LightRed . . . . . . . . . . . .	Number	 0000000Ch   
MB_ABORTRETRYIGNORE  . . . . . .	Number	 00000002h   
MB_CANCELTRYCONTINUE . . . . . .	Number	 00000006h   
MB_DEFBUTTON1  . . . . . . . . .	Number	 00000000h   
MB_DEFBUTTON2  . . . . . . . . .	Number	 00000100h   
MB_DEFBUTTON3  . . . . . . . . .	Number	 00000200h   
MB_DEFBUTTON4  . . . . . . . . .	Number	 00000300h   
MB_HELP  . . . . . . . . . . . .	Number	 00004000h   
MB_ICONASTERISK  . . . . . . . .	Number	 00000040h   
MB_ICONEXCLAMATION . . . . . . .	Number	 00000030h   
MB_ICONHAND  . . . . . . . . . .	Number	 00000008h   
MB_ICONQUESTION  . . . . . . . .	Number	 00000020h   
MB_ICONSTOP  . . . . . . . . . .	Number	 00000010h   
MB_OKCANCEL  . . . . . . . . . .	Number	 00000001h   
MB_OK  . . . . . . . . . . . . .	Number	 00000000h   
MB_RETRYCANCEL . . . . . . . . .	Number	 00000005h   
MB_RIGHT . . . . . . . . . . . .	Number	 00080000h   
MB_SYSTEMMODAL . . . . . . . . .	Number	 00001000h   
MB_USERICON  . . . . . . . . . .	Number	 00000080h   
MB_YESNOCANCEL . . . . . . . . .	Number	 00000003h   
MB_YESNO . . . . . . . . . . . .	Number	 00000004h   
MSGBOX . . . . . . . . . . . . .	Text   	 MsgBox
Magenta  . . . . . . . . . . . .	Number	 00000005h   
MessageBoxIndirect . . . . . . .	Text   	 MessageBoxIndirectA
MessageBox . . . . . . . . . . .	Text   	 MessageBoxA
NEWLINE  . . . . . . . . . . . .	Text   	 newline
NEW  . . . . . . . . . . . . . .	Text   	 new
NULL . . . . . . . . . . . . . .	Number	 00000000h   
NewLine  . . . . . . . . . . . .	Text   	 newline
Newline  . . . . . . . . . . . .	Text   	 newline
New  . . . . . . . . . . . . . .	Text   	 new
N  . . . . . . . . . . . . . . .	Byte	 0000004F _DATA	
OPEN_ALWAYS  . . . . . . . . . .	Number	 00000004h   
OPEN_EXISTING  . . . . . . . . .	Number	 00000003h   
OUTCHARLN  . . . . . . . . . . .	Text   	 outcharln
OUTCHAR  . . . . . . . . . . . .	Text   	 outchar
OUTCH  . . . . . . . . . . . . .	Text   	 outchar
OUTCLN . . . . . . . . . . . . .	Text   	 outcharln
OUTDATELN  . . . . . . . . . . .	Text   	 outdateln
OUTDATE  . . . . . . . . . . . .	Text   	 outdate
OUTINTLN . . . . . . . . . . . .	Text   	 outintln
OUTINT . . . . . . . . . . . . .	Text   	 outint
OUTI . . . . . . . . . . . . . .	Text   	 outint
OUTSTRLN . . . . . . . . . . . .	Text   	 outstrln
OUTSTR . . . . . . . . . . . . .	Text   	 outstr
OUTTIMELN  . . . . . . . . . . .	Text   	 outtimeln
OUTTIME  . . . . . . . . . . . .	Text   	 outtime
OUTU . . . . . . . . . . . . . .	Text   	 outword
OUTWORDLN  . . . . . . . . . . .	Text   	 outwordln
OUTWORD  . . . . . . . . . . . .	Text   	 outword
OutCharLn  . . . . . . . . . . .	Text   	 outcharln
OutCharln  . . . . . . . . . . .	Text   	 outcharln
OutChar  . . . . . . . . . . . .	Text   	 outchar
OutDateLn  . . . . . . . . . . .	Text   	 outdateln
OutDateln  . . . . . . . . . . .	Text   	 outdateln
OutDate  . . . . . . . . . . . .	Text   	 outdate
OutILn . . . . . . . . . . . . .	Text   	 outintln
OutIln . . . . . . . . . . . . .	Text   	 outintln
OutIntLn . . . . . . . . . . . .	Text   	 outintln
OutInt . . . . . . . . . . . . .	Text   	 outint
OutI . . . . . . . . . . . . . .	Text   	 outint
OutNumLn . . . . . . . . . . . .	Text   	 outnumln
OutNumln . . . . . . . . . . . .	Text   	 outnumln
OutNum . . . . . . . . . . . . .	Text   	 outnum
OutStrLn . . . . . . . . . . . .	Text   	 outstrln
OutStr . . . . . . . . . . . . .	Text   	 outstr
OutTimeLn  . . . . . . . . . . .	Text   	 outtimeln
OutTimeln  . . . . . . . . . . .	Text   	 outtimeln
OutTime  . . . . . . . . . . . .	Text   	 outtime
OutULn . . . . . . . . . . . . .	Text   	 outwordln
OutUln . . . . . . . . . . . . .	Text   	 outwordln
OutUnsignedLn  . . . . . . . . .	Text   	 outwordln
OutUnsignedln  . . . . . . . . .	Text   	 outwordln
OutUnsigned  . . . . . . . . . .	Text   	 outword
OutU . . . . . . . . . . . . . .	Text   	 outword
OutWordLn  . . . . . . . . . . .	Text   	 outwordln
OutWord  . . . . . . . . . . . .	Text   	 outword
OutintLn . . . . . . . . . . . .	Text   	 outintln
Outintln . . . . . . . . . . . .	Text   	 outintln
Outint . . . . . . . . . . . . .	Text   	 outint
OutstrLn . . . . . . . . . . . .	Text   	 outstrln
OutwordLn  . . . . . . . . . . .	Text   	 outwordln
Outword  . . . . . . . . . . . .	Text   	 outword
PAGE_EXECUTE_READWRITE . . . . .	Number	 00000040h   
PAGE_EXECUTE_READ  . . . . . . .	Number	 00000020h   
PAGE_EXECUTE_WRITECOPY . . . . .	Number	 00000080h   
PAGE_EXECUTE . . . . . . . . . .	Number	 00000010h   
PAGE_NOACCESS  . . . . . . . . .	Number	 00000001h   
PAGE_READONLY  . . . . . . . . .	Number	 00000002h   
PAGE_READWRITE . . . . . . . . .	Number	 00000004h   
PAGE_WRITECOPY . . . . . . . . .	Number	 00000008h   
PAUSE  . . . . . . . . . . . . .	Text   	 pause
Pause  . . . . . . . . . . . . .	Text   	 pause
READKEY  . . . . . . . . . . . .	Text   	 readkey
ReadKey  . . . . . . . . . . . .	Text   	 readkey
Red  . . . . . . . . . . . . . .	Number	 00000004h   
STD_ERROR_HANDLE . . . . . . . .	Number	 -0000000Ch   
STD_INPUT_HANDLE . . . . . . . .	Number	 -0000000Ah   
STD_OUTPUT_HANDLE  . . . . . . .	Number	 -0000000Bh   
SetConsoleTitle  . . . . . . . .	Text   	 SetConsoleTitleA
Start  . . . . . . . . . . . . .	L Near	 0000002A _TEXT	Public STDCALL
TRUNCATE_EXISTING  . . . . . . .	Number	 00000005h   
T  . . . . . . . . . . . . . . .	Byte	 00000019 _DATA	
URLDownloadToFile  . . . . . . .	Text   	 URLDownloadToFileA
White  . . . . . . . . . . . . .	Number	 0000000Fh   
X  . . . . . . . . . . . . . . .	QWord	 00000047 _DATA	
Yellow . . . . . . . . . . . . .	Number	 0000000Eh   
_imp___exit  . . . . . . . . . .	DWord	 00000000 FLAT	External STDCALL
_imp__printf . . . . . . . . . .	DWord	 00000000 FLAT	External STDCALL
_imp__sprintf  . . . . . . . . .	DWord	 00000000 FLAT	External STDCALL
black  . . . . . . . . . . . . .	Number	 00000000h   
blue . . . . . . . . . . . . . .	Number	 00000001h   
bright . . . . . . . . . . . . .	Number	 00000008h   
brown  . . . . . . . . . . . . .	Number	 00000006h   
clrscr . . . . . . . . . . . . .	Text   	 ClrScr
crt__exit  . . . . . . . . . . .	Text   	 _imp___exit
crt_printf . . . . . . . . . . .	Text   	 _imp__printf
crt_sprintf  . . . . . . . . . .	Text   	 _imp__sprintf
cyan . . . . . . . . . . . . . .	Number	 00000003h   
darkgray . . . . . . . . . . . .	Number	 00000008h   
dos  . . . . . . . . . . . . . .	Text   	 DOS
downloadfile . . . . . . . . . .	Text   	 DownloadFile
gotoxy . . . . . . . . . . . . .	Text   	 gotoXY
green  . . . . . . . . . . . . .	Number	 00000002h   
heapblocksize  . . . . . . . . .	Text   	 HeapBlockSize
inint_proc@0 . . . . . . . . . .	L Near	 00000000 FLAT	External STDCALL
inputstr . . . . . . . . . . . .	Text   	 InputStr
lightblue  . . . . . . . . . . .	Number	 00000009h   
lightgray  . . . . . . . . . . .	Number	 00000007h   
lightgreen . . . . . . . . . . .	Number	 0000000Ah   
lightmagenta . . . . . . . . . .	Number	 0000000Dh   
lightred . . . . . . . . . . . .	Number	 0000000Ch   
magenta  . . . . . . . . . . . .	Number	 00000005h   
msgbox . . . . . . . . . . . . .	Text   	 MsgBox
nil  . . . . . . . . . . . . . .	DWord 	 00000000h   
outch  . . . . . . . . . . . . .	Text   	 outchar
outintLn . . . . . . . . . . . .	Text   	 outintln
outi . . . . . . . . . . . . . .	Text   	 outint
outu . . . . . . . . . . . . . .	Text   	 outword
outwordLn  . . . . . . . . . . .	Text   	 outwordln
randomize  . . . . . . . . . . .	Text   	 Randomize
red  . . . . . . . . . . . . . .	Number	 00000004h   
settextattr  . . . . . . . . . .	Text   	 SetTextAttr
whereX . . . . . . . . . . . . .	Text   	 WhereX
whereY . . . . . . . . . . . . .	Text   	 WhereY
wherex . . . . . . . . . . . . .	Text   	 WhereX
wherey . . . . . . . . . . . . .	Text   	 WhereY
white  . . . . . . . . . . . . .	Number	 0000000Fh   
yellow . . . . . . . . . . . . .	Number	 0000000Eh   

	   0 Warnings
	   0 Errors
