Microsoft (R) Macro Assembler Version 6.14.8444		    04/27/23 16:18:45
3.asm							     Page 1 - 1


				COMMENT ~

				 СТУДЕНТ _________     группа _______
				 САМОСТОЯТЕЛЬНАЯ РАБОТА 17 (в машинном классе)

				 ЗАДАЧА_3 (максимально 20 очков)
				 
				 Описать процедуру Assign(X) CО СТАНДАРТНЫМИ СОГЛАШЕНИЯМИ О СВЯЗЯХ, которая 
				 принимает на вход адрес двойного слова (без знака) и преобразует это двойное
				 слово по следующему правилу: 
				 Х  :=  40 * (Х div 64 + Х mod 8) - 17
				 
				 ВАЖНОЕ ТРЕБОВАНИЕ: в решении ЗАПРЕЩЕНО ИСПОЛЬЗОВАТЬ команды сложения, 
				 вычитания, умножения, деления, сравнения.
				 ПОДСКАЗКА: рекомендуется использовать команды shr, shl, and, lea .

				 Выписать ОБРАЩЕНИЕ К ЭТОЙ ПРОЦЕДУРЕ для переменной Y, описание которой
				 дано ниже в секции данных этой программы, а после  обращения к процедуре
				 - вывести НОВОЕ ЗНАЧЕНИЕ переменной Y (вывод нужно осуществлять из основной 
				 программы). При правильной работе процедуры Assign должно быть напечатано 
				 число 617503

				~

				include console.inc
			      C .NOLIST
			      C .LIST
			      C ; Исключение из списка служебных слов
			      C option NoKeyWord: <c name str>
			      C 
			      C 
			      C 
			      C ;include masm32.inc
			      C 
			      C    includelib masm32.lib
			      C    includelib user32.lib
			      C    includelib kernel32.lib
			      C    includelib msvcrt.lib
			      C    includelib io_proc.lib
			      C    
			      C 
 00000019			.data
 00000019 20 D4 C0 CC C8	T   db " ФАМИЛИЯ______ ИМЯ______   Задача_3 (с-р 17)",0		
	   CB C8 DF 5F 5F
	   5F 5F 5F 5F 20
	   C8 CC DF 5F 5F
	   5F 5F 5F 5F 20
	   20 20 C7 E0 E4
	   E0 F7 E0 5F 33
	   20 28 F1 2D F0
	   20 31 37 29 00
 = 000F1206			N = 987654
 00000046 000F1206		Y   dd N                        ; б/зн

 00000000			.code
				; procedure Assign(var X: longword);
				; ДЕЙСТВИЕ: Х := 40 * (Х div 64 + Х mod 8) - 17
 00000000			Assign proc
				; [EBP+8] ~ написать что здесь лежит !!!

				; пролог (стандартные входные действия):
 00000000  55			    push EBP
 00000001  8B EC		    mov EBP, ESP
 00000003  50			    push EAX
 00000004  53			    push EBX
 00000005  51			    push ECX
 00000006  52			    push EDX
				; решение задачи (кратко комментировать каждую строчку решения!):
 00000007  8B 45 08		    mov EAX, [EBP+8]
				    outnumln EAX,,b
				    outi EAX
				    outnumln EAX,,b    

				; эпилог (стандартные выходные действия):
 00000471  5A			    pop EDX
 00000472  59			    pop ECX
 00000473  5B			    pop EBX
 00000474  58			    pop EAX
 00000475  5D			    pop EBP
 00000476  C2 0004		    ret 4*1
 00000479			Assign endp
 00000479			Start:
				    ConsoleTitle offset T	
				; применение процедуры Assign к двойному слову Y из секции данных: Assign(Y)
 000004CB  68 000F1206		    push offset N
 000004D0  E8 FFFFFB2B		    call Assign
				 
				; печать нового значения переменной Y после вызова процедуры Assign:
				    outwordln Y,,"Найденное значение Y:  "
				; контроль правильности ответа:    
				    outwordln 40*(N/64 + N mod 8) - 17,,"Ожидался такой ответ:  "

				;   pause						; нужно при сдаче по e-mail
				    exit						
				end Start

				================================================================
				для тестирования менять значение константы N
Microsoft (R) Macro Assembler Version 6.14.8444		    04/27/23 16:18:45
3.asm							     Symbols 2 - 1




Macros:

                N a m e                 Type

??CheckStrToBuf  . . . . . . . .	Proc
??FindESP  . . . . . . . . . . .	Proc
??RestoreReg . . . . . . . . . .	Proc
??SaveReg  . . . . . . . . . . .	Proc
@GetCommandLine  . . . . . . . .	Func
@Random  . . . . . . . . . . . .	Func
@inchar  . . . . . . . . . . . .	Func
@inintln . . . . . . . . . . . .	Func
@inint . . . . . . . . . . . . .	Func
@readkey . . . . . . . . . . . .	Func
ChagePageAttr  . . . . . . . . .	Proc
ClrScr . . . . . . . . . . . . .	Proc
ConsoleMode  . . . . . . . . . .	Proc
ConsoleTitle . . . . . . . . . .	Proc
DOS  . . . . . . . . . . . . . .	Func
DownloadFile . . . . . . . . . .	Proc
GetConsoleTitle  . . . . . . . .	Proc
HeapBlockSize  . . . . . . . . .	Proc
InputStr . . . . . . . . . . . .	Proc
MsgBox . . . . . . . . . . . . .	Proc
NewConsole . . . . . . . . . . .	Proc
OpenFile . . . . . . . . . . . .	Proc
OutFlags . . . . . . . . . . . .	Proc
Randomize  . . . . . . . . . . .	Proc
RunExe . . . . . . . . . . . . .	Proc
SetScreenSize  . . . . . . . . .	Proc
SetTextAttr  . . . . . . . . . .	Proc
TotalHeapAllocated . . . . . . .	Proc
WhereX . . . . . . . . . . . . .	Proc
WhereY . . . . . . . . . . . . .	Proc
dispose  . . . . . . . . . . . .	Proc
exit . . . . . . . . . . . . . .	Proc
flush  . . . . . . . . . . . . .	Proc
gotoXY . . . . . . . . . . . . .	Proc
inchar . . . . . . . . . . . . .	Proc
inintln  . . . . . . . . . . . .	Proc
inint  . . . . . . . . . . . . .	Proc
newline  . . . . . . . . . . . .	Proc
new  . . . . . . . . . . . . . .	Proc
outcharln  . . . . . . . . . . .	Proc
outchar  . . . . . . . . . . . .	Proc
outdateln  . . . . . . . . . . .	Proc
outdate  . . . . . . . . . . . .	Proc
outintln . . . . . . . . . . . .	Proc
outint . . . . . . . . . . . . .	Proc
outnumln . . . . . . . . . . . .	Proc
outnum . . . . . . . . . . . . .	Proc
outstrln . . . . . . . . . . . .	Proc
outstr . . . . . . . . . . . . .	Proc
outtimeln  . . . . . . . . . . .	Proc
outtime  . . . . . . . . . . . .	Proc
outwordln  . . . . . . . . . . .	Proc
outword  . . . . . . . . . . . .	Proc
pause  . . . . . . . . . . . . .	Proc
readkey  . . . . . . . . . . . .	Proc


Structures and Unions:

                N a m e                  Size
                                         Offset      Type

CONSOLE_SCREEN_BUFFER_INFO . . .	 00000016
  dwSize . . . . . . . . . . . .	 00000000	 DWord
  dwCursorPosition . . . . . . .	 00000004	 DWord
  wAttributes  . . . . . . . . .	 00000008	 Word
  srWindow . . . . . . . . . . .	 0000000A	 QWord
  dwMaximumWindowSize  . . . . .	 00000012	 DWord
COORD  . . . . . . . . . . . . .	 00000004
  x  . . . . . . . . . . . . . .	 00000000	 Word
  y  . . . . . . . . . . . . . .	 00000002	 Word
SMALL_RECT . . . . . . . . . . .	 00000008
  Left . . . . . . . . . . . . .	 00000000	 Word
  Top  . . . . . . . . . . . . .	 00000002	 Word
  Right  . . . . . . . . . . . .	 00000004	 Word
  Bottom . . . . . . . . . . . .	 00000006	 Word
SystemTime . . . . . . . . . . .	 00000010
  wYear  . . . . . . . . . . . .	 00000000	 Word
  wMonth . . . . . . . . . . . .	 00000002	 Word
  wDayOfWeek . . . . . . . . . .	 00000004	 Word
  wDay . . . . . . . . . . . . .	 00000006	 Word
  wHour  . . . . . . . . . . . .	 00000008	 Word
  wMinute  . . . . . . . . . . .	 0000000A	 Word
  wSecond  . . . . . . . . . . .	 0000000C	 Word
  wMilliseconds  . . . . . . . .	 0000000E	 Word


Types:

                N a m e                  Size     Attr

c_msvcrt . . . . . . . . . . . .	 00000004     CODE 


Segments and Groups:

                N a m e                 Size     Length   Align   Combine Class

FLAT . . . . . . . . . . . . . .	GROUP
STACK  . . . . . . . . . . . . .	32 Bit	 00001000 Para	  Stack	  'STACK'	 
_DATA  . . . . . . . . . . . . .	32 Bit	 0000101C Para	  Public  'DATA'	
_TEXT  . . . . . . . . . . . . .	32 Bit	 0000066D Para	  Public  'CODE'	


Procedures,  parameters and locals:

                N a m e                 Type     Value    Attr

Assign . . . . . . . . . . . . .	P Near	 00000000 _TEXT	Length= 00000479 Public STDCALL
  ??0004 . . . . . . . . . . . .	L Near	 00000017 _TEXT	
  ??0014 . . . . . . . . . . . .	L Near	 0000003F _TEXT	
  ??0015 . . . . . . . . . . . .	L Near	 00000075 _TEXT	
  ??0005 . . . . . . . . . . . .	L Near	 0000008A _TEXT	
  ??001D . . . . . . . . . . . .	L Near	 000000A5 _TEXT	
  ??001E . . . . . . . . . . . .	L Near	 000000DB _TEXT	
  ??0006 . . . . . . . . . . . .	L Near	 000000EF _TEXT	
  ??0026 . . . . . . . . . . . .	L Near	 00000115 _TEXT	
  ??0027 . . . . . . . . . . . .	L Near	 0000014B _TEXT	
  ??0007 . . . . . . . . . . . .	L Near	 0000015E _TEXT	
  ??002F . . . . . . . . . . . .	L Near	 00000179 _TEXT	
  ??0030 . . . . . . . . . . . .	L Near	 000001AF _TEXT	
  ??0039 . . . . . . . . . . . .	L Near	 000001E4 _TEXT	
  ??003A . . . . . . . . . . . .	L Near	 0000021A _TEXT	
  ??004C . . . . . . . . . . . .	L Near	 00000257 _TEXT	
  ??005C . . . . . . . . . . . .	L Near	 0000027F _TEXT	
  ??005D . . . . . . . . . . . .	L Near	 000002B5 _TEXT	
  ??004D . . . . . . . . . . . .	L Near	 000002CA _TEXT	
  ??0065 . . . . . . . . . . . .	L Near	 000002E5 _TEXT	
  ??0066 . . . . . . . . . . . .	L Near	 0000031B _TEXT	
  ??004E . . . . . . . . . . . .	L Near	 0000032F _TEXT	
  ??006E . . . . . . . . . . . .	L Near	 00000355 _TEXT	
  ??006F . . . . . . . . . . . .	L Near	 0000038B _TEXT	
  ??004F . . . . . . . . . . . .	L Near	 0000039E _TEXT	
  ??0077 . . . . . . . . . . . .	L Near	 000003B9 _TEXT	
  ??0078 . . . . . . . . . . . .	L Near	 000003EF _TEXT	
  ??0081 . . . . . . . . . . . .	L Near	 00000424 _TEXT	
  ??0082 . . . . . . . . . . . .	L Near	 0000045A _TEXT	
CharToOemA . . . . . . . . . . .	P Near	 00000000 FLAT	Length= 00000000 External STDCALL
ClearScreen  . . . . . . . . . .	P Near	 00000000 FLAT	Length= 00000000 External STDCALL
CloseHandle  . . . . . . . . . .	P Near	 00000000 FLAT	Length= 00000000 External STDCALL
CreateFileA  . . . . . . . . . .	P Near	 00000000 FLAT	Length= 00000000 External STDCALL
ExitProcess  . . . . . . . . . .	P Near	 00000000 FLAT	Length= 00000000 External STDCALL
GetCommandLineA  . . . . . . . .	P Near	 00000000 FLAT	Length= 00000000 External STDCALL
GetConsoleScreenBufferInfo . . .	P Near	 00000000 FLAT	Length= 00000000 External STDCALL
GetConsoleTitleA . . . . . . . .	P Near	 00000000 FLAT	Length= 00000000 External STDCALL
GetModuleHandleA . . . . . . . .	P Near	 00000000 FLAT	Length= 00000000 External STDCALL
GetStdHandle . . . . . . . . . .	P Near	 00000000 FLAT	Length= 00000000 External STDCALL
GetSystemMetrics . . . . . . . .	P Near	 00000000 FLAT	Length= 00000000 External STDCALL
GetSystemTime  . . . . . . . . .	P Near	 00000000 FLAT	Length= 00000000 External STDCALL
GetTickCount . . . . . . . . . .	P Near	 00000000 FLAT	Length= 00000000 External STDCALL
GlobalAlloc  . . . . . . . . . .	P Near	 00000000 FLAT	Length= 00000000 External STDCALL
GlobalFree . . . . . . . . . . .	P Near	 00000000 FLAT	Length= 00000000 External STDCALL
GlobalSize . . . . . . . . . . .	P Near	 00000000 FLAT	Length= 00000000 External STDCALL
InternetGetConnectedState  . . .	P Near	 00000000 FLAT	Length= 00000000 External STDCALL
MessageBoxA  . . . . . . . . . .	P Near	 00000000 FLAT	Length= 00000000 External STDCALL
MessageBoxIndirectA  . . . . . .	P Near	 00000000 FLAT	Length= 00000000 External STDCALL
SetConsoleCtrlHandler  . . . . .	P Near	 00000000 FLAT	Length= 00000000 External STDCALL
SetConsoleCursorPosition . . . .	P Near	 00000000 FLAT	Length= 00000000 External STDCALL
SetConsoleScreenBufferSize . . .	P Near	 00000000 FLAT	Length= 00000000 External STDCALL
SetConsoleTextAttribute  . . . .	P Near	 00000000 FLAT	Length= 00000000 External STDCALL
SetConsoleTitleA . . . . . . . .	P Near	 00000000 FLAT	Length= 00000000 External STDCALL
Sleep  . . . . . . . . . . . . .	P Near	 00000000 FLAT	Length= 00000000 External STDCALL
StdIn  . . . . . . . . . . . . .	P Near	 00000000 FLAT	Length= 00000000 External STDCALL
StdOut . . . . . . . . . . . . .	P Near	 00000000 FLAT	Length= 00000000 External STDCALL
URLDownloadToFileA . . . . . . .	P Near	 00000000 FLAT	Length= 00000000 External STDCALL
VirtualProtect . . . . . . . . .	P Near	 00000000 FLAT	Length= 00000000 External STDCALL
nrandom  . . . . . . . . . . . .	P Near	 00000000 FLAT	Length= 00000000 External STDCALL
nseed  . . . . . . . . . . . . .	P Near	 00000000 FLAT	Length= 00000000 External STDCALL
shell_ex . . . . . . . . . . . .	P Near	 00000000 FLAT	Length= 00000000 External STDCALL
shell  . . . . . . . . . . . . .	P Near	 00000000 FLAT	Length= 00000000 External STDCALL
wait_key . . . . . . . . . . . .	P Near	 00000000 FLAT	Length= 00000000 External STDCALL


Symbols:

                N a m e                 Type     Value    Attr

??0000 . . . . . . . . . . . . .	Number	 00000001h   
??0001 . . . . . . . . . . . . .	Number	 00000002h   
??0002 . . . . . . . . . . . . .	Number	 00000000h   
??000B . . . . . . . . . . . . .	Number	 00000004h   
??000D . . . . . . . . . . . . .	Number	 00000000h   
??000E . . . . . . . . . . . . .	Byte	 0000004A _DATA	
??0010 . . . . . . . . . . . . .	Byte	 00000179 _DATA	
??0011 . . . . . . . . . . . . .	Byte	 0000004D _DATA	
??0012 . . . . . . . . . . . . .	Text   	 o
??0013 . . . . . . . . . . . . .	Byte	 0000004C _DATA	
??0016 . . . . . . . . . . . . .	Number	 00000000h   
??0017 . . . . . . . . . . . . .	Byte	 0000017C _DATA	
??0019 . . . . . . . . . . . . .	Byte	 000002AB _DATA	
??001A . . . . . . . . . . . . .	Byte	 0000017F _DATA	
??001B . . . . . . . . . . . . .	Text   	 o
??001C . . . . . . . . . . . . .	Byte	 0000017E _DATA	
??001F . . . . . . . . . . . . .	Number	 00000000h   
??0020 . . . . . . . . . . . . .	Byte	 000002AE _DATA	
??0022 . . . . . . . . . . . . .	Byte	 000003DD _DATA	
??0023 . . . . . . . . . . . . .	Byte	 000002B1 _DATA	
??0024 . . . . . . . . . . . . .	Text   	 o
??0025 . . . . . . . . . . . . .	Byte	 000002B0 _DATA	
??0028 . . . . . . . . . . . . .	Number	 00000000h   
??0029 . . . . . . . . . . . . .	Byte	 000003E0 _DATA	
??002B . . . . . . . . . . . . .	Byte	 0000050F _DATA	
??002C . . . . . . . . . . . . .	Byte	 000003E3 _DATA	
??002D . . . . . . . . . . . . .	Text   	 o
??002E . . . . . . . . . . . . .	Byte	 000003E2 _DATA	
??0031 . . . . . . . . . . . . .	Byte	 00000512 _DATA	
??0032 . . . . . . . . . . . . .	Number	 00000000h   
??0033 . . . . . . . . . . . . .	Byte	 00000515 _DATA	
??0035 . . . . . . . . . . . . .	Byte	 00000644 _DATA	
??0036 . . . . . . . . . . . . .	Byte	 00000518 _DATA	
??0037 . . . . . . . . . . . . .	Text   	 o
??0038 . . . . . . . . . . . . .	Byte	 00000517 _DATA	
??003B . . . . . . . . . . . . .	Number	 00000001h   
??003C . . . . . . . . . . . . .	Number	 00000002h   
??003D . . . . . . . . . . . . .	Number	 00000000h   
??003E . . . . . . . . . . . . .	Byte	 00000647 _DATA	
??0046 . . . . . . . . . . . . .	Number	 00000004h   
??0048 . . . . . . . . . . . . .	Number	 00000001h   
??0049 . . . . . . . . . . . . .	Number	 00000002h   
??004A . . . . . . . . . . . . .	Number	 00000000h   
??0053 . . . . . . . . . . . . .	Number	 00000004h   
??0055 . . . . . . . . . . . . .	Number	 00000000h   
??0056 . . . . . . . . . . . . .	Byte	 0000064A _DATA	
??0058 . . . . . . . . . . . . .	Byte	 00000779 _DATA	
??0059 . . . . . . . . . . . . .	Byte	 0000064D _DATA	
??005A . . . . . . . . . . . . .	Text   	 o
??005B . . . . . . . . . . . . .	Byte	 0000064C _DATA	
??005E . . . . . . . . . . . . .	Number	 00000000h   
??005F . . . . . . . . . . . . .	Byte	 0000077C _DATA	
??0061 . . . . . . . . . . . . .	Byte	 000008AB _DATA	
??0062 . . . . . . . . . . . . .	Byte	 0000077F _DATA	
??0063 . . . . . . . . . . . . .	Text   	 o
??0064 . . . . . . . . . . . . .	Byte	 0000077E _DATA	
??0067 . . . . . . . . . . . . .	Number	 00000000h   
??0068 . . . . . . . . . . . . .	Byte	 000008AE _DATA	
??006A . . . . . . . . . . . . .	Byte	 000009DD _DATA	
??006B . . . . . . . . . . . . .	Byte	 000008B1 _DATA	
??006C . . . . . . . . . . . . .	Text   	 o
??006D . . . . . . . . . . . . .	Byte	 000008B0 _DATA	
??0070 . . . . . . . . . . . . .	Number	 00000000h   
??0071 . . . . . . . . . . . . .	Byte	 000009E0 _DATA	
??0073 . . . . . . . . . . . . .	Byte	 00000B0F _DATA	
??0074 . . . . . . . . . . . . .	Byte	 000009E3 _DATA	
??0075 . . . . . . . . . . . . .	Text   	 o
??0076 . . . . . . . . . . . . .	Byte	 000009E2 _DATA	
??0079 . . . . . . . . . . . . .	Byte	 00000B12 _DATA	
??007A . . . . . . . . . . . . .	Number	 00000000h   
??007B . . . . . . . . . . . . .	Byte	 00000B15 _DATA	
??007D . . . . . . . . . . . . .	Byte	 00000C44 _DATA	
??007E . . . . . . . . . . . . .	Byte	 00000B18 _DATA	
??007F . . . . . . . . . . . . .	Text   	 o
??0080 . . . . . . . . . . . . .	Byte	 00000B17 _DATA	
??0083 . . . . . . . . . . . . .	Byte	 00000C48 _DATA	
??0084 . . . . . . . . . . . . .	Text   	 o
??0085 . . . . . . . . . . . . .	Byte	 00000C47 _DATA	
??0086 . . . . . . . . . . . . .	L Near	 0000048B _TEXT	
??0087 . . . . . . . . . . . . .	L Near	 000004C1 _TEXT	
??0088 . . . . . . . . . . . . .	Number	 -00000001h   
??0089 . . . . . . . . . . . . .	Number	 00000001h   
??008A . . . . . . . . . . . . .	Number	 00000000h   
??008B . . . . . . . . . . . . .	Byte	 00000D90 _DATA	
??0093 . . . . . . . . . . . . .	Number	 00000004h   
??0095 . . . . . . . . . . . . .	Byte	 00000D8D _DATA	
??0096 . . . . . . . . . . . . .	Byte	 00000D75 _DATA	
??0097 . . . . . . . . . . . . .	Text   	 "
??0098 . . . . . . . . . . . . .	Byte	 00000D74 _DATA	
??009A . . . . . . . . . . . . .	L Near	 00000500 _TEXT	
??009B . . . . . . . . . . . . .	Byte	 00000D93 _DATA	
??009C . . . . . . . . . . . . .	Number	 00000000h   
??009D . . . . . . . . . . . . .	Byte	 00000D96 _DATA	
??009F . . . . . . . . . . . . .	Byte	 00000EC5 _DATA	
??00A0 . . . . . . . . . . . . .	Byte	 00000D99 _DATA	
??00A1 . . . . . . . . . . . . .	Text   	 o
??00A2 . . . . . . . . . . . . .	Byte	 00000D98 _DATA	
??00A3 . . . . . . . . . . . . .	L Near	 0000054E _TEXT	
??00A4 . . . . . . . . . . . . .	L Near	 00000584 _TEXT	
??00A5 . . . . . . . . . . . . .	Number	 00000016h   
??00A6 . . . . . . . . . . . . .	Number	 00000017h   
??00A7 . . . . . . . . . . . . .	Number	 00000000h   
??00A8 . . . . . . . . . . . . .	Byte	 00000EE4 _DATA	
??00B0 . . . . . . . . . . . . .	Number	 00000000h   
??00B2 . . . . . . . . . . . . .	Byte	 00000EE1 _DATA	
??00B3 . . . . . . . . . . . . .	Byte	 00000EC9 _DATA	
??00B4 . . . . . . . . . . . . .	Text   	 "
??00B5 . . . . . . . . . . . . .	Byte	 00000EC8 _DATA	
??00B7 . . . . . . . . . . . . .	L Near	 000005C6 _TEXT	
??00B8 . . . . . . . . . . . . .	Byte	 00000EE7 _DATA	
??00B9 . . . . . . . . . . . . .	Number	 00000000h   
??00BA . . . . . . . . . . . . .	Byte	 00000EEA _DATA	
??00BC . . . . . . . . . . . . .	Byte	 00001019 _DATA	
??00BD . . . . . . . . . . . . .	Byte	 00000EED _DATA	
??00BE . . . . . . . . . . . . .	Text   	 o
??00BF . . . . . . . . . . . . .	Byte	 00000EEC _DATA	
??00C0 . . . . . . . . . . . . .	L Near	 00000614 _TEXT	
??00C1 . . . . . . . . . . . . .	L Near	 0000064A _TEXT	
??CommonHeapElemSize . . . . . .	DWord	 00000004 _DATA	
??ConsoleMode  . . . . . . . . .	Byte	 00000008 _DATA	
??TotalHeapAllocated . . . . . .	DWord	 00000000 _DATA	
??sTime  . . . . . . . . . . . .	SystemTime  00000009 _DATA	
@CodeSize  . . . . . . . . . . .	Number	 00000000h   
@DOS . . . . . . . . . . . . . .	Text   	 DOS
@DataSize  . . . . . . . . . . .	Number	 00000000h   
@INCHAR  . . . . . . . . . . . .	Text   	 @inchar
@ININTLN . . . . . . . . . . . .	Text   	 @inintln
@ININT . . . . . . . . . . . . .	Text   	 @inint
@InChar  . . . . . . . . . . . .	Text   	 @inchar
@InInt . . . . . . . . . . . . .	Text   	 @inint
@Inchar  . . . . . . . . . . . .	Text   	 @inchar
@InintLn . . . . . . . . . . . .	Text   	 @inintln
@Inintln . . . . . . . . . . . .	Text   	 @inintln
@Inint . . . . . . . . . . . . .	Text   	 @inint
@Interface . . . . . . . . . . .	Number	 00000003h   
@Model . . . . . . . . . . . . .	Number	 00000007h   
@READKEY . . . . . . . . . . . .	Text   	 @readkey
@ReadKey . . . . . . . . . . . .	Text   	 @readkey
@code  . . . . . . . . . . . . .	Text   	 _TEXT
@data  . . . . . . . . . . . . .	Text   	 FLAT
@dos . . . . . . . . . . . . . .	Text   	 DOS
@fardata?  . . . . . . . . . . .	Text   	 FLAT
@fardata . . . . . . . . . . . .	Text   	 FLAT
@random  . . . . . . . . . . . .	Text   	 @Random
@stack . . . . . . . . . . . . .	Text   	 FLAT
AllocConsole@0 . . . . . . . . .	L Near	 00000000 FLAT	External STDCALL
Black  . . . . . . . . . . . . .	Number	 00000000h   
Blue . . . . . . . . . . . . . .	Number	 00000001h   
Bright . . . . . . . . . . . . .	Number	 00000008h   
Brown  . . . . . . . . . . . . .	Number	 00000006h   
CLRSCR . . . . . . . . . . . . .	Text   	 ClrScr
CREATE_ALWAYS  . . . . . . . . .	Number	 00000002h   
CREATE_NEW . . . . . . . . . . .	Number	 00000001h   
CharToOem  . . . . . . . . . . .	Text   	 CharToOemA
Cls  . . . . . . . . . . . . . .	Text   	 ClrScr
CreateFile . . . . . . . . . . .	Text   	 CreateFileA
Cyan . . . . . . . . . . . . . .	Number	 00000003h   
DISPOSE  . . . . . . . . . . . .	Text   	 dispose
DarkGray . . . . . . . . . . . .	Number	 00000008h   
Dispose  . . . . . . . . . . . .	Text   	 dispose
EXIT . . . . . . . . . . . . . .	Text   	 exit
Exit . . . . . . . . . . . . . .	Text   	 exit
FILE_ATTRIBUTE_ARCHIVE . . . . .	Number	 00000020h   
FILE_ATTRIBUTE_COMPRESSED  . . .	Number	 00000800h   
FILE_ATTRIBUTE_DIRECTORY . . . .	Number	 00000010h   
FILE_ATTRIBUTE_HIDDEN  . . . . .	Number	 00000002h   
FILE_ATTRIBUTE_NORMAL  . . . . .	Number	 00000080h   
FILE_ATTRIBUTE_READONLY  . . . .	Number	 00000001h   
FILE_ATTRIBUTE_SYSTEM  . . . . .	Number	 00000004h   
FILE_ATTRIBUTE_TEMPORARY . . . .	Number	 00000100h   
FLUSH  . . . . . . . . . . . . .	Text   	 flush
Flush  . . . . . . . . . . . . .	Text   	 flush
FreeConsole@0  . . . . . . . . .	L Near	 00000000 FLAT	External STDCALL
GENERIC_ALL  . . . . . . . . . .	Number	 10000000h   
GENERIC_EXECUTE  . . . . . . . .	Number	 20000000h   
GENERIC_READ . . . . . . . . . .	Number	 -80000000h   
GENERIC_WRITE  . . . . . . . . .	Number	 40000000h   
GMEM_FIXED . . . . . . . . . . .	Number	 00000000h   
GMEM_ZEROINIT  . . . . . . . . .	Number	 00000040h   
GOTOXY . . . . . . . . . . . . .	Text   	 gotoXY
GetModuleHandle  . . . . . . . .	Text   	 GetModuleHandleA
GotoXY . . . . . . . . . . . . .	Text   	 gotoXY
Green  . . . . . . . . . . . . .	Number	 00000002h   
IDABORT  . . . . . . . . . . . .	Number	 00000003h   
IDCANCEL . . . . . . . . . . . .	Number	 00000002h   
IDIGNORE . . . . . . . . . . . .	Number	 00000005h   
IDNO . . . . . . . . . . . . . .	Number	 00000007h   
IDOK . . . . . . . . . . . . . .	Number	 00000001h   
IDRETRY  . . . . . . . . . . . .	Number	 00000004h   
IDYES  . . . . . . . . . . . . .	Number	 00000006h   
INCHAR . . . . . . . . . . . . .	Text   	 inchar
ININTLN  . . . . . . . . . . . .	Text   	 inintln
ININT  . . . . . . . . . . . . .	Text   	 inint
INPUTSTR . . . . . . . . . . . .	Text   	 InputStr
InChar . . . . . . . . . . . . .	Text   	 inchar
InInt  . . . . . . . . . . . . .	Text   	 inint
Inchar . . . . . . . . . . . . .	Text   	 inchar
InintLn  . . . . . . . . . . . .	Text   	 inintln
Inintln  . . . . . . . . . . . .	Text   	 inintln
Inint  . . . . . . . . . . . . .	Text   	 inint
LANG_NEUTRAL . . . . . . . . . .	Number	 00000000h   
LightBlue  . . . . . . . . . . .	Number	 00000009h   
LightGray  . . . . . . . . . . .	Number	 00000007h   
LightGreen . . . . . . . . . . .	Number	 0000000Ah   
LightMagenta . . . . . . . . . .	Number	 0000000Dh   
LightRed . . . . . . . . . . . .	Number	 0000000Ch   
MB_ABORTRETRYIGNORE  . . . . . .	Number	 00000002h   
MB_CANCELTRYCONTINUE . . . . . .	Number	 00000006h   
MB_DEFBUTTON1  . . . . . . . . .	Number	 00000000h   
MB_DEFBUTTON2  . . . . . . . . .	Number	 00000100h   
MB_DEFBUTTON3  . . . . . . . . .	Number	 00000200h   
MB_DEFBUTTON4  . . . . . . . . .	Number	 00000300h   
MB_HELP  . . . . . . . . . . . .	Number	 00004000h   
MB_ICONASTERISK  . . . . . . . .	Number	 00000040h   
MB_ICONEXCLAMATION . . . . . . .	Number	 00000030h   
MB_ICONHAND  . . . . . . . . . .	Number	 00000008h   
MB_ICONQUESTION  . . . . . . . .	Number	 00000020h   
MB_ICONSTOP  . . . . . . . . . .	Number	 00000010h   
MB_OKCANCEL  . . . . . . . . . .	Number	 00000001h   
MB_OK  . . . . . . . . . . . . .	Number	 00000000h   
MB_RETRYCANCEL . . . . . . . . .	Number	 00000005h   
MB_RIGHT . . . . . . . . . . . .	Number	 00080000h   
MB_SYSTEMMODAL . . . . . . . . .	Number	 00001000h   
MB_USERICON  . . . . . . . . . .	Number	 00000080h   
MB_YESNOCANCEL . . . . . . . . .	Number	 00000003h   
MB_YESNO . . . . . . . . . . . .	Number	 00000004h   
MSGBOX . . . . . . . . . . . . .	Text   	 MsgBox
Magenta  . . . . . . . . . . . .	Number	 00000005h   
MessageBoxIndirect . . . . . . .	Text   	 MessageBoxIndirectA
MessageBox . . . . . . . . . . .	Text   	 MessageBoxA
NEWLINE  . . . . . . . . . . . .	Text   	 newline
NEW  . . . . . . . . . . . . . .	Text   	 new
NULL . . . . . . . . . . . . . .	Number	 00000000h   
NewLine  . . . . . . . . . . . .	Text   	 newline
Newline  . . . . . . . . . . . .	Text   	 newline
New  . . . . . . . . . . . . . .	Text   	 new
N  . . . . . . . . . . . . . . .	Number	 000F1206h   
OPEN_ALWAYS  . . . . . . . . . .	Number	 00000004h   
OPEN_EXISTING  . . . . . . . . .	Number	 00000003h   
OUTCHARLN  . . . . . . . . . . .	Text   	 outcharln
OUTCHAR  . . . . . . . . . . . .	Text   	 outchar
OUTCH  . . . . . . . . . . . . .	Text   	 outchar
OUTCLN . . . . . . . . . . . . .	Text   	 outcharln
OUTDATELN  . . . . . . . . . . .	Text   	 outdateln
OUTDATE  . . . . . . . . . . . .	Text   	 outdate
OUTINTLN . . . . . . . . . . . .	Text   	 outintln
OUTINT . . . . . . . . . . . . .	Text   	 outint
OUTI . . . . . . . . . . . . . .	Text   	 outint
OUTSTRLN . . . . . . . . . . . .	Text   	 outstrln
OUTSTR . . . . . . . . . . . . .	Text   	 outstr
OUTTIMELN  . . . . . . . . . . .	Text   	 outtimeln
OUTTIME  . . . . . . . . . . . .	Text   	 outtime
OUTU . . . . . . . . . . . . . .	Text   	 outword
OUTWORDLN  . . . . . . . . . . .	Text   	 outwordln
OUTWORD  . . . . . . . . . . . .	Text   	 outword
OutCharLn  . . . . . . . . . . .	Text   	 outcharln
OutCharln  . . . . . . . . . . .	Text   	 outcharln
OutChar  . . . . . . . . . . . .	Text   	 outchar
OutDateLn  . . . . . . . . . . .	Text   	 outdateln
OutDateln  . . . . . . . . . . .	Text   	 outdateln
OutDate  . . . . . . . . . . . .	Text   	 outdate
OutILn . . . . . . . . . . . . .	Text   	 outintln
OutIln . . . . . . . . . . . . .	Text   	 outintln
OutIntLn . . . . . . . . . . . .	Text   	 outintln
OutInt . . . . . . . . . . . . .	Text   	 outint
OutI . . . . . . . . . . . . . .	Text   	 outint
OutNumLn . . . . . . . . . . . .	Text   	 outnumln
OutNumln . . . . . . . . . . . .	Text   	 outnumln
OutNum . . . . . . . . . . . . .	Text   	 outnum
OutStrLn . . . . . . . . . . . .	Text   	 outstrln
OutStr . . . . . . . . . . . . .	Text   	 outstr
OutTimeLn  . . . . . . . . . . .	Text   	 outtimeln
OutTimeln  . . . . . . . . . . .	Text   	 outtimeln
OutTime  . . . . . . . . . . . .	Text   	 outtime
OutULn . . . . . . . . . . . . .	Text   	 outwordln
OutUln . . . . . . . . . . . . .	Text   	 outwordln
OutUnsignedLn  . . . . . . . . .	Text   	 outwordln
OutUnsignedln  . . . . . . . . .	Text   	 outwordln
OutUnsigned  . . . . . . . . . .	Text   	 outword
OutU . . . . . . . . . . . . . .	Text   	 outword
OutWordLn  . . . . . . . . . . .	Text   	 outwordln
OutWord  . . . . . . . . . . . .	Text   	 outword
OutintLn . . . . . . . . . . . .	Text   	 outintln
Outintln . . . . . . . . . . . .	Text   	 outintln
Outint . . . . . . . . . . . . .	Text   	 outint
OutstrLn . . . . . . . . . . . .	Text   	 outstrln
OutwordLn  . . . . . . . . . . .	Text   	 outwordln
Outword  . . . . . . . . . . . .	Text   	 outword
PAGE_EXECUTE_READWRITE . . . . .	Number	 00000040h   
PAGE_EXECUTE_READ  . . . . . . .	Number	 00000020h   
PAGE_EXECUTE_WRITECOPY . . . . .	Number	 00000080h   
PAGE_EXECUTE . . . . . . . . . .	Number	 00000010h   
PAGE_NOACCESS  . . . . . . . . .	Number	 00000001h   
PAGE_READONLY  . . . . . . . . .	Number	 00000002h   
PAGE_READWRITE . . . . . . . . .	Number	 00000004h   
PAGE_WRITECOPY . . . . . . . . .	Number	 00000008h   
PAUSE  . . . . . . . . . . . . .	Text   	 pause
Pause  . . . . . . . . . . . . .	Text   	 pause
READKEY  . . . . . . . . . . . .	Text   	 readkey
ReadKey  . . . . . . . . . . . .	Text   	 readkey
Red  . . . . . . . . . . . . . .	Number	 00000004h   
STD_ERROR_HANDLE . . . . . . . .	Number	 -0000000Ch   
STD_INPUT_HANDLE . . . . . . . .	Number	 -0000000Ah   
STD_OUTPUT_HANDLE  . . . . . . .	Number	 -0000000Bh   
SetConsoleTitle  . . . . . . . .	Text   	 SetConsoleTitleA
Start  . . . . . . . . . . . . .	L Near	 00000479 _TEXT	Public STDCALL
TRUNCATE_EXISTING  . . . . . . .	Number	 00000005h   
T  . . . . . . . . . . . . . . .	Byte	 00000019 _DATA	
URLDownloadToFile  . . . . . . .	Text   	 URLDownloadToFileA
White  . . . . . . . . . . . . .	Number	 0000000Fh   
Yellow . . . . . . . . . . . . .	Number	 0000000Eh   
Y  . . . . . . . . . . . . . . .	DWord	 00000046 _DATA	
_imp___exit  . . . . . . . . . .	DWord	 00000000 FLAT	External STDCALL
_imp__printf . . . . . . . . . .	DWord	 00000000 FLAT	External STDCALL
_imp__sprintf  . . . . . . . . .	DWord	 00000000 FLAT	External STDCALL
black  . . . . . . . . . . . . .	Number	 00000000h   
blue . . . . . . . . . . . . . .	Number	 00000001h   
bright . . . . . . . . . . . . .	Number	 00000008h   
brown  . . . . . . . . . . . . .	Number	 00000006h   
clrscr . . . . . . . . . . . . .	Text   	 ClrScr
crt__exit  . . . . . . . . . . .	Text   	 _imp___exit
crt_printf . . . . . . . . . . .	Text   	 _imp__printf
crt_sprintf  . . . . . . . . . .	Text   	 _imp__sprintf
cyan . . . . . . . . . . . . . .	Number	 00000003h   
darkgray . . . . . . . . . . . .	Number	 00000008h   
dos  . . . . . . . . . . . . . .	Text   	 DOS
downloadfile . . . . . . . . . .	Text   	 DownloadFile
gotoxy . . . . . . . . . . . . .	Text   	 gotoXY
green  . . . . . . . . . . . . .	Number	 00000002h   
heapblocksize  . . . . . . . . .	Text   	 HeapBlockSize
inint_proc@0 . . . . . . . . . .	L Near	 00000000 FLAT	External STDCALL
inputstr . . . . . . . . . . . .	Text   	 InputStr
lightblue  . . . . . . . . . . .	Number	 00000009h   
lightgray  . . . . . . . . . . .	Number	 00000007h   
lightgreen . . . . . . . . . . .	Number	 0000000Ah   
lightmagenta . . . . . . . . . .	Number	 0000000Dh   
lightred . . . . . . . . . . . .	Number	 0000000Ch   
magenta  . . . . . . . . . . . .	Number	 00000005h   
msgbox . . . . . . . . . . . . .	Text   	 MsgBox
nil  . . . . . . . . . . . . . .	DWord 	 00000000h   
outch  . . . . . . . . . . . . .	Text   	 outchar
outintLn . . . . . . . . . . . .	Text   	 outintln
outi . . . . . . . . . . . . . .	Text   	 outint
outu . . . . . . . . . . . . . .	Text   	 outword
outwordLn  . . . . . . . . . . .	Text   	 outwordln
randomize  . . . . . . . . . . .	Text   	 Randomize
red  . . . . . . . . . . . . . .	Number	 00000004h   
settextattr  . . . . . . . . . .	Text   	 SetTextAttr
whereX . . . . . . . . . . . . .	Text   	 WhereX
whereY . . . . . . . . . . . . .	Text   	 WhereY
wherex . . . . . . . . . . . . .	Text   	 WhereX
wherey . . . . . . . . . . . . .	Text   	 WhereY
white  . . . . . . . . . . . . .	Number	 0000000Fh   
yellow . . . . . . . . . . . . .	Number	 0000000Eh   

	   0 Warnings
	   0 Errors
